INFO: [SIM 2] *************** CSIM start ***************
INFO: [SIM 4] CSIM will launch GCC as the compiler.
   Compiling ../../../Test/AESfunctions.cpp in debug mode
   Compiling ../../../Test/test_AES_full.cpp in debug mode
   Compiling ../../../DIseno/AES_accel.cpp in debug mode
   Generating csim.exe
**************************************
			TEST 0
Cipher key columns chosen: 4
Rounds chosen to manipulate text: 10
**************************************

ciphertext SW reference -> 241 203 57 176 35 128 18 30 130 136 64 209 185 189 238 135 

decrypted_plaintext SW reference -> = 1 2 3 4 5 6 7 8 9 A B C D E F 0 

ciphertext HW acceletared -> 67 110 6 127 30 162 74 101 163 120 188 139 176 29 48 183 

**************************************
			TEST 1
Cipher key columns chosen: 4
Rounds chosen to manipulate text: 10
**************************************

ciphertext SW reference -> 241 203 57 176 35 128 18 30 130 136 64 209 185 189 238 135 

decrypted_plaintext SW reference -> = 1 2 3 4 5 6 7 8 9 A B C D E F 0 

ciphertext HW acceletared -> 67 110 6 127 30 162 74 101 163 120 188 139 176 29 48 183 

**************************************
			TEST 2
Cipher key columns chosen: 4
Rounds chosen to manipulate text: 10
**************************************

ciphertext SW reference -> 241 203 57 176 35 128 18 30 130 136 64 209 185 189 238 135 

decrypted_plaintext SW reference -> = 1 2 3 4 5 6 7 8 9 A B C D E F 0 

ciphertext HW acceletared -> 67 110 6 127 30 162 74 101 163 120 188 139 176 29 48 183 

**************************************
			TEST 3
Cipher key columns chosen: 4
Rounds chosen to manipulate text: 10
**************************************

ciphertext SW reference -> 241 203 57 176 35 128 18 30 130 136 64 209 185 189 238 135 

decrypted_plaintext SW reference -> = 1 2 3 4 5 6 7 8 9 A B C D E F 0 

ciphertext HW acceletared -> 67 110 6 127 30 162 74 101 163 120 188 139 176 29 48 183 

**************************************
			TEST 4
Cipher key columns chosen: 4
Rounds chosen to manipulate text: 10
**************************************

ciphertext SW reference -> 241 203 57 176 35 128 18 30 130 136 64 209 185 189 238 135 

decrypted_plaintext SW reference -> = 1 2 3 4 5 6 7 8 9 A B C D E F 0 

ciphertext HW acceletared -> 67 110 6 127 30 162 74 101 163 120 188 139 176 29 48 183 

**************************************
			TEST 5
Cipher key columns chosen: 4
Rounds chosen to manipulate text: 10
**************************************

ciphertext SW reference -> 241 203 57 176 35 128 18 30 130 136 64 209 185 189 238 135 

decrypted_plaintext SW reference -> = 1 2 3 4 5 6 7 8 9 A B C D E F 0 

ciphertext HW acceletared -> 67 110 6 127 30 162 74 101 163 120 188 139 176 29 48 183 

**************************************
			TEST 6
Cipher key columns chosen: 4
Rounds chosen to manipulate text: 10
**************************************

ciphertext SW reference -> 241 203 57 176 35 128 18 30 130 136 64 209 185 189 238 135 

decrypted_plaintext SW reference -> = 1 2 3 4 5 6 7 8 9 A B C D E F 0 

ciphertext HW acceletared -> 67 110 6 127 30 162 74 101 163 120 188 139 176 29 48 183 

**************************************
			TEST 7
Cipher key columns chosen: 4
Rounds chosen to manipulate text: 10
**************************************

ciphertext SW reference -> 241 203 57 176 35 128 18 30 130 136 64 209 185 189 238 135 

decrypted_plaintext SW reference -> = 1 2 3 4 5 6 7 8 9 A B C D E F 0 

ciphertext HW acceletared -> 67 110 6 127 30 162 74 101 163 120 188 139 176 29 48 183 

**************************************
			TEST 8
Cipher key columns chosen: 4
Rounds chosen to manipulate text: 10
**************************************

ciphertext SW reference -> 241 203 57 176 35 128 18 30 130 136 64 209 185 189 238 135 

decrypted_plaintext SW reference -> = 1 2 3 4 5 6 7 8 9 A B C D E F 0 

ciphertext HW acceletared -> 67 110 6 127 30 162 74 101 163 120 188 139 176 29 48 183 

**************************************
			TEST 9
Cipher key columns chosen: 4
Rounds chosen to manipulate text: 10
**************************************

ciphertext SW reference -> 241 203 57 176 35 128 18 30 130 136 64 209 185 189 238 135 

decrypted_plaintext SW reference -> = 1 2 3 4 5 6 7 8 9 A B C D E F 0 

ciphertext HW acceletared -> 67 110 6 127 30 162 74 101 163 120 188 139 176 29 48 183 

INFO [HLS SIM]: The maximum depth reached by any hls::stream() instance in the design is 4
INFO: [SIM 1] CSim done with 0 errors.
INFO: [SIM 3] *************** CSIM finish ***************
