

================================================================
== Vitis HLS Report for 'SubBytes'
================================================================
* Date:           Sun Feb 23 16:10:28 2025

* Version:        2023.2 (Build 4023990 on Oct 11 2023)
* Project:        AES_AntonioMateo
* Solution:       solution1 (Vivado IP Flow Target)
* Product family: zynquplus
* Target device:  xczu3eg-sbva484-1-i


================================================================
== Performance Estimates
================================================================
+ Timing: 
    * Summary: 
    +--------+----------+----------+------------+
    |  Clock |  Target  | Estimated| Uncertainty|
    +--------+----------+----------+------------+
    |ap_clk  |  10.00 ns|  1.352 ns|     2.70 ns|
    +--------+----------+----------+------------+

+ Latency: 
    * Summary: 
    +---------+---------+-----------+-----------+-----+-----+---------+
    |  Latency (cycles) |   Latency (absolute)  |  Interval | Pipeline|
    |   min   |   max   |    min    |    max    | min | max |   Type  |
    +---------+---------+-----------+-----------+-----+-----+---------+
    |        2|        2|  20.000 ns|  20.000 ns|    2|    2|      yes|
    +---------+---------+-----------+-----------+-----+-----+---------+

    + Detail: 
        * Instance: 
        N/A

        * Loop: 
        N/A



================================================================
== Utilization Estimates
================================================================
* Summary: 
+-----------------+---------+-----+--------+-------+-----+
|       Name      | BRAM_18K| DSP |   FF   |  LUT  | URAM|
+-----------------+---------+-----+--------+-------+-----+
|DSP              |        -|    -|       -|      -|    -|
|Expression       |        -|    -|       0|      2|    -|
|FIFO             |        -|    -|       -|      -|    -|
|Instance         |        -|    -|       -|      -|    -|
|Memory           |        -|    -|       -|      -|    -|
|Multiplexer      |        -|    -|       -|    144|    -|
|Register         |        -|    -|     132|      -|    -|
+-----------------+---------+-----+--------+-------+-----+
|Total            |        0|    0|     132|    146|    0|
+-----------------+---------+-----+--------+-------+-----+
|Available        |      432|  360|  141120|  70560|    0|
+-----------------+---------+-----+--------+-------+-----+
|Utilization (%)  |        0|    0|      ~0|     ~0|    0|
+-----------------+---------+-----+--------+-------+-----+

+ Detail: 
    * Instance: 
    N/A

    * DSP: 
    N/A

    * Memory: 
    N/A

    * FIFO: 
    N/A

    * Expression: 
    +---------------+----------+----+---+----+------------+------------+
    | Variable Name | Operation| DSP| FF| LUT| Bitwidth P0| Bitwidth P1|
    +---------------+----------+----+---+----+------------+------------+
    |ap_enable_pp0  |       xor|   0|  0|   2|           1|           2|
    +---------------+----------+----+---+----+------------+------------+
    |Total          |          |   0|  0|   2|           1|           2|
    +---------------+----------+----+---+----+------------+------------+

    * Multiplexer: 
    +-------------------------+----+-----------+-----+-----------+
    |           Name          | LUT| Input Size| Bits| Total Bits|
    +-------------------------+----+-----------+-----+-----------+
    |ap_NS_fsm                |  14|          3|    1|          3|
    |ap_enable_reg_pp0_iter0  |   9|          2|    1|          2|
    |ap_enable_reg_pp0_iter1  |   9|          2|    1|          2|
    |s_box_address0           |  14|          3|    8|         24|
    |s_box_address1           |  14|          3|    8|         24|
    |s_box_address2           |  14|          3|    8|         24|
    |s_box_address3           |  14|          3|    8|         24|
    |s_box_address4           |  14|          3|    8|         24|
    |s_box_address5           |  14|          3|    8|         24|
    |s_box_address6           |  14|          3|    8|         24|
    |s_box_address7           |  14|          3|    8|         24|
    +-------------------------+----+-----------+-----+-----------+
    |Total                    | 144|         31|   67|        199|
    +-------------------------+----+-----------+-----+-----------+

    * Register: 
    +-----------------------------+---+----+-----+-----------+
    |             Name            | FF| LUT| Bits| Const Bits|
    +-----------------------------+---+----+-----+-----------+
    |ap_CS_fsm                    |  2|   0|    2|          0|
    |ap_enable_reg_pp0_iter0_reg  |  1|   0|    1|          0|
    |ap_enable_reg_pp0_iter1      |  1|   0|    1|          0|
    |ap_port_reg_data_10_read     |  8|   0|    8|          0|
    |ap_port_reg_data_11_read     |  8|   0|    8|          0|
    |ap_port_reg_data_1213_read   |  8|   0|    8|          0|
    |ap_port_reg_data_13_read     |  8|   0|    8|          0|
    |ap_port_reg_data_14_read     |  8|   0|    8|          0|
    |ap_port_reg_data_15_read     |  8|   0|    8|          0|
    |ap_port_reg_data_8_read      |  8|   0|    8|          0|
    |ap_port_reg_data_9_read      |  8|   0|    8|          0|
    |s_box_load_1_reg_510         |  8|   0|    8|          0|
    |s_box_load_2_reg_515         |  8|   0|    8|          0|
    |s_box_load_3_reg_520         |  8|   0|    8|          0|
    |s_box_load_4_reg_525         |  8|   0|    8|          0|
    |s_box_load_5_reg_530         |  8|   0|    8|          0|
    |s_box_load_6_reg_535         |  8|   0|    8|          0|
    |s_box_load_7_reg_540         |  8|   0|    8|          0|
    |s_box_load_reg_505           |  8|   0|    8|          0|
    +-----------------------------+---+----+-----+-----------+
    |Total                        |132|   0|  132|          0|
    +-----------------------------+---+----+-----+-----------+



================================================================
== Interface
================================================================
* Summary: 
+----------------+-----+-----+------------+----------------+--------------+
|    RTL Ports   | Dir | Bits|  Protocol  |  Source Object |    C Type    |
+----------------+-----+-----+------------+----------------+--------------+
|ap_clk          |   in|    1|  ap_ctrl_hs|        SubBytes|  return value|
|ap_rst          |   in|    1|  ap_ctrl_hs|        SubBytes|  return value|
|ap_start        |   in|    1|  ap_ctrl_hs|        SubBytes|  return value|
|ap_done         |  out|    1|  ap_ctrl_hs|        SubBytes|  return value|
|ap_idle         |  out|    1|  ap_ctrl_hs|        SubBytes|  return value|
|ap_ready        |  out|    1|  ap_ctrl_hs|        SubBytes|  return value|
|ap_ce           |   in|    1|  ap_ctrl_hs|        SubBytes|  return value|
|ap_return_0     |  out|    8|  ap_ctrl_hs|        SubBytes|  return value|
|ap_return_1     |  out|    8|  ap_ctrl_hs|        SubBytes|  return value|
|ap_return_2     |  out|    8|  ap_ctrl_hs|        SubBytes|  return value|
|ap_return_3     |  out|    8|  ap_ctrl_hs|        SubBytes|  return value|
|ap_return_4     |  out|    8|  ap_ctrl_hs|        SubBytes|  return value|
|ap_return_5     |  out|    8|  ap_ctrl_hs|        SubBytes|  return value|
|ap_return_6     |  out|    8|  ap_ctrl_hs|        SubBytes|  return value|
|ap_return_7     |  out|    8|  ap_ctrl_hs|        SubBytes|  return value|
|ap_return_8     |  out|    8|  ap_ctrl_hs|        SubBytes|  return value|
|ap_return_9     |  out|    8|  ap_ctrl_hs|        SubBytes|  return value|
|ap_return_10    |  out|    8|  ap_ctrl_hs|        SubBytes|  return value|
|ap_return_11    |  out|    8|  ap_ctrl_hs|        SubBytes|  return value|
|ap_return_12    |  out|    8|  ap_ctrl_hs|        SubBytes|  return value|
|ap_return_13    |  out|    8|  ap_ctrl_hs|        SubBytes|  return value|
|ap_return_14    |  out|    8|  ap_ctrl_hs|        SubBytes|  return value|
|ap_return_15    |  out|    8|  ap_ctrl_hs|        SubBytes|  return value|
|data_0_read     |   in|    8|     ap_none|     data_0_read|        scalar|
|data_1_read     |   in|    8|     ap_none|     data_1_read|        scalar|
|data_2_read     |   in|    8|     ap_none|     data_2_read|        scalar|
|data_3_read     |   in|    8|     ap_none|     data_3_read|        scalar|
|data_4_read     |   in|    8|     ap_none|     data_4_read|        scalar|
|data_5_read     |   in|    8|     ap_none|     data_5_read|        scalar|
|data_6_read     |   in|    8|     ap_none|     data_6_read|        scalar|
|data_7_read     |   in|    8|     ap_none|     data_7_read|        scalar|
|data_8_read     |   in|    8|     ap_none|     data_8_read|        scalar|
|data_9_read     |   in|    8|     ap_none|     data_9_read|        scalar|
|data_10_read    |   in|    8|     ap_none|    data_10_read|        scalar|
|data_11_read    |   in|    8|     ap_none|    data_11_read|        scalar|
|data_1213_read  |   in|    8|     ap_none|  data_1213_read|        scalar|
|data_13_read    |   in|    8|     ap_none|    data_13_read|        scalar|
|data_14_read    |   in|    8|     ap_none|    data_14_read|        scalar|
|data_15_read    |   in|    8|     ap_none|    data_15_read|        scalar|
|s_box_address0  |  out|    8|   ap_memory|           s_box|         array|
|s_box_ce0       |  out|    1|   ap_memory|           s_box|         array|
|s_box_q0        |   in|    8|   ap_memory|           s_box|         array|
|s_box_address1  |  out|    8|   ap_memory|           s_box|         array|
|s_box_ce1       |  out|    1|   ap_memory|           s_box|         array|
|s_box_q1        |   in|    8|   ap_memory|           s_box|         array|
|s_box_address2  |  out|    8|   ap_memory|           s_box|         array|
|s_box_ce2       |  out|    1|   ap_memory|           s_box|         array|
|s_box_q2        |   in|    8|   ap_memory|           s_box|         array|
|s_box_address3  |  out|    8|   ap_memory|           s_box|         array|
|s_box_ce3       |  out|    1|   ap_memory|           s_box|         array|
|s_box_q3        |   in|    8|   ap_memory|           s_box|         array|
|s_box_address4  |  out|    8|   ap_memory|           s_box|         array|
|s_box_ce4       |  out|    1|   ap_memory|           s_box|         array|
|s_box_q4        |   in|    8|   ap_memory|           s_box|         array|
|s_box_address5  |  out|    8|   ap_memory|           s_box|         array|
|s_box_ce5       |  out|    1|   ap_memory|           s_box|         array|
|s_box_q5        |   in|    8|   ap_memory|           s_box|         array|
|s_box_address6  |  out|    8|   ap_memory|           s_box|         array|
|s_box_ce6       |  out|    1|   ap_memory|           s_box|         array|
|s_box_q6        |   in|    8|   ap_memory|           s_box|         array|
|s_box_address7  |  out|    8|   ap_memory|           s_box|         array|
|s_box_ce7       |  out|    1|   ap_memory|           s_box|         array|
|s_box_q7        |   in|    8|   ap_memory|           s_box|         array|
+----------------+-----+-----+------------+----------------+--------------+

============================================================
+ Verbose Summary: Synthesis Manager
============================================================
InlineROM: 1
ExposeGlobal: 0
============================================================
+ Verbose Summary: CDFG Model
============================================================
IsTopModel: 0
ResetActiveHigh: 1
IsCombinational: 2
IsDatapathOnly: 2
HasWiredReturn: 1
HasMFsm: 2
HasVarLatency: 0
IsPipeline: 1
IsRtlPipelined: 1
IsInstanceOverlapped: 0
IsDontTouch: 0
HasImplIP: 0
IsGatedGlobalClock: 0

+ Individual pipeline summary: 
  * Pipeline-0: initiation interval (II) = 2, depth = 3


============================================================
+ Verbose Summary: Schedule
============================================================
* Number of FSM states : 3
* Pipeline : 1
  Pipeline-0 : II = 2, D = 3, States = { 1 2 3 }
* Dataflow Pipeline: 0

* FSM state transitions: 
1 --> 2 
2 --> 3 
3 --> 

* FSM state operations: 

State 1 <SV = 0> <Delay = 1.35>
ST_1 : Operation 4 [1/1] (0.00ns)   --->   "%data_7_read_1 = read i8 @_ssdm_op_Read.ap_auto.i8, i8 %data_7_read" [AES_AntonioMateo/DIseno/AES_accel.cpp:119]   --->   Operation 4 'read' 'data_7_read_1' <Predicate = true> <Delay = 0.00>
ST_1 : Operation 5 [1/1] (0.00ns)   --->   "%data_6_read_1 = read i8 @_ssdm_op_Read.ap_auto.i8, i8 %data_6_read" [AES_AntonioMateo/DIseno/AES_accel.cpp:119]   --->   Operation 5 'read' 'data_6_read_1' <Predicate = true> <Delay = 0.00>
ST_1 : Operation 6 [1/1] (0.00ns)   --->   "%data_5_read_1 = read i8 @_ssdm_op_Read.ap_auto.i8, i8 %data_5_read" [AES_AntonioMateo/DIseno/AES_accel.cpp:119]   --->   Operation 6 'read' 'data_5_read_1' <Predicate = true> <Delay = 0.00>
ST_1 : Operation 7 [1/1] (0.00ns)   --->   "%data_4_read_1 = read i8 @_ssdm_op_Read.ap_auto.i8, i8 %data_4_read" [AES_AntonioMateo/DIseno/AES_accel.cpp:119]   --->   Operation 7 'read' 'data_4_read_1' <Predicate = true> <Delay = 0.00>
ST_1 : Operation 8 [1/1] (0.00ns)   --->   "%data_3_read_1 = read i8 @_ssdm_op_Read.ap_auto.i8, i8 %data_3_read" [AES_AntonioMateo/DIseno/AES_accel.cpp:119]   --->   Operation 8 'read' 'data_3_read_1' <Predicate = true> <Delay = 0.00>
ST_1 : Operation 9 [1/1] (0.00ns)   --->   "%data_2_read_1 = read i8 @_ssdm_op_Read.ap_auto.i8, i8 %data_2_read" [AES_AntonioMateo/DIseno/AES_accel.cpp:119]   --->   Operation 9 'read' 'data_2_read_1' <Predicate = true> <Delay = 0.00>
ST_1 : Operation 10 [1/1] (0.00ns)   --->   "%data_1_read_1 = read i8 @_ssdm_op_Read.ap_auto.i8, i8 %data_1_read" [AES_AntonioMateo/DIseno/AES_accel.cpp:119]   --->   Operation 10 'read' 'data_1_read_1' <Predicate = true> <Delay = 0.00>
ST_1 : Operation 11 [1/1] (0.00ns)   --->   "%data_0_read_1 = read i8 @_ssdm_op_Read.ap_auto.i8, i8 %data_0_read" [AES_AntonioMateo/DIseno/AES_accel.cpp:119]   --->   Operation 11 'read' 'data_0_read_1' <Predicate = true> <Delay = 0.00>
ST_1 : Operation 12 [1/1] (0.00ns)   --->   "%zext_ln119 = zext i8 %data_0_read_1" [AES_AntonioMateo/DIseno/AES_accel.cpp:119]   --->   Operation 12 'zext' 'zext_ln119' <Predicate = true> <Delay = 0.00>
ST_1 : Operation 13 [1/1] (0.00ns)   --->   "%s_box_addr = getelementptr i8 %s_box, i64 0, i64 %zext_ln119" [AES_AntonioMateo/DIseno/AES_accel.cpp:119]   --->   Operation 13 'getelementptr' 's_box_addr' <Predicate = true> <Delay = 0.00>
ST_1 : Operation 14 [2/2] (1.35ns)   --->   "%s_box_load = load i8 %s_box_addr" [AES_AntonioMateo/DIseno/AES_accel.cpp:119]   --->   Operation 14 'load' 's_box_load' <Predicate = true> <Delay = 1.35> <CoreInst = "ROM">   --->   Core 101 'ROM' <Latency = 1> <II = 1> <Delay = 1.35> <Storage> <Opcode : 'load'> <Ports = 0> <Width = 8> <Depth = 256> <ROM>
ST_1 : Operation 15 [1/1] (0.00ns)   --->   "%zext_ln119_1 = zext i8 %data_1_read_1" [AES_AntonioMateo/DIseno/AES_accel.cpp:119]   --->   Operation 15 'zext' 'zext_ln119_1' <Predicate = true> <Delay = 0.00>
ST_1 : Operation 16 [1/1] (0.00ns)   --->   "%s_box_addr_1 = getelementptr i8 %s_box, i64 0, i64 %zext_ln119_1" [AES_AntonioMateo/DIseno/AES_accel.cpp:119]   --->   Operation 16 'getelementptr' 's_box_addr_1' <Predicate = true> <Delay = 0.00>
ST_1 : Operation 17 [2/2] (1.35ns)   --->   "%s_box_load_1 = load i8 %s_box_addr_1" [AES_AntonioMateo/DIseno/AES_accel.cpp:119]   --->   Operation 17 'load' 's_box_load_1' <Predicate = true> <Delay = 1.35> <CoreInst = "ROM">   --->   Core 101 'ROM' <Latency = 1> <II = 1> <Delay = 1.35> <Storage> <Opcode : 'load'> <Ports = 0> <Width = 8> <Depth = 256> <ROM>
ST_1 : Operation 18 [1/1] (0.00ns)   --->   "%zext_ln119_2 = zext i8 %data_2_read_1" [AES_AntonioMateo/DIseno/AES_accel.cpp:119]   --->   Operation 18 'zext' 'zext_ln119_2' <Predicate = true> <Delay = 0.00>
ST_1 : Operation 19 [1/1] (0.00ns)   --->   "%s_box_addr_2 = getelementptr i8 %s_box, i64 0, i64 %zext_ln119_2" [AES_AntonioMateo/DIseno/AES_accel.cpp:119]   --->   Operation 19 'getelementptr' 's_box_addr_2' <Predicate = true> <Delay = 0.00>
ST_1 : Operation 20 [2/2] (1.35ns)   --->   "%s_box_load_2 = load i8 %s_box_addr_2" [AES_AntonioMateo/DIseno/AES_accel.cpp:119]   --->   Operation 20 'load' 's_box_load_2' <Predicate = true> <Delay = 1.35> <CoreInst = "ROM">   --->   Core 101 'ROM' <Latency = 1> <II = 1> <Delay = 1.35> <Storage> <Opcode : 'load'> <Ports = 0> <Width = 8> <Depth = 256> <ROM>
ST_1 : Operation 21 [1/1] (0.00ns)   --->   "%zext_ln119_3 = zext i8 %data_3_read_1" [AES_AntonioMateo/DIseno/AES_accel.cpp:119]   --->   Operation 21 'zext' 'zext_ln119_3' <Predicate = true> <Delay = 0.00>
ST_1 : Operation 22 [1/1] (0.00ns)   --->   "%s_box_addr_3 = getelementptr i8 %s_box, i64 0, i64 %zext_ln119_3" [AES_AntonioMateo/DIseno/AES_accel.cpp:119]   --->   Operation 22 'getelementptr' 's_box_addr_3' <Predicate = true> <Delay = 0.00>
ST_1 : Operation 23 [2/2] (1.35ns)   --->   "%s_box_load_3 = load i8 %s_box_addr_3" [AES_AntonioMateo/DIseno/AES_accel.cpp:119]   --->   Operation 23 'load' 's_box_load_3' <Predicate = true> <Delay = 1.35> <CoreInst = "ROM">   --->   Core 101 'ROM' <Latency = 1> <II = 1> <Delay = 1.35> <Storage> <Opcode : 'load'> <Ports = 0> <Width = 8> <Depth = 256> <ROM>
ST_1 : Operation 24 [1/1] (0.00ns)   --->   "%zext_ln119_4 = zext i8 %data_4_read_1" [AES_AntonioMateo/DIseno/AES_accel.cpp:119]   --->   Operation 24 'zext' 'zext_ln119_4' <Predicate = true> <Delay = 0.00>
ST_1 : Operation 25 [1/1] (0.00ns)   --->   "%s_box_addr_4 = getelementptr i8 %s_box, i64 0, i64 %zext_ln119_4" [AES_AntonioMateo/DIseno/AES_accel.cpp:119]   --->   Operation 25 'getelementptr' 's_box_addr_4' <Predicate = true> <Delay = 0.00>
ST_1 : Operation 26 [2/2] (1.35ns)   --->   "%s_box_load_4 = load i8 %s_box_addr_4" [AES_AntonioMateo/DIseno/AES_accel.cpp:119]   --->   Operation 26 'load' 's_box_load_4' <Predicate = true> <Delay = 1.35> <CoreInst = "ROM">   --->   Core 101 'ROM' <Latency = 1> <II = 1> <Delay = 1.35> <Storage> <Opcode : 'load'> <Ports = 0> <Width = 8> <Depth = 256> <ROM>
ST_1 : Operation 27 [1/1] (0.00ns)   --->   "%zext_ln119_5 = zext i8 %data_5_read_1" [AES_AntonioMateo/DIseno/AES_accel.cpp:119]   --->   Operation 27 'zext' 'zext_ln119_5' <Predicate = true> <Delay = 0.00>
ST_1 : Operation 28 [1/1] (0.00ns)   --->   "%s_box_addr_5 = getelementptr i8 %s_box, i64 0, i64 %zext_ln119_5" [AES_AntonioMateo/DIseno/AES_accel.cpp:119]   --->   Operation 28 'getelementptr' 's_box_addr_5' <Predicate = true> <Delay = 0.00>
ST_1 : Operation 29 [2/2] (1.35ns)   --->   "%s_box_load_5 = load i8 %s_box_addr_5" [AES_AntonioMateo/DIseno/AES_accel.cpp:119]   --->   Operation 29 'load' 's_box_load_5' <Predicate = true> <Delay = 1.35> <CoreInst = "ROM">   --->   Core 101 'ROM' <Latency = 1> <II = 1> <Delay = 1.35> <Storage> <Opcode : 'load'> <Ports = 0> <Width = 8> <Depth = 256> <ROM>
ST_1 : Operation 30 [1/1] (0.00ns)   --->   "%zext_ln119_6 = zext i8 %data_6_read_1" [AES_AntonioMateo/DIseno/AES_accel.cpp:119]   --->   Operation 30 'zext' 'zext_ln119_6' <Predicate = true> <Delay = 0.00>
ST_1 : Operation 31 [1/1] (0.00ns)   --->   "%s_box_addr_6 = getelementptr i8 %s_box, i64 0, i64 %zext_ln119_6" [AES_AntonioMateo/DIseno/AES_accel.cpp:119]   --->   Operation 31 'getelementptr' 's_box_addr_6' <Predicate = true> <Delay = 0.00>
ST_1 : Operation 32 [2/2] (1.35ns)   --->   "%s_box_load_6 = load i8 %s_box_addr_6" [AES_AntonioMateo/DIseno/AES_accel.cpp:119]   --->   Operation 32 'load' 's_box_load_6' <Predicate = true> <Delay = 1.35> <CoreInst = "ROM">   --->   Core 101 'ROM' <Latency = 1> <II = 1> <Delay = 1.35> <Storage> <Opcode : 'load'> <Ports = 0> <Width = 8> <Depth = 256> <ROM>
ST_1 : Operation 33 [1/1] (0.00ns)   --->   "%zext_ln119_7 = zext i8 %data_7_read_1" [AES_AntonioMateo/DIseno/AES_accel.cpp:119]   --->   Operation 33 'zext' 'zext_ln119_7' <Predicate = true> <Delay = 0.00>
ST_1 : Operation 34 [1/1] (0.00ns)   --->   "%s_box_addr_7 = getelementptr i8 %s_box, i64 0, i64 %zext_ln119_7" [AES_AntonioMateo/DIseno/AES_accel.cpp:119]   --->   Operation 34 'getelementptr' 's_box_addr_7' <Predicate = true> <Delay = 0.00>
ST_1 : Operation 35 [2/2] (1.35ns)   --->   "%s_box_load_7 = load i8 %s_box_addr_7" [AES_AntonioMateo/DIseno/AES_accel.cpp:119]   --->   Operation 35 'load' 's_box_load_7' <Predicate = true> <Delay = 1.35> <CoreInst = "ROM">   --->   Core 101 'ROM' <Latency = 1> <II = 1> <Delay = 1.35> <Storage> <Opcode : 'load'> <Ports = 0> <Width = 8> <Depth = 256> <ROM>

State 2 <SV = 1> <Delay = 1.35>
ST_2 : Operation 36 [1/1] (0.00ns)   --->   "%data_15_read_1 = read i8 @_ssdm_op_Read.ap_auto.i8, i8 %data_15_read" [AES_AntonioMateo/DIseno/AES_accel.cpp:119]   --->   Operation 36 'read' 'data_15_read_1' <Predicate = true> <Delay = 0.00>
ST_2 : Operation 37 [1/1] (0.00ns)   --->   "%data_14_read_1 = read i8 @_ssdm_op_Read.ap_auto.i8, i8 %data_14_read" [AES_AntonioMateo/DIseno/AES_accel.cpp:119]   --->   Operation 37 'read' 'data_14_read_1' <Predicate = true> <Delay = 0.00>
ST_2 : Operation 38 [1/1] (0.00ns)   --->   "%data_13_read_1 = read i8 @_ssdm_op_Read.ap_auto.i8, i8 %data_13_read" [AES_AntonioMateo/DIseno/AES_accel.cpp:119]   --->   Operation 38 'read' 'data_13_read_1' <Predicate = true> <Delay = 0.00>
ST_2 : Operation 39 [1/1] (0.00ns)   --->   "%data_1213_read_1 = read i8 @_ssdm_op_Read.ap_auto.i8, i8 %data_1213_read" [AES_AntonioMateo/DIseno/AES_accel.cpp:119]   --->   Operation 39 'read' 'data_1213_read_1' <Predicate = true> <Delay = 0.00>
ST_2 : Operation 40 [1/1] (0.00ns)   --->   "%data_11_read_1 = read i8 @_ssdm_op_Read.ap_auto.i8, i8 %data_11_read" [AES_AntonioMateo/DIseno/AES_accel.cpp:119]   --->   Operation 40 'read' 'data_11_read_1' <Predicate = true> <Delay = 0.00>
ST_2 : Operation 41 [1/1] (0.00ns)   --->   "%data_10_read_1 = read i8 @_ssdm_op_Read.ap_auto.i8, i8 %data_10_read" [AES_AntonioMateo/DIseno/AES_accel.cpp:119]   --->   Operation 41 'read' 'data_10_read_1' <Predicate = true> <Delay = 0.00>
ST_2 : Operation 42 [1/1] (0.00ns)   --->   "%data_9_read_1 = read i8 @_ssdm_op_Read.ap_auto.i8, i8 %data_9_read" [AES_AntonioMateo/DIseno/AES_accel.cpp:119]   --->   Operation 42 'read' 'data_9_read_1' <Predicate = true> <Delay = 0.00>
ST_2 : Operation 43 [1/1] (0.00ns)   --->   "%data_8_read_1 = read i8 @_ssdm_op_Read.ap_auto.i8, i8 %data_8_read" [AES_AntonioMateo/DIseno/AES_accel.cpp:119]   --->   Operation 43 'read' 'data_8_read_1' <Predicate = true> <Delay = 0.00>
ST_2 : Operation 44 [1/2] (1.35ns)   --->   "%s_box_load = load i8 %s_box_addr" [AES_AntonioMateo/DIseno/AES_accel.cpp:119]   --->   Operation 44 'load' 's_box_load' <Predicate = true> <Delay = 1.35> <CoreInst = "ROM">   --->   Core 101 'ROM' <Latency = 1> <II = 1> <Delay = 1.35> <Storage> <Opcode : 'load'> <Ports = 0> <Width = 8> <Depth = 256> <ROM>
ST_2 : Operation 45 [1/2] (1.35ns)   --->   "%s_box_load_1 = load i8 %s_box_addr_1" [AES_AntonioMateo/DIseno/AES_accel.cpp:119]   --->   Operation 45 'load' 's_box_load_1' <Predicate = true> <Delay = 1.35> <CoreInst = "ROM">   --->   Core 101 'ROM' <Latency = 1> <II = 1> <Delay = 1.35> <Storage> <Opcode : 'load'> <Ports = 0> <Width = 8> <Depth = 256> <ROM>
ST_2 : Operation 46 [1/2] (1.35ns)   --->   "%s_box_load_2 = load i8 %s_box_addr_2" [AES_AntonioMateo/DIseno/AES_accel.cpp:119]   --->   Operation 46 'load' 's_box_load_2' <Predicate = true> <Delay = 1.35> <CoreInst = "ROM">   --->   Core 101 'ROM' <Latency = 1> <II = 1> <Delay = 1.35> <Storage> <Opcode : 'load'> <Ports = 0> <Width = 8> <Depth = 256> <ROM>
ST_2 : Operation 47 [1/2] (1.35ns)   --->   "%s_box_load_3 = load i8 %s_box_addr_3" [AES_AntonioMateo/DIseno/AES_accel.cpp:119]   --->   Operation 47 'load' 's_box_load_3' <Predicate = true> <Delay = 1.35> <CoreInst = "ROM">   --->   Core 101 'ROM' <Latency = 1> <II = 1> <Delay = 1.35> <Storage> <Opcode : 'load'> <Ports = 0> <Width = 8> <Depth = 256> <ROM>
ST_2 : Operation 48 [1/2] (1.35ns)   --->   "%s_box_load_4 = load i8 %s_box_addr_4" [AES_AntonioMateo/DIseno/AES_accel.cpp:119]   --->   Operation 48 'load' 's_box_load_4' <Predicate = true> <Delay = 1.35> <CoreInst = "ROM">   --->   Core 101 'ROM' <Latency = 1> <II = 1> <Delay = 1.35> <Storage> <Opcode : 'load'> <Ports = 0> <Width = 8> <Depth = 256> <ROM>
ST_2 : Operation 49 [1/2] (1.35ns)   --->   "%s_box_load_5 = load i8 %s_box_addr_5" [AES_AntonioMateo/DIseno/AES_accel.cpp:119]   --->   Operation 49 'load' 's_box_load_5' <Predicate = true> <Delay = 1.35> <CoreInst = "ROM">   --->   Core 101 'ROM' <Latency = 1> <II = 1> <Delay = 1.35> <Storage> <Opcode : 'load'> <Ports = 0> <Width = 8> <Depth = 256> <ROM>
ST_2 : Operation 50 [1/2] (1.35ns)   --->   "%s_box_load_6 = load i8 %s_box_addr_6" [AES_AntonioMateo/DIseno/AES_accel.cpp:119]   --->   Operation 50 'load' 's_box_load_6' <Predicate = true> <Delay = 1.35> <CoreInst = "ROM">   --->   Core 101 'ROM' <Latency = 1> <II = 1> <Delay = 1.35> <Storage> <Opcode : 'load'> <Ports = 0> <Width = 8> <Depth = 256> <ROM>
ST_2 : Operation 51 [1/2] (1.35ns)   --->   "%s_box_load_7 = load i8 %s_box_addr_7" [AES_AntonioMateo/DIseno/AES_accel.cpp:119]   --->   Operation 51 'load' 's_box_load_7' <Predicate = true> <Delay = 1.35> <CoreInst = "ROM">   --->   Core 101 'ROM' <Latency = 1> <II = 1> <Delay = 1.35> <Storage> <Opcode : 'load'> <Ports = 0> <Width = 8> <Depth = 256> <ROM>
ST_2 : Operation 52 [1/1] (0.00ns)   --->   "%zext_ln119_8 = zext i8 %data_8_read_1" [AES_AntonioMateo/DIseno/AES_accel.cpp:119]   --->   Operation 52 'zext' 'zext_ln119_8' <Predicate = true> <Delay = 0.00>
ST_2 : Operation 53 [1/1] (0.00ns)   --->   "%s_box_addr_8 = getelementptr i8 %s_box, i64 0, i64 %zext_ln119_8" [AES_AntonioMateo/DIseno/AES_accel.cpp:119]   --->   Operation 53 'getelementptr' 's_box_addr_8' <Predicate = true> <Delay = 0.00>
ST_2 : Operation 54 [2/2] (1.35ns)   --->   "%s_box_load_8 = load i8 %s_box_addr_8" [AES_AntonioMateo/DIseno/AES_accel.cpp:119]   --->   Operation 54 'load' 's_box_load_8' <Predicate = true> <Delay = 1.35> <CoreInst = "ROM">   --->   Core 101 'ROM' <Latency = 1> <II = 1> <Delay = 1.35> <Storage> <Opcode : 'load'> <Ports = 0> <Width = 8> <Depth = 256> <ROM>
ST_2 : Operation 55 [1/1] (0.00ns)   --->   "%zext_ln119_9 = zext i8 %data_9_read_1" [AES_AntonioMateo/DIseno/AES_accel.cpp:119]   --->   Operation 55 'zext' 'zext_ln119_9' <Predicate = true> <Delay = 0.00>
ST_2 : Operation 56 [1/1] (0.00ns)   --->   "%s_box_addr_9 = getelementptr i8 %s_box, i64 0, i64 %zext_ln119_9" [AES_AntonioMateo/DIseno/AES_accel.cpp:119]   --->   Operation 56 'getelementptr' 's_box_addr_9' <Predicate = true> <Delay = 0.00>
ST_2 : Operation 57 [2/2] (1.35ns)   --->   "%s_box_load_9 = load i8 %s_box_addr_9" [AES_AntonioMateo/DIseno/AES_accel.cpp:119]   --->   Operation 57 'load' 's_box_load_9' <Predicate = true> <Delay = 1.35> <CoreInst = "ROM">   --->   Core 101 'ROM' <Latency = 1> <II = 1> <Delay = 1.35> <Storage> <Opcode : 'load'> <Ports = 0> <Width = 8> <Depth = 256> <ROM>
ST_2 : Operation 58 [1/1] (0.00ns)   --->   "%zext_ln119_10 = zext i8 %data_10_read_1" [AES_AntonioMateo/DIseno/AES_accel.cpp:119]   --->   Operation 58 'zext' 'zext_ln119_10' <Predicate = true> <Delay = 0.00>
ST_2 : Operation 59 [1/1] (0.00ns)   --->   "%s_box_addr_10 = getelementptr i8 %s_box, i64 0, i64 %zext_ln119_10" [AES_AntonioMateo/DIseno/AES_accel.cpp:119]   --->   Operation 59 'getelementptr' 's_box_addr_10' <Predicate = true> <Delay = 0.00>
ST_2 : Operation 60 [2/2] (1.35ns)   --->   "%s_box_load_10 = load i8 %s_box_addr_10" [AES_AntonioMateo/DIseno/AES_accel.cpp:119]   --->   Operation 60 'load' 's_box_load_10' <Predicate = true> <Delay = 1.35> <CoreInst = "ROM">   --->   Core 101 'ROM' <Latency = 1> <II = 1> <Delay = 1.35> <Storage> <Opcode : 'load'> <Ports = 0> <Width = 8> <Depth = 256> <ROM>
ST_2 : Operation 61 [1/1] (0.00ns)   --->   "%zext_ln119_11 = zext i8 %data_11_read_1" [AES_AntonioMateo/DIseno/AES_accel.cpp:119]   --->   Operation 61 'zext' 'zext_ln119_11' <Predicate = true> <Delay = 0.00>
ST_2 : Operation 62 [1/1] (0.00ns)   --->   "%s_box_addr_11 = getelementptr i8 %s_box, i64 0, i64 %zext_ln119_11" [AES_AntonioMateo/DIseno/AES_accel.cpp:119]   --->   Operation 62 'getelementptr' 's_box_addr_11' <Predicate = true> <Delay = 0.00>
ST_2 : Operation 63 [2/2] (1.35ns)   --->   "%s_box_load_11 = load i8 %s_box_addr_11" [AES_AntonioMateo/DIseno/AES_accel.cpp:119]   --->   Operation 63 'load' 's_box_load_11' <Predicate = true> <Delay = 1.35> <CoreInst = "ROM">   --->   Core 101 'ROM' <Latency = 1> <II = 1> <Delay = 1.35> <Storage> <Opcode : 'load'> <Ports = 0> <Width = 8> <Depth = 256> <ROM>
ST_2 : Operation 64 [1/1] (0.00ns)   --->   "%zext_ln119_12 = zext i8 %data_1213_read_1" [AES_AntonioMateo/DIseno/AES_accel.cpp:119]   --->   Operation 64 'zext' 'zext_ln119_12' <Predicate = true> <Delay = 0.00>
ST_2 : Operation 65 [1/1] (0.00ns)   --->   "%s_box_addr_12 = getelementptr i8 %s_box, i64 0, i64 %zext_ln119_12" [AES_AntonioMateo/DIseno/AES_accel.cpp:119]   --->   Operation 65 'getelementptr' 's_box_addr_12' <Predicate = true> <Delay = 0.00>
ST_2 : Operation 66 [2/2] (1.35ns)   --->   "%s_box_load_12 = load i8 %s_box_addr_12" [AES_AntonioMateo/DIseno/AES_accel.cpp:119]   --->   Operation 66 'load' 's_box_load_12' <Predicate = true> <Delay = 1.35> <CoreInst = "ROM">   --->   Core 101 'ROM' <Latency = 1> <II = 1> <Delay = 1.35> <Storage> <Opcode : 'load'> <Ports = 0> <Width = 8> <Depth = 256> <ROM>
ST_2 : Operation 67 [1/1] (0.00ns)   --->   "%zext_ln119_13 = zext i8 %data_13_read_1" [AES_AntonioMateo/DIseno/AES_accel.cpp:119]   --->   Operation 67 'zext' 'zext_ln119_13' <Predicate = true> <Delay = 0.00>
ST_2 : Operation 68 [1/1] (0.00ns)   --->   "%s_box_addr_13 = getelementptr i8 %s_box, i64 0, i64 %zext_ln119_13" [AES_AntonioMateo/DIseno/AES_accel.cpp:119]   --->   Operation 68 'getelementptr' 's_box_addr_13' <Predicate = true> <Delay = 0.00>
ST_2 : Operation 69 [2/2] (1.35ns)   --->   "%s_box_load_13 = load i8 %s_box_addr_13" [AES_AntonioMateo/DIseno/AES_accel.cpp:119]   --->   Operation 69 'load' 's_box_load_13' <Predicate = true> <Delay = 1.35> <CoreInst = "ROM">   --->   Core 101 'ROM' <Latency = 1> <II = 1> <Delay = 1.35> <Storage> <Opcode : 'load'> <Ports = 0> <Width = 8> <Depth = 256> <ROM>
ST_2 : Operation 70 [1/1] (0.00ns)   --->   "%zext_ln119_14 = zext i8 %data_14_read_1" [AES_AntonioMateo/DIseno/AES_accel.cpp:119]   --->   Operation 70 'zext' 'zext_ln119_14' <Predicate = true> <Delay = 0.00>
ST_2 : Operation 71 [1/1] (0.00ns)   --->   "%s_box_addr_14 = getelementptr i8 %s_box, i64 0, i64 %zext_ln119_14" [AES_AntonioMateo/DIseno/AES_accel.cpp:119]   --->   Operation 71 'getelementptr' 's_box_addr_14' <Predicate = true> <Delay = 0.00>
ST_2 : Operation 72 [2/2] (1.35ns)   --->   "%s_box_load_14 = load i8 %s_box_addr_14" [AES_AntonioMateo/DIseno/AES_accel.cpp:119]   --->   Operation 72 'load' 's_box_load_14' <Predicate = true> <Delay = 1.35> <CoreInst = "ROM">   --->   Core 101 'ROM' <Latency = 1> <II = 1> <Delay = 1.35> <Storage> <Opcode : 'load'> <Ports = 0> <Width = 8> <Depth = 256> <ROM>
ST_2 : Operation 73 [1/1] (0.00ns)   --->   "%zext_ln119_15 = zext i8 %data_15_read_1" [AES_AntonioMateo/DIseno/AES_accel.cpp:119]   --->   Operation 73 'zext' 'zext_ln119_15' <Predicate = true> <Delay = 0.00>
ST_2 : Operation 74 [1/1] (0.00ns)   --->   "%s_box_addr_15 = getelementptr i8 %s_box, i64 0, i64 %zext_ln119_15" [AES_AntonioMateo/DIseno/AES_accel.cpp:119]   --->   Operation 74 'getelementptr' 's_box_addr_15' <Predicate = true> <Delay = 0.00>
ST_2 : Operation 75 [2/2] (1.35ns)   --->   "%s_box_load_15 = load i8 %s_box_addr_15" [AES_AntonioMateo/DIseno/AES_accel.cpp:119]   --->   Operation 75 'load' 's_box_load_15' <Predicate = true> <Delay = 1.35> <CoreInst = "ROM">   --->   Core 101 'ROM' <Latency = 1> <II = 1> <Delay = 1.35> <Storage> <Opcode : 'load'> <Ports = 0> <Width = 8> <Depth = 256> <ROM>

State 3 <SV = 2> <Delay = 1.35>
ST_3 : Operation 76 [1/2] (1.35ns)   --->   "%s_box_load_8 = load i8 %s_box_addr_8" [AES_AntonioMateo/DIseno/AES_accel.cpp:119]   --->   Operation 76 'load' 's_box_load_8' <Predicate = true> <Delay = 1.35> <CoreInst = "ROM">   --->   Core 101 'ROM' <Latency = 1> <II = 1> <Delay = 1.35> <Storage> <Opcode : 'load'> <Ports = 0> <Width = 8> <Depth = 256> <ROM>
ST_3 : Operation 77 [1/2] (1.35ns)   --->   "%s_box_load_9 = load i8 %s_box_addr_9" [AES_AntonioMateo/DIseno/AES_accel.cpp:119]   --->   Operation 77 'load' 's_box_load_9' <Predicate = true> <Delay = 1.35> <CoreInst = "ROM">   --->   Core 101 'ROM' <Latency = 1> <II = 1> <Delay = 1.35> <Storage> <Opcode : 'load'> <Ports = 0> <Width = 8> <Depth = 256> <ROM>
ST_3 : Operation 78 [1/2] (1.35ns)   --->   "%s_box_load_10 = load i8 %s_box_addr_10" [AES_AntonioMateo/DIseno/AES_accel.cpp:119]   --->   Operation 78 'load' 's_box_load_10' <Predicate = true> <Delay = 1.35> <CoreInst = "ROM">   --->   Core 101 'ROM' <Latency = 1> <II = 1> <Delay = 1.35> <Storage> <Opcode : 'load'> <Ports = 0> <Width = 8> <Depth = 256> <ROM>
ST_3 : Operation 79 [1/2] (1.35ns)   --->   "%s_box_load_11 = load i8 %s_box_addr_11" [AES_AntonioMateo/DIseno/AES_accel.cpp:119]   --->   Operation 79 'load' 's_box_load_11' <Predicate = true> <Delay = 1.35> <CoreInst = "ROM">   --->   Core 101 'ROM' <Latency = 1> <II = 1> <Delay = 1.35> <Storage> <Opcode : 'load'> <Ports = 0> <Width = 8> <Depth = 256> <ROM>
ST_3 : Operation 80 [1/2] (1.35ns)   --->   "%s_box_load_12 = load i8 %s_box_addr_12" [AES_AntonioMateo/DIseno/AES_accel.cpp:119]   --->   Operation 80 'load' 's_box_load_12' <Predicate = true> <Delay = 1.35> <CoreInst = "ROM">   --->   Core 101 'ROM' <Latency = 1> <II = 1> <Delay = 1.35> <Storage> <Opcode : 'load'> <Ports = 0> <Width = 8> <Depth = 256> <ROM>
ST_3 : Operation 81 [1/2] (1.35ns)   --->   "%s_box_load_13 = load i8 %s_box_addr_13" [AES_AntonioMateo/DIseno/AES_accel.cpp:119]   --->   Operation 81 'load' 's_box_load_13' <Predicate = true> <Delay = 1.35> <CoreInst = "ROM">   --->   Core 101 'ROM' <Latency = 1> <II = 1> <Delay = 1.35> <Storage> <Opcode : 'load'> <Ports = 0> <Width = 8> <Depth = 256> <ROM>
ST_3 : Operation 82 [1/2] (1.35ns)   --->   "%s_box_load_14 = load i8 %s_box_addr_14" [AES_AntonioMateo/DIseno/AES_accel.cpp:119]   --->   Operation 82 'load' 's_box_load_14' <Predicate = true> <Delay = 1.35> <CoreInst = "ROM">   --->   Core 101 'ROM' <Latency = 1> <II = 1> <Delay = 1.35> <Storage> <Opcode : 'load'> <Ports = 0> <Width = 8> <Depth = 256> <ROM>
ST_3 : Operation 83 [1/2] (1.35ns)   --->   "%s_box_load_15 = load i8 %s_box_addr_15" [AES_AntonioMateo/DIseno/AES_accel.cpp:119]   --->   Operation 83 'load' 's_box_load_15' <Predicate = true> <Delay = 1.35> <CoreInst = "ROM">   --->   Core 101 'ROM' <Latency = 1> <II = 1> <Delay = 1.35> <Storage> <Opcode : 'load'> <Ports = 0> <Width = 8> <Depth = 256> <ROM>
ST_3 : Operation 84 [1/1] (0.00ns)   --->   "%mrv = insertvalue i128 <undef>, i8 %s_box_load" [AES_AntonioMateo/DIseno/AES_accel.cpp:121]   --->   Operation 84 'insertvalue' 'mrv' <Predicate = true> <Delay = 0.00>
ST_3 : Operation 85 [1/1] (0.00ns)   --->   "%mrv_1 = insertvalue i128 %mrv, i8 %s_box_load_1" [AES_AntonioMateo/DIseno/AES_accel.cpp:121]   --->   Operation 85 'insertvalue' 'mrv_1' <Predicate = true> <Delay = 0.00>
ST_3 : Operation 86 [1/1] (0.00ns)   --->   "%mrv_2 = insertvalue i128 %mrv_1, i8 %s_box_load_2" [AES_AntonioMateo/DIseno/AES_accel.cpp:121]   --->   Operation 86 'insertvalue' 'mrv_2' <Predicate = true> <Delay = 0.00>
ST_3 : Operation 87 [1/1] (0.00ns)   --->   "%mrv_3 = insertvalue i128 %mrv_2, i8 %s_box_load_3" [AES_AntonioMateo/DIseno/AES_accel.cpp:121]   --->   Operation 87 'insertvalue' 'mrv_3' <Predicate = true> <Delay = 0.00>
ST_3 : Operation 88 [1/1] (0.00ns)   --->   "%mrv_4 = insertvalue i128 %mrv_3, i8 %s_box_load_4" [AES_AntonioMateo/DIseno/AES_accel.cpp:121]   --->   Operation 88 'insertvalue' 'mrv_4' <Predicate = true> <Delay = 0.00>
ST_3 : Operation 89 [1/1] (0.00ns)   --->   "%mrv_5 = insertvalue i128 %mrv_4, i8 %s_box_load_5" [AES_AntonioMateo/DIseno/AES_accel.cpp:121]   --->   Operation 89 'insertvalue' 'mrv_5' <Predicate = true> <Delay = 0.00>
ST_3 : Operation 90 [1/1] (0.00ns)   --->   "%mrv_6 = insertvalue i128 %mrv_5, i8 %s_box_load_6" [AES_AntonioMateo/DIseno/AES_accel.cpp:121]   --->   Operation 90 'insertvalue' 'mrv_6' <Predicate = true> <Delay = 0.00>
ST_3 : Operation 91 [1/1] (0.00ns)   --->   "%mrv_7 = insertvalue i128 %mrv_6, i8 %s_box_load_7" [AES_AntonioMateo/DIseno/AES_accel.cpp:121]   --->   Operation 91 'insertvalue' 'mrv_7' <Predicate = true> <Delay = 0.00>
ST_3 : Operation 92 [1/1] (0.00ns)   --->   "%mrv_8 = insertvalue i128 %mrv_7, i8 %s_box_load_8" [AES_AntonioMateo/DIseno/AES_accel.cpp:121]   --->   Operation 92 'insertvalue' 'mrv_8' <Predicate = true> <Delay = 0.00>
ST_3 : Operation 93 [1/1] (0.00ns)   --->   "%mrv_9 = insertvalue i128 %mrv_8, i8 %s_box_load_9" [AES_AntonioMateo/DIseno/AES_accel.cpp:121]   --->   Operation 93 'insertvalue' 'mrv_9' <Predicate = true> <Delay = 0.00>
ST_3 : Operation 94 [1/1] (0.00ns)   --->   "%mrv_s = insertvalue i128 %mrv_9, i8 %s_box_load_10" [AES_AntonioMateo/DIseno/AES_accel.cpp:121]   --->   Operation 94 'insertvalue' 'mrv_s' <Predicate = true> <Delay = 0.00>
ST_3 : Operation 95 [1/1] (0.00ns)   --->   "%mrv_10 = insertvalue i128 %mrv_s, i8 %s_box_load_11" [AES_AntonioMateo/DIseno/AES_accel.cpp:121]   --->   Operation 95 'insertvalue' 'mrv_10' <Predicate = true> <Delay = 0.00>
ST_3 : Operation 96 [1/1] (0.00ns)   --->   "%mrv_11 = insertvalue i128 %mrv_10, i8 %s_box_load_12" [AES_AntonioMateo/DIseno/AES_accel.cpp:121]   --->   Operation 96 'insertvalue' 'mrv_11' <Predicate = true> <Delay = 0.00>
ST_3 : Operation 97 [1/1] (0.00ns)   --->   "%mrv_12 = insertvalue i128 %mrv_11, i8 %s_box_load_13" [AES_AntonioMateo/DIseno/AES_accel.cpp:121]   --->   Operation 97 'insertvalue' 'mrv_12' <Predicate = true> <Delay = 0.00>
ST_3 : Operation 98 [1/1] (0.00ns)   --->   "%mrv_13 = insertvalue i128 %mrv_12, i8 %s_box_load_14" [AES_AntonioMateo/DIseno/AES_accel.cpp:121]   --->   Operation 98 'insertvalue' 'mrv_13' <Predicate = true> <Delay = 0.00>
ST_3 : Operation 99 [1/1] (0.00ns)   --->   "%mrv_14 = insertvalue i128 %mrv_13, i8 %s_box_load_15" [AES_AntonioMateo/DIseno/AES_accel.cpp:121]   --->   Operation 99 'insertvalue' 'mrv_14' <Predicate = true> <Delay = 0.00>
ST_3 : Operation 100 [1/1] (0.00ns)   --->   "%ret_ln121 = ret i128 %mrv_14" [AES_AntonioMateo/DIseno/AES_accel.cpp:121]   --->   Operation 100 'ret' 'ret_ln121' <Predicate = true> <Delay = 0.00>


============================================================
+ Verbose Summary: Binding
============================================================
STG Binding: 
---------------- STG Properties BEGIN ----------------
- Is combinational: 0
- Is one-state seq: 0
- Is datapath-only: 0
- Is pipelined: 1
- Is top level: 0
Port [ Return ] is wired: 1; IO mode=ap_ctrl_hs:ce=0
Port [ data_0_read]:  wired=1; compound=0; hidden=0; nouse=0; global=0; static=0; extern=0; dir=0; type=0; pingpong=0; private_global=0; IO mode=ap_none:ce=0
Port [ data_1_read]:  wired=1; compound=0; hidden=0; nouse=0; global=0; static=0; extern=0; dir=0; type=0; pingpong=0; private_global=0; IO mode=ap_none:ce=0
Port [ data_2_read]:  wired=1; compound=0; hidden=0; nouse=0; global=0; static=0; extern=0; dir=0; type=0; pingpong=0; private_global=0; IO mode=ap_none:ce=0
Port [ data_3_read]:  wired=1; compound=0; hidden=0; nouse=0; global=0; static=0; extern=0; dir=0; type=0; pingpong=0; private_global=0; IO mode=ap_none:ce=0
Port [ data_4_read]:  wired=1; compound=0; hidden=0; nouse=0; global=0; static=0; extern=0; dir=0; type=0; pingpong=0; private_global=0; IO mode=ap_none:ce=0
Port [ data_5_read]:  wired=1; compound=0; hidden=0; nouse=0; global=0; static=0; extern=0; dir=0; type=0; pingpong=0; private_global=0; IO mode=ap_none:ce=0
Port [ data_6_read]:  wired=1; compound=0; hidden=0; nouse=0; global=0; static=0; extern=0; dir=0; type=0; pingpong=0; private_global=0; IO mode=ap_none:ce=0
Port [ data_7_read]:  wired=1; compound=0; hidden=0; nouse=0; global=0; static=0; extern=0; dir=0; type=0; pingpong=0; private_global=0; IO mode=ap_none:ce=0
Port [ data_8_read]:  wired=1; compound=0; hidden=0; nouse=0; global=0; static=0; extern=0; dir=0; type=0; pingpong=0; private_global=0; IO mode=ap_none:ce=0
Port [ data_9_read]:  wired=1; compound=0; hidden=0; nouse=0; global=0; static=0; extern=0; dir=0; type=0; pingpong=0; private_global=0; IO mode=ap_none:ce=0
Port [ data_10_read]:  wired=1; compound=0; hidden=0; nouse=0; global=0; static=0; extern=0; dir=0; type=0; pingpong=0; private_global=0; IO mode=ap_none:ce=0
Port [ data_11_read]:  wired=1; compound=0; hidden=0; nouse=0; global=0; static=0; extern=0; dir=0; type=0; pingpong=0; private_global=0; IO mode=ap_none:ce=0
Port [ data_1213_read]:  wired=1; compound=0; hidden=0; nouse=0; global=0; static=0; extern=0; dir=0; type=0; pingpong=0; private_global=0; IO mode=ap_none:ce=0
Port [ data_13_read]:  wired=1; compound=0; hidden=0; nouse=0; global=0; static=0; extern=0; dir=0; type=0; pingpong=0; private_global=0; IO mode=ap_none:ce=0
Port [ data_14_read]:  wired=1; compound=0; hidden=0; nouse=0; global=0; static=0; extern=0; dir=0; type=0; pingpong=0; private_global=0; IO mode=ap_none:ce=0
Port [ data_15_read]:  wired=1; compound=0; hidden=0; nouse=0; global=0; static=0; extern=0; dir=0; type=0; pingpong=0; private_global=0; IO mode=ap_none:ce=0
Port [ s_box]:  wired=1; compound=1; hidden=0; nouse=0; global=1; static=1; extern=0; dir=0; type=1; pingpong=0; private_global=0; MemPort=[11111111]; IO mode=ap_memory:ce=0
---------------- STG Properties END ------------------

---------------- Datapath Model BEGIN ----------------

<LifeTime>
<method=bitvector/>
data_7_read_1    (read         ) [ 0000]
data_6_read_1    (read         ) [ 0000]
data_5_read_1    (read         ) [ 0000]
data_4_read_1    (read         ) [ 0000]
data_3_read_1    (read         ) [ 0000]
data_2_read_1    (read         ) [ 0000]
data_1_read_1    (read         ) [ 0000]
data_0_read_1    (read         ) [ 0000]
zext_ln119       (zext         ) [ 0000]
s_box_addr       (getelementptr) [ 0010]
zext_ln119_1     (zext         ) [ 0000]
s_box_addr_1     (getelementptr) [ 0010]
zext_ln119_2     (zext         ) [ 0000]
s_box_addr_2     (getelementptr) [ 0010]
zext_ln119_3     (zext         ) [ 0000]
s_box_addr_3     (getelementptr) [ 0010]
zext_ln119_4     (zext         ) [ 0000]
s_box_addr_4     (getelementptr) [ 0010]
zext_ln119_5     (zext         ) [ 0000]
s_box_addr_5     (getelementptr) [ 0010]
zext_ln119_6     (zext         ) [ 0000]
s_box_addr_6     (getelementptr) [ 0010]
zext_ln119_7     (zext         ) [ 0000]
s_box_addr_7     (getelementptr) [ 0010]
data_15_read_1   (read         ) [ 0000]
data_14_read_1   (read         ) [ 0000]
data_13_read_1   (read         ) [ 0000]
data_1213_read_1 (read         ) [ 0000]
data_11_read_1   (read         ) [ 0000]
data_10_read_1   (read         ) [ 0000]
data_9_read_1    (read         ) [ 0000]
data_8_read_1    (read         ) [ 0000]
s_box_load       (load         ) [ 0101]
s_box_load_1     (load         ) [ 0101]
s_box_load_2     (load         ) [ 0101]
s_box_load_3     (load         ) [ 0101]
s_box_load_4     (load         ) [ 0101]
s_box_load_5     (load         ) [ 0101]
s_box_load_6     (load         ) [ 0101]
s_box_load_7     (load         ) [ 0101]
zext_ln119_8     (zext         ) [ 0000]
s_box_addr_8     (getelementptr) [ 0101]
zext_ln119_9     (zext         ) [ 0000]
s_box_addr_9     (getelementptr) [ 0101]
zext_ln119_10    (zext         ) [ 0000]
s_box_addr_10    (getelementptr) [ 0101]
zext_ln119_11    (zext         ) [ 0000]
s_box_addr_11    (getelementptr) [ 0101]
zext_ln119_12    (zext         ) [ 0000]
s_box_addr_12    (getelementptr) [ 0101]
zext_ln119_13    (zext         ) [ 0000]
s_box_addr_13    (getelementptr) [ 0101]
zext_ln119_14    (zext         ) [ 0000]
s_box_addr_14    (getelementptr) [ 0101]
zext_ln119_15    (zext         ) [ 0000]
s_box_addr_15    (getelementptr) [ 0101]
s_box_load_8     (load         ) [ 0000]
s_box_load_9     (load         ) [ 0000]
s_box_load_10    (load         ) [ 0000]
s_box_load_11    (load         ) [ 0000]
s_box_load_12    (load         ) [ 0000]
s_box_load_13    (load         ) [ 0000]
s_box_load_14    (load         ) [ 0000]
s_box_load_15    (load         ) [ 0000]
mrv              (insertvalue  ) [ 0000]
mrv_1            (insertvalue  ) [ 0000]
mrv_2            (insertvalue  ) [ 0000]
mrv_3            (insertvalue  ) [ 0000]
mrv_4            (insertvalue  ) [ 0000]
mrv_5            (insertvalue  ) [ 0000]
mrv_6            (insertvalue  ) [ 0000]
mrv_7            (insertvalue  ) [ 0000]
mrv_8            (insertvalue  ) [ 0000]
mrv_9            (insertvalue  ) [ 0000]
mrv_s            (insertvalue  ) [ 0000]
mrv_10           (insertvalue  ) [ 0000]
mrv_11           (insertvalue  ) [ 0000]
mrv_12           (insertvalue  ) [ 0000]
mrv_13           (insertvalue  ) [ 0000]
mrv_14           (insertvalue  ) [ 0000]
ret_ln121        (ret          ) [ 0000]
</LifeTime>

<model>

<comp_list>
<comp id="0" class="1000" name="data_0_read">
<pin_list>
<pin id="1" dir="1" index="0" bw="1" slack="0"/>
</pin_list>
<bind>
<StgValue><ssdm name="data_0_read"/></StgValue>
</bind>
</comp>

<comp id="2" class="1000" name="data_1_read">
<pin_list>
<pin id="3" dir="1" index="0" bw="1" slack="0"/>
</pin_list>
<bind>
<StgValue><ssdm name="data_1_read"/></StgValue>
</bind>
</comp>

<comp id="4" class="1000" name="data_2_read">
<pin_list>
<pin id="5" dir="1" index="0" bw="1" slack="0"/>
</pin_list>
<bind>
<StgValue><ssdm name="data_2_read"/></StgValue>
</bind>
</comp>

<comp id="6" class="1000" name="data_3_read">
<pin_list>
<pin id="7" dir="1" index="0" bw="1" slack="0"/>
</pin_list>
<bind>
<StgValue><ssdm name="data_3_read"/></StgValue>
</bind>
</comp>

<comp id="8" class="1000" name="data_4_read">
<pin_list>
<pin id="9" dir="1" index="0" bw="1" slack="0"/>
</pin_list>
<bind>
<StgValue><ssdm name="data_4_read"/></StgValue>
</bind>
</comp>

<comp id="10" class="1000" name="data_5_read">
<pin_list>
<pin id="11" dir="1" index="0" bw="1" slack="0"/>
</pin_list>
<bind>
<StgValue><ssdm name="data_5_read"/></StgValue>
</bind>
</comp>

<comp id="12" class="1000" name="data_6_read">
<pin_list>
<pin id="13" dir="1" index="0" bw="1" slack="0"/>
</pin_list>
<bind>
<StgValue><ssdm name="data_6_read"/></StgValue>
</bind>
</comp>

<comp id="14" class="1000" name="data_7_read">
<pin_list>
<pin id="15" dir="1" index="0" bw="1" slack="0"/>
</pin_list>
<bind>
<StgValue><ssdm name="data_7_read"/></StgValue>
</bind>
</comp>

<comp id="16" class="1000" name="data_8_read">
<pin_list>
<pin id="17" dir="1" index="0" bw="1" slack="0"/>
</pin_list>
<bind>
<StgValue><ssdm name="data_8_read"/></StgValue>
</bind>
</comp>

<comp id="18" class="1000" name="data_9_read">
<pin_list>
<pin id="19" dir="1" index="0" bw="1" slack="0"/>
</pin_list>
<bind>
<StgValue><ssdm name="data_9_read"/></StgValue>
</bind>
</comp>

<comp id="20" class="1000" name="data_10_read">
<pin_list>
<pin id="21" dir="1" index="0" bw="1" slack="0"/>
</pin_list>
<bind>
<StgValue><ssdm name="data_10_read"/></StgValue>
</bind>
</comp>

<comp id="22" class="1000" name="data_11_read">
<pin_list>
<pin id="23" dir="1" index="0" bw="1" slack="0"/>
</pin_list>
<bind>
<StgValue><ssdm name="data_11_read"/></StgValue>
</bind>
</comp>

<comp id="24" class="1000" name="data_1213_read">
<pin_list>
<pin id="25" dir="1" index="0" bw="1" slack="0"/>
</pin_list>
<bind>
<StgValue><ssdm name="data_1213_read"/></StgValue>
</bind>
</comp>

<comp id="26" class="1000" name="data_13_read">
<pin_list>
<pin id="27" dir="1" index="0" bw="1" slack="0"/>
</pin_list>
<bind>
<StgValue><ssdm name="data_13_read"/></StgValue>
</bind>
</comp>

<comp id="28" class="1000" name="data_14_read">
<pin_list>
<pin id="29" dir="1" index="0" bw="1" slack="0"/>
</pin_list>
<bind>
<StgValue><ssdm name="data_14_read"/></StgValue>
</bind>
</comp>

<comp id="30" class="1000" name="data_15_read">
<pin_list>
<pin id="31" dir="1" index="0" bw="1" slack="0"/>
</pin_list>
<bind>
<StgValue><ssdm name="data_15_read"/></StgValue>
</bind>
</comp>

<comp id="32" class="1000" name="s_box">
<pin_list>
<pin id="33" dir="1" index="0" bw="1" slack="0"/>
</pin_list>
<bind>
<StgValue><ssdm name="s_box"/><MemPortTyVec>1 1 1 1 1 1 1 1 </MemPortTyVec>
</StgValue>
</bind>
</comp>

<comp id="34" class="1001" name="const_34">
<pin_list>
<pin id="35" dir="1" index="0" bw="1" slack="0"/>
</pin_list>
<bind>
<StgValue><ssdm name="_ssdm_op_Read.ap_auto.i8"/></StgValue>
</bind>
</comp>

<comp id="36" class="1001" name="const_36">
<pin_list>
<pin id="37" dir="1" index="0" bw="1" slack="0"/>
</pin_list>
<bind>
<StgValue><ssdm name=""/></StgValue>
</bind>
</comp>

<comp id="38" class="1001" name="const_38">
<pin_list>
<pin id="39" dir="1" index="0" bw="1" slack="0"/>
</pin_list>
<bind>
<StgValue><ssdm name=""/></StgValue>
</bind>
</comp>

<comp id="40" class="1004" name="data_7_read_1_read_fu_40">
<pin_list>
<pin id="41" dir="0" index="0" bw="8" slack="0"/>
<pin id="42" dir="0" index="1" bw="8" slack="0"/>
<pin id="43" dir="1" index="2" bw="8" slack="0"/>
</pin_list>
<bind>
<opcode="read(1150) " fcode="read"/>
<opset="data_7_read_1/1 "/>
</bind>
</comp>

<comp id="46" class="1004" name="data_6_read_1_read_fu_46">
<pin_list>
<pin id="47" dir="0" index="0" bw="8" slack="0"/>
<pin id="48" dir="0" index="1" bw="8" slack="0"/>
<pin id="49" dir="1" index="2" bw="8" slack="0"/>
</pin_list>
<bind>
<opcode="read(1150) " fcode="read"/>
<opset="data_6_read_1/1 "/>
</bind>
</comp>

<comp id="52" class="1004" name="data_5_read_1_read_fu_52">
<pin_list>
<pin id="53" dir="0" index="0" bw="8" slack="0"/>
<pin id="54" dir="0" index="1" bw="8" slack="0"/>
<pin id="55" dir="1" index="2" bw="8" slack="0"/>
</pin_list>
<bind>
<opcode="read(1150) " fcode="read"/>
<opset="data_5_read_1/1 "/>
</bind>
</comp>

<comp id="58" class="1004" name="data_4_read_1_read_fu_58">
<pin_list>
<pin id="59" dir="0" index="0" bw="8" slack="0"/>
<pin id="60" dir="0" index="1" bw="8" slack="0"/>
<pin id="61" dir="1" index="2" bw="8" slack="0"/>
</pin_list>
<bind>
<opcode="read(1150) " fcode="read"/>
<opset="data_4_read_1/1 "/>
</bind>
</comp>

<comp id="64" class="1004" name="data_3_read_1_read_fu_64">
<pin_list>
<pin id="65" dir="0" index="0" bw="8" slack="0"/>
<pin id="66" dir="0" index="1" bw="8" slack="0"/>
<pin id="67" dir="1" index="2" bw="8" slack="0"/>
</pin_list>
<bind>
<opcode="read(1150) " fcode="read"/>
<opset="data_3_read_1/1 "/>
</bind>
</comp>

<comp id="70" class="1004" name="data_2_read_1_read_fu_70">
<pin_list>
<pin id="71" dir="0" index="0" bw="8" slack="0"/>
<pin id="72" dir="0" index="1" bw="8" slack="0"/>
<pin id="73" dir="1" index="2" bw="8" slack="0"/>
</pin_list>
<bind>
<opcode="read(1150) " fcode="read"/>
<opset="data_2_read_1/1 "/>
</bind>
</comp>

<comp id="76" class="1004" name="data_1_read_1_read_fu_76">
<pin_list>
<pin id="77" dir="0" index="0" bw="8" slack="0"/>
<pin id="78" dir="0" index="1" bw="8" slack="0"/>
<pin id="79" dir="1" index="2" bw="8" slack="0"/>
</pin_list>
<bind>
<opcode="read(1150) " fcode="read"/>
<opset="data_1_read_1/1 "/>
</bind>
</comp>

<comp id="82" class="1004" name="data_0_read_1_read_fu_82">
<pin_list>
<pin id="83" dir="0" index="0" bw="8" slack="0"/>
<pin id="84" dir="0" index="1" bw="8" slack="0"/>
<pin id="85" dir="1" index="2" bw="8" slack="0"/>
</pin_list>
<bind>
<opcode="read(1150) " fcode="read"/>
<opset="data_0_read_1/1 "/>
</bind>
</comp>

<comp id="88" class="1004" name="data_15_read_1_read_fu_88">
<pin_list>
<pin id="89" dir="0" index="0" bw="8" slack="0"/>
<pin id="90" dir="0" index="1" bw="8" slack="0"/>
<pin id="91" dir="1" index="2" bw="8" slack="0"/>
</pin_list>
<bind>
<opcode="read(1150) " fcode="read"/>
<opset="data_15_read_1/2 "/>
</bind>
</comp>

<comp id="94" class="1004" name="data_14_read_1_read_fu_94">
<pin_list>
<pin id="95" dir="0" index="0" bw="8" slack="0"/>
<pin id="96" dir="0" index="1" bw="8" slack="0"/>
<pin id="97" dir="1" index="2" bw="8" slack="0"/>
</pin_list>
<bind>
<opcode="read(1150) " fcode="read"/>
<opset="data_14_read_1/2 "/>
</bind>
</comp>

<comp id="100" class="1004" name="data_13_read_1_read_fu_100">
<pin_list>
<pin id="101" dir="0" index="0" bw="8" slack="0"/>
<pin id="102" dir="0" index="1" bw="8" slack="0"/>
<pin id="103" dir="1" index="2" bw="8" slack="0"/>
</pin_list>
<bind>
<opcode="read(1150) " fcode="read"/>
<opset="data_13_read_1/2 "/>
</bind>
</comp>

<comp id="106" class="1004" name="data_1213_read_1_read_fu_106">
<pin_list>
<pin id="107" dir="0" index="0" bw="8" slack="0"/>
<pin id="108" dir="0" index="1" bw="8" slack="0"/>
<pin id="109" dir="1" index="2" bw="8" slack="0"/>
</pin_list>
<bind>
<opcode="read(1150) " fcode="read"/>
<opset="data_1213_read_1/2 "/>
</bind>
</comp>

<comp id="112" class="1004" name="data_11_read_1_read_fu_112">
<pin_list>
<pin id="113" dir="0" index="0" bw="8" slack="0"/>
<pin id="114" dir="0" index="1" bw="8" slack="0"/>
<pin id="115" dir="1" index="2" bw="8" slack="0"/>
</pin_list>
<bind>
<opcode="read(1150) " fcode="read"/>
<opset="data_11_read_1/2 "/>
</bind>
</comp>

<comp id="118" class="1004" name="data_10_read_1_read_fu_118">
<pin_list>
<pin id="119" dir="0" index="0" bw="8" slack="0"/>
<pin id="120" dir="0" index="1" bw="8" slack="0"/>
<pin id="121" dir="1" index="2" bw="8" slack="0"/>
</pin_list>
<bind>
<opcode="read(1150) " fcode="read"/>
<opset="data_10_read_1/2 "/>
</bind>
</comp>

<comp id="124" class="1004" name="data_9_read_1_read_fu_124">
<pin_list>
<pin id="125" dir="0" index="0" bw="8" slack="0"/>
<pin id="126" dir="0" index="1" bw="8" slack="0"/>
<pin id="127" dir="1" index="2" bw="8" slack="0"/>
</pin_list>
<bind>
<opcode="read(1150) " fcode="read"/>
<opset="data_9_read_1/2 "/>
</bind>
</comp>

<comp id="130" class="1004" name="data_8_read_1_read_fu_130">
<pin_list>
<pin id="131" dir="0" index="0" bw="8" slack="0"/>
<pin id="132" dir="0" index="1" bw="8" slack="0"/>
<pin id="133" dir="1" index="2" bw="8" slack="0"/>
</pin_list>
<bind>
<opcode="read(1150) " fcode="read"/>
<opset="data_8_read_1/2 "/>
</bind>
</comp>

<comp id="136" class="1004" name="s_box_addr_gep_fu_136">
<pin_list>
<pin id="137" dir="0" index="0" bw="8" slack="0"/>
<pin id="138" dir="0" index="1" bw="1" slack="0"/>
<pin id="139" dir="0" index="2" bw="8" slack="0"/>
<pin id="140" dir="1" index="3" bw="8" slack="0"/>
</pin_list>
<bind>
<opcode="getelementptr(29) " fcode="getelementptr"/>
<opset="s_box_addr/1 "/>
</bind>
</comp>

<comp id="143" class="1004" name="grp_access_fu_143">
<pin_list>
<pin id="144" dir="0" index="0" bw="8" slack="0"/>
<pin id="145" dir="0" index="1" bw="8" slack="2147483647"/>
<pin id="146" dir="0" index="2" bw="0" slack="0"/>
<pin id="148" dir="0" index="4" bw="8" slack="2147483647"/>
<pin id="149" dir="0" index="5" bw="8" slack="0"/>
<pin id="150" dir="0" index="6" bw="0" slack="2147483647"/>
<pin id="152" dir="0" index="8" bw="8" slack="0"/>
<pin id="153" dir="0" index="9" bw="8" slack="2147483647"/>
<pin id="154" dir="0" index="10" bw="0" slack="0"/>
<pin id="156" dir="0" index="12" bw="8" slack="2147483647"/>
<pin id="157" dir="0" index="13" bw="8" slack="0"/>
<pin id="158" dir="0" index="14" bw="0" slack="2147483647"/>
<pin id="160" dir="0" index="16" bw="8" slack="0"/>
<pin id="161" dir="0" index="17" bw="8" slack="2147483647"/>
<pin id="162" dir="0" index="18" bw="0" slack="0"/>
<pin id="164" dir="0" index="20" bw="8" slack="2147483647"/>
<pin id="165" dir="0" index="21" bw="8" slack="2147483647"/>
<pin id="166" dir="0" index="22" bw="0" slack="2147483647"/>
<pin id="168" dir="0" index="24" bw="8" slack="2147483647"/>
<pin id="169" dir="0" index="25" bw="8" slack="2147483647"/>
<pin id="170" dir="0" index="26" bw="0" slack="2147483647"/>
<pin id="172" dir="0" index="28" bw="8" slack="2147483647"/>
<pin id="173" dir="0" index="29" bw="8" slack="2147483647"/>
<pin id="174" dir="0" index="30" bw="0" slack="2147483647"/>
<pin id="147" dir="1" index="3" bw="8" slack="0"/>
<pin id="151" dir="1" index="7" bw="8" slack="0"/>
<pin id="155" dir="1" index="11" bw="8" slack="0"/>
<pin id="159" dir="1" index="15" bw="8" slack="0"/>
<pin id="163" dir="1" index="19" bw="8" slack="0"/>
<pin id="167" dir="1" index="23" bw="8" slack="0"/>
<pin id="171" dir="1" index="27" bw="8" slack="0"/>
<pin id="175" dir="1" index="31" bw="8" slack="0"/>
</pin_list>
<bind>
<opcode="load(27) " fcode="load"/>
<opset="s_box_load/1 s_box_load_1/1 s_box_load_2/1 s_box_load_3/1 s_box_load_4/1 s_box_load_5/1 s_box_load_6/1 s_box_load_7/1 s_box_load_8/2 s_box_load_9/2 s_box_load_10/2 s_box_load_11/2 s_box_load_12/2 s_box_load_13/2 s_box_load_14/2 s_box_load_15/2 "/>
</bind>
</comp>

<comp id="177" class="1004" name="s_box_addr_1_gep_fu_177">
<pin_list>
<pin id="178" dir="0" index="0" bw="8" slack="0"/>
<pin id="179" dir="0" index="1" bw="1" slack="0"/>
<pin id="180" dir="0" index="2" bw="8" slack="0"/>
<pin id="181" dir="1" index="3" bw="8" slack="0"/>
</pin_list>
<bind>
<opcode="getelementptr(29) " fcode="getelementptr"/>
<opset="s_box_addr_1/1 "/>
</bind>
</comp>

<comp id="185" class="1004" name="s_box_addr_2_gep_fu_185">
<pin_list>
<pin id="186" dir="0" index="0" bw="8" slack="0"/>
<pin id="187" dir="0" index="1" bw="1" slack="0"/>
<pin id="188" dir="0" index="2" bw="8" slack="0"/>
<pin id="189" dir="1" index="3" bw="8" slack="0"/>
</pin_list>
<bind>
<opcode="getelementptr(29) " fcode="getelementptr"/>
<opset="s_box_addr_2/1 "/>
</bind>
</comp>

<comp id="193" class="1004" name="s_box_addr_3_gep_fu_193">
<pin_list>
<pin id="194" dir="0" index="0" bw="8" slack="0"/>
<pin id="195" dir="0" index="1" bw="1" slack="0"/>
<pin id="196" dir="0" index="2" bw="8" slack="0"/>
<pin id="197" dir="1" index="3" bw="8" slack="0"/>
</pin_list>
<bind>
<opcode="getelementptr(29) " fcode="getelementptr"/>
<opset="s_box_addr_3/1 "/>
</bind>
</comp>

<comp id="201" class="1004" name="s_box_addr_4_gep_fu_201">
<pin_list>
<pin id="202" dir="0" index="0" bw="8" slack="0"/>
<pin id="203" dir="0" index="1" bw="1" slack="0"/>
<pin id="204" dir="0" index="2" bw="8" slack="0"/>
<pin id="205" dir="1" index="3" bw="8" slack="0"/>
</pin_list>
<bind>
<opcode="getelementptr(29) " fcode="getelementptr"/>
<opset="s_box_addr_4/1 "/>
</bind>
</comp>

<comp id="209" class="1004" name="s_box_addr_5_gep_fu_209">
<pin_list>
<pin id="210" dir="0" index="0" bw="8" slack="0"/>
<pin id="211" dir="0" index="1" bw="1" slack="0"/>
<pin id="212" dir="0" index="2" bw="8" slack="0"/>
<pin id="213" dir="1" index="3" bw="8" slack="0"/>
</pin_list>
<bind>
<opcode="getelementptr(29) " fcode="getelementptr"/>
<opset="s_box_addr_5/1 "/>
</bind>
</comp>

<comp id="217" class="1004" name="s_box_addr_6_gep_fu_217">
<pin_list>
<pin id="218" dir="0" index="0" bw="8" slack="0"/>
<pin id="219" dir="0" index="1" bw="1" slack="0"/>
<pin id="220" dir="0" index="2" bw="8" slack="0"/>
<pin id="221" dir="1" index="3" bw="8" slack="0"/>
</pin_list>
<bind>
<opcode="getelementptr(29) " fcode="getelementptr"/>
<opset="s_box_addr_6/1 "/>
</bind>
</comp>

<comp id="225" class="1004" name="s_box_addr_7_gep_fu_225">
<pin_list>
<pin id="226" dir="0" index="0" bw="8" slack="0"/>
<pin id="227" dir="0" index="1" bw="1" slack="0"/>
<pin id="228" dir="0" index="2" bw="8" slack="0"/>
<pin id="229" dir="1" index="3" bw="8" slack="0"/>
</pin_list>
<bind>
<opcode="getelementptr(29) " fcode="getelementptr"/>
<opset="s_box_addr_7/1 "/>
</bind>
</comp>

<comp id="233" class="1004" name="s_box_addr_8_gep_fu_233">
<pin_list>
<pin id="234" dir="0" index="0" bw="8" slack="0"/>
<pin id="235" dir="0" index="1" bw="1" slack="0"/>
<pin id="236" dir="0" index="2" bw="8" slack="0"/>
<pin id="237" dir="1" index="3" bw="8" slack="0"/>
</pin_list>
<bind>
<opcode="getelementptr(29) " fcode="getelementptr"/>
<opset="s_box_addr_8/2 "/>
</bind>
</comp>

<comp id="241" class="1004" name="s_box_addr_9_gep_fu_241">
<pin_list>
<pin id="242" dir="0" index="0" bw="8" slack="0"/>
<pin id="243" dir="0" index="1" bw="1" slack="0"/>
<pin id="244" dir="0" index="2" bw="8" slack="0"/>
<pin id="245" dir="1" index="3" bw="8" slack="0"/>
</pin_list>
<bind>
<opcode="getelementptr(29) " fcode="getelementptr"/>
<opset="s_box_addr_9/2 "/>
</bind>
</comp>

<comp id="249" class="1004" name="s_box_addr_10_gep_fu_249">
<pin_list>
<pin id="250" dir="0" index="0" bw="8" slack="0"/>
<pin id="251" dir="0" index="1" bw="1" slack="0"/>
<pin id="252" dir="0" index="2" bw="8" slack="0"/>
<pin id="253" dir="1" index="3" bw="8" slack="0"/>
</pin_list>
<bind>
<opcode="getelementptr(29) " fcode="getelementptr"/>
<opset="s_box_addr_10/2 "/>
</bind>
</comp>

<comp id="257" class="1004" name="s_box_addr_11_gep_fu_257">
<pin_list>
<pin id="258" dir="0" index="0" bw="8" slack="0"/>
<pin id="259" dir="0" index="1" bw="1" slack="0"/>
<pin id="260" dir="0" index="2" bw="8" slack="0"/>
<pin id="261" dir="1" index="3" bw="8" slack="0"/>
</pin_list>
<bind>
<opcode="getelementptr(29) " fcode="getelementptr"/>
<opset="s_box_addr_11/2 "/>
</bind>
</comp>

<comp id="265" class="1004" name="s_box_addr_12_gep_fu_265">
<pin_list>
<pin id="266" dir="0" index="0" bw="8" slack="0"/>
<pin id="267" dir="0" index="1" bw="1" slack="0"/>
<pin id="268" dir="0" index="2" bw="8" slack="0"/>
<pin id="269" dir="1" index="3" bw="8" slack="0"/>
</pin_list>
<bind>
<opcode="getelementptr(29) " fcode="getelementptr"/>
<opset="s_box_addr_12/2 "/>
</bind>
</comp>

<comp id="273" class="1004" name="s_box_addr_13_gep_fu_273">
<pin_list>
<pin id="274" dir="0" index="0" bw="8" slack="0"/>
<pin id="275" dir="0" index="1" bw="1" slack="0"/>
<pin id="276" dir="0" index="2" bw="8" slack="0"/>
<pin id="277" dir="1" index="3" bw="8" slack="0"/>
</pin_list>
<bind>
<opcode="getelementptr(29) " fcode="getelementptr"/>
<opset="s_box_addr_13/2 "/>
</bind>
</comp>

<comp id="281" class="1004" name="s_box_addr_14_gep_fu_281">
<pin_list>
<pin id="282" dir="0" index="0" bw="8" slack="0"/>
<pin id="283" dir="0" index="1" bw="1" slack="0"/>
<pin id="284" dir="0" index="2" bw="8" slack="0"/>
<pin id="285" dir="1" index="3" bw="8" slack="0"/>
</pin_list>
<bind>
<opcode="getelementptr(29) " fcode="getelementptr"/>
<opset="s_box_addr_14/2 "/>
</bind>
</comp>

<comp id="289" class="1004" name="s_box_addr_15_gep_fu_289">
<pin_list>
<pin id="290" dir="0" index="0" bw="8" slack="0"/>
<pin id="291" dir="0" index="1" bw="1" slack="0"/>
<pin id="292" dir="0" index="2" bw="8" slack="0"/>
<pin id="293" dir="1" index="3" bw="8" slack="0"/>
</pin_list>
<bind>
<opcode="getelementptr(29) " fcode="getelementptr"/>
<opset="s_box_addr_15/2 "/>
</bind>
</comp>

<comp id="297" class="1004" name="zext_ln119_fu_297">
<pin_list>
<pin id="298" dir="0" index="0" bw="8" slack="0"/>
<pin id="299" dir="1" index="1" bw="64" slack="0"/>
</pin_list>
<bind>
<opcode="zext(34) " fcode="zext"/>
<opset="zext_ln119/1 "/>
</bind>
</comp>

<comp id="302" class="1004" name="zext_ln119_1_fu_302">
<pin_list>
<pin id="303" dir="0" index="0" bw="8" slack="0"/>
<pin id="304" dir="1" index="1" bw="64" slack="0"/>
</pin_list>
<bind>
<opcode="zext(34) " fcode="zext"/>
<opset="zext_ln119_1/1 "/>
</bind>
</comp>

<comp id="307" class="1004" name="zext_ln119_2_fu_307">
<pin_list>
<pin id="308" dir="0" index="0" bw="8" slack="0"/>
<pin id="309" dir="1" index="1" bw="64" slack="0"/>
</pin_list>
<bind>
<opcode="zext(34) " fcode="zext"/>
<opset="zext_ln119_2/1 "/>
</bind>
</comp>

<comp id="312" class="1004" name="zext_ln119_3_fu_312">
<pin_list>
<pin id="313" dir="0" index="0" bw="8" slack="0"/>
<pin id="314" dir="1" index="1" bw="64" slack="0"/>
</pin_list>
<bind>
<opcode="zext(34) " fcode="zext"/>
<opset="zext_ln119_3/1 "/>
</bind>
</comp>

<comp id="317" class="1004" name="zext_ln119_4_fu_317">
<pin_list>
<pin id="318" dir="0" index="0" bw="8" slack="0"/>
<pin id="319" dir="1" index="1" bw="64" slack="0"/>
</pin_list>
<bind>
<opcode="zext(34) " fcode="zext"/>
<opset="zext_ln119_4/1 "/>
</bind>
</comp>

<comp id="322" class="1004" name="zext_ln119_5_fu_322">
<pin_list>
<pin id="323" dir="0" index="0" bw="8" slack="0"/>
<pin id="324" dir="1" index="1" bw="64" slack="0"/>
</pin_list>
<bind>
<opcode="zext(34) " fcode="zext"/>
<opset="zext_ln119_5/1 "/>
</bind>
</comp>

<comp id="327" class="1004" name="zext_ln119_6_fu_327">
<pin_list>
<pin id="328" dir="0" index="0" bw="8" slack="0"/>
<pin id="329" dir="1" index="1" bw="64" slack="0"/>
</pin_list>
<bind>
<opcode="zext(34) " fcode="zext"/>
<opset="zext_ln119_6/1 "/>
</bind>
</comp>

<comp id="332" class="1004" name="zext_ln119_7_fu_332">
<pin_list>
<pin id="333" dir="0" index="0" bw="8" slack="0"/>
<pin id="334" dir="1" index="1" bw="64" slack="0"/>
</pin_list>
<bind>
<opcode="zext(34) " fcode="zext"/>
<opset="zext_ln119_7/1 "/>
</bind>
</comp>

<comp id="337" class="1004" name="zext_ln119_8_fu_337">
<pin_list>
<pin id="338" dir="0" index="0" bw="8" slack="0"/>
<pin id="339" dir="1" index="1" bw="64" slack="0"/>
</pin_list>
<bind>
<opcode="zext(34) " fcode="zext"/>
<opset="zext_ln119_8/2 "/>
</bind>
</comp>

<comp id="342" class="1004" name="zext_ln119_9_fu_342">
<pin_list>
<pin id="343" dir="0" index="0" bw="8" slack="0"/>
<pin id="344" dir="1" index="1" bw="64" slack="0"/>
</pin_list>
<bind>
<opcode="zext(34) " fcode="zext"/>
<opset="zext_ln119_9/2 "/>
</bind>
</comp>

<comp id="347" class="1004" name="zext_ln119_10_fu_347">
<pin_list>
<pin id="348" dir="0" index="0" bw="8" slack="0"/>
<pin id="349" dir="1" index="1" bw="64" slack="0"/>
</pin_list>
<bind>
<opcode="zext(34) " fcode="zext"/>
<opset="zext_ln119_10/2 "/>
</bind>
</comp>

<comp id="352" class="1004" name="zext_ln119_11_fu_352">
<pin_list>
<pin id="353" dir="0" index="0" bw="8" slack="0"/>
<pin id="354" dir="1" index="1" bw="64" slack="0"/>
</pin_list>
<bind>
<opcode="zext(34) " fcode="zext"/>
<opset="zext_ln119_11/2 "/>
</bind>
</comp>

<comp id="357" class="1004" name="zext_ln119_12_fu_357">
<pin_list>
<pin id="358" dir="0" index="0" bw="8" slack="0"/>
<pin id="359" dir="1" index="1" bw="64" slack="0"/>
</pin_list>
<bind>
<opcode="zext(34) " fcode="zext"/>
<opset="zext_ln119_12/2 "/>
</bind>
</comp>

<comp id="362" class="1004" name="zext_ln119_13_fu_362">
<pin_list>
<pin id="363" dir="0" index="0" bw="8" slack="0"/>
<pin id="364" dir="1" index="1" bw="64" slack="0"/>
</pin_list>
<bind>
<opcode="zext(34) " fcode="zext"/>
<opset="zext_ln119_13/2 "/>
</bind>
</comp>

<comp id="367" class="1004" name="zext_ln119_14_fu_367">
<pin_list>
<pin id="368" dir="0" index="0" bw="8" slack="0"/>
<pin id="369" dir="1" index="1" bw="64" slack="0"/>
</pin_list>
<bind>
<opcode="zext(34) " fcode="zext"/>
<opset="zext_ln119_14/2 "/>
</bind>
</comp>

<comp id="372" class="1004" name="zext_ln119_15_fu_372">
<pin_list>
<pin id="373" dir="0" index="0" bw="8" slack="0"/>
<pin id="374" dir="1" index="1" bw="64" slack="0"/>
</pin_list>
<bind>
<opcode="zext(34) " fcode="zext"/>
<opset="zext_ln119_15/2 "/>
</bind>
</comp>

<comp id="377" class="1004" name="mrv_fu_377">
<pin_list>
<pin id="378" dir="0" index="0" bw="128" slack="0"/>
<pin id="379" dir="0" index="1" bw="8" slack="1"/>
<pin id="380" dir="1" index="2" bw="128" slack="0"/>
</pin_list>
<bind>
<opcode="insertvalue(57) " fcode="insertvalue"/>
<opset="mrv/3 "/>
</bind>
</comp>

<comp id="382" class="1004" name="mrv_1_fu_382">
<pin_list>
<pin id="383" dir="0" index="0" bw="128" slack="0"/>
<pin id="384" dir="0" index="1" bw="8" slack="1"/>
<pin id="385" dir="1" index="2" bw="128" slack="0"/>
</pin_list>
<bind>
<opcode="insertvalue(57) " fcode="insertvalue"/>
<opset="mrv_1/3 "/>
</bind>
</comp>

<comp id="387" class="1004" name="mrv_2_fu_387">
<pin_list>
<pin id="388" dir="0" index="0" bw="128" slack="0"/>
<pin id="389" dir="0" index="1" bw="8" slack="1"/>
<pin id="390" dir="1" index="2" bw="128" slack="0"/>
</pin_list>
<bind>
<opcode="insertvalue(57) " fcode="insertvalue"/>
<opset="mrv_2/3 "/>
</bind>
</comp>

<comp id="392" class="1004" name="mrv_3_fu_392">
<pin_list>
<pin id="393" dir="0" index="0" bw="128" slack="0"/>
<pin id="394" dir="0" index="1" bw="8" slack="1"/>
<pin id="395" dir="1" index="2" bw="128" slack="0"/>
</pin_list>
<bind>
<opcode="insertvalue(57) " fcode="insertvalue"/>
<opset="mrv_3/3 "/>
</bind>
</comp>

<comp id="397" class="1004" name="mrv_4_fu_397">
<pin_list>
<pin id="398" dir="0" index="0" bw="128" slack="0"/>
<pin id="399" dir="0" index="1" bw="8" slack="1"/>
<pin id="400" dir="1" index="2" bw="128" slack="0"/>
</pin_list>
<bind>
<opcode="insertvalue(57) " fcode="insertvalue"/>
<opset="mrv_4/3 "/>
</bind>
</comp>

<comp id="402" class="1004" name="mrv_5_fu_402">
<pin_list>
<pin id="403" dir="0" index="0" bw="128" slack="0"/>
<pin id="404" dir="0" index="1" bw="8" slack="1"/>
<pin id="405" dir="1" index="2" bw="128" slack="0"/>
</pin_list>
<bind>
<opcode="insertvalue(57) " fcode="insertvalue"/>
<opset="mrv_5/3 "/>
</bind>
</comp>

<comp id="407" class="1004" name="mrv_6_fu_407">
<pin_list>
<pin id="408" dir="0" index="0" bw="128" slack="0"/>
<pin id="409" dir="0" index="1" bw="8" slack="1"/>
<pin id="410" dir="1" index="2" bw="128" slack="0"/>
</pin_list>
<bind>
<opcode="insertvalue(57) " fcode="insertvalue"/>
<opset="mrv_6/3 "/>
</bind>
</comp>

<comp id="412" class="1004" name="mrv_7_fu_412">
<pin_list>
<pin id="413" dir="0" index="0" bw="128" slack="0"/>
<pin id="414" dir="0" index="1" bw="8" slack="1"/>
<pin id="415" dir="1" index="2" bw="128" slack="0"/>
</pin_list>
<bind>
<opcode="insertvalue(57) " fcode="insertvalue"/>
<opset="mrv_7/3 "/>
</bind>
</comp>

<comp id="417" class="1004" name="mrv_8_fu_417">
<pin_list>
<pin id="418" dir="0" index="0" bw="128" slack="0"/>
<pin id="419" dir="0" index="1" bw="8" slack="0"/>
<pin id="420" dir="1" index="2" bw="128" slack="0"/>
</pin_list>
<bind>
<opcode="insertvalue(57) " fcode="insertvalue"/>
<opset="mrv_8/3 "/>
</bind>
</comp>

<comp id="423" class="1004" name="mrv_9_fu_423">
<pin_list>
<pin id="424" dir="0" index="0" bw="128" slack="0"/>
<pin id="425" dir="0" index="1" bw="8" slack="0"/>
<pin id="426" dir="1" index="2" bw="128" slack="0"/>
</pin_list>
<bind>
<opcode="insertvalue(57) " fcode="insertvalue"/>
<opset="mrv_9/3 "/>
</bind>
</comp>

<comp id="429" class="1004" name="mrv_s_fu_429">
<pin_list>
<pin id="430" dir="0" index="0" bw="128" slack="0"/>
<pin id="431" dir="0" index="1" bw="8" slack="0"/>
<pin id="432" dir="1" index="2" bw="128" slack="0"/>
</pin_list>
<bind>
<opcode="insertvalue(57) " fcode="insertvalue"/>
<opset="mrv_s/3 "/>
</bind>
</comp>

<comp id="435" class="1004" name="mrv_10_fu_435">
<pin_list>
<pin id="436" dir="0" index="0" bw="128" slack="0"/>
<pin id="437" dir="0" index="1" bw="8" slack="0"/>
<pin id="438" dir="1" index="2" bw="128" slack="0"/>
</pin_list>
<bind>
<opcode="insertvalue(57) " fcode="insertvalue"/>
<opset="mrv_10/3 "/>
</bind>
</comp>

<comp id="441" class="1004" name="mrv_11_fu_441">
<pin_list>
<pin id="442" dir="0" index="0" bw="128" slack="0"/>
<pin id="443" dir="0" index="1" bw="8" slack="0"/>
<pin id="444" dir="1" index="2" bw="128" slack="0"/>
</pin_list>
<bind>
<opcode="insertvalue(57) " fcode="insertvalue"/>
<opset="mrv_11/3 "/>
</bind>
</comp>

<comp id="447" class="1004" name="mrv_12_fu_447">
<pin_list>
<pin id="448" dir="0" index="0" bw="128" slack="0"/>
<pin id="449" dir="0" index="1" bw="8" slack="0"/>
<pin id="450" dir="1" index="2" bw="128" slack="0"/>
</pin_list>
<bind>
<opcode="insertvalue(57) " fcode="insertvalue"/>
<opset="mrv_12/3 "/>
</bind>
</comp>

<comp id="453" class="1004" name="mrv_13_fu_453">
<pin_list>
<pin id="454" dir="0" index="0" bw="128" slack="0"/>
<pin id="455" dir="0" index="1" bw="8" slack="0"/>
<pin id="456" dir="1" index="2" bw="128" slack="0"/>
</pin_list>
<bind>
<opcode="insertvalue(57) " fcode="insertvalue"/>
<opset="mrv_13/3 "/>
</bind>
</comp>

<comp id="459" class="1004" name="mrv_14_fu_459">
<pin_list>
<pin id="460" dir="0" index="0" bw="128" slack="0"/>
<pin id="461" dir="0" index="1" bw="8" slack="0"/>
<pin id="462" dir="1" index="2" bw="128" slack="2147483647"/>
</pin_list>
<bind>
<opcode="insertvalue(57) " fcode="insertvalue"/>
<opset="mrv_14/3 "/>
</bind>
</comp>

<comp id="465" class="1005" name="s_box_addr_reg_465">
<pin_list>
<pin id="466" dir="0" index="0" bw="8" slack="1"/>
<pin id="467" dir="1" index="1" bw="8" slack="1"/>
</pin_list>
<bind>
<opset="s_box_addr "/>
</bind>
</comp>

<comp id="470" class="1005" name="s_box_addr_1_reg_470">
<pin_list>
<pin id="471" dir="0" index="0" bw="8" slack="1"/>
<pin id="472" dir="1" index="1" bw="8" slack="1"/>
</pin_list>
<bind>
<opset="s_box_addr_1 "/>
</bind>
</comp>

<comp id="475" class="1005" name="s_box_addr_2_reg_475">
<pin_list>
<pin id="476" dir="0" index="0" bw="8" slack="1"/>
<pin id="477" dir="1" index="1" bw="8" slack="1"/>
</pin_list>
<bind>
<opset="s_box_addr_2 "/>
</bind>
</comp>

<comp id="480" class="1005" name="s_box_addr_3_reg_480">
<pin_list>
<pin id="481" dir="0" index="0" bw="8" slack="1"/>
<pin id="482" dir="1" index="1" bw="8" slack="1"/>
</pin_list>
<bind>
<opset="s_box_addr_3 "/>
</bind>
</comp>

<comp id="485" class="1005" name="s_box_addr_4_reg_485">
<pin_list>
<pin id="486" dir="0" index="0" bw="8" slack="1"/>
<pin id="487" dir="1" index="1" bw="8" slack="1"/>
</pin_list>
<bind>
<opset="s_box_addr_4 "/>
</bind>
</comp>

<comp id="490" class="1005" name="s_box_addr_5_reg_490">
<pin_list>
<pin id="491" dir="0" index="0" bw="8" slack="1"/>
<pin id="492" dir="1" index="1" bw="8" slack="1"/>
</pin_list>
<bind>
<opset="s_box_addr_5 "/>
</bind>
</comp>

<comp id="495" class="1005" name="s_box_addr_6_reg_495">
<pin_list>
<pin id="496" dir="0" index="0" bw="8" slack="1"/>
<pin id="497" dir="1" index="1" bw="8" slack="1"/>
</pin_list>
<bind>
<opset="s_box_addr_6 "/>
</bind>
</comp>

<comp id="500" class="1005" name="s_box_addr_7_reg_500">
<pin_list>
<pin id="501" dir="0" index="0" bw="8" slack="1"/>
<pin id="502" dir="1" index="1" bw="8" slack="1"/>
</pin_list>
<bind>
<opset="s_box_addr_7 "/>
</bind>
</comp>

<comp id="505" class="1005" name="s_box_load_reg_505">
<pin_list>
<pin id="506" dir="0" index="0" bw="8" slack="1"/>
<pin id="507" dir="1" index="1" bw="8" slack="1"/>
</pin_list>
<bind>
<opset="s_box_load "/>
</bind>
</comp>

<comp id="510" class="1005" name="s_box_load_1_reg_510">
<pin_list>
<pin id="511" dir="0" index="0" bw="8" slack="1"/>
<pin id="512" dir="1" index="1" bw="8" slack="1"/>
</pin_list>
<bind>
<opset="s_box_load_1 "/>
</bind>
</comp>

<comp id="515" class="1005" name="s_box_load_2_reg_515">
<pin_list>
<pin id="516" dir="0" index="0" bw="8" slack="1"/>
<pin id="517" dir="1" index="1" bw="8" slack="1"/>
</pin_list>
<bind>
<opset="s_box_load_2 "/>
</bind>
</comp>

<comp id="520" class="1005" name="s_box_load_3_reg_520">
<pin_list>
<pin id="521" dir="0" index="0" bw="8" slack="1"/>
<pin id="522" dir="1" index="1" bw="8" slack="1"/>
</pin_list>
<bind>
<opset="s_box_load_3 "/>
</bind>
</comp>

<comp id="525" class="1005" name="s_box_load_4_reg_525">
<pin_list>
<pin id="526" dir="0" index="0" bw="8" slack="1"/>
<pin id="527" dir="1" index="1" bw="8" slack="1"/>
</pin_list>
<bind>
<opset="s_box_load_4 "/>
</bind>
</comp>

<comp id="530" class="1005" name="s_box_load_5_reg_530">
<pin_list>
<pin id="531" dir="0" index="0" bw="8" slack="1"/>
<pin id="532" dir="1" index="1" bw="8" slack="1"/>
</pin_list>
<bind>
<opset="s_box_load_5 "/>
</bind>
</comp>

<comp id="535" class="1005" name="s_box_load_6_reg_535">
<pin_list>
<pin id="536" dir="0" index="0" bw="8" slack="1"/>
<pin id="537" dir="1" index="1" bw="8" slack="1"/>
</pin_list>
<bind>
<opset="s_box_load_6 "/>
</bind>
</comp>

<comp id="540" class="1005" name="s_box_load_7_reg_540">
<pin_list>
<pin id="541" dir="0" index="0" bw="8" slack="1"/>
<pin id="542" dir="1" index="1" bw="8" slack="1"/>
</pin_list>
<bind>
<opset="s_box_load_7 "/>
</bind>
</comp>

<comp id="545" class="1005" name="s_box_addr_8_reg_545">
<pin_list>
<pin id="546" dir="0" index="0" bw="8" slack="1"/>
<pin id="547" dir="1" index="1" bw="8" slack="1"/>
</pin_list>
<bind>
<opset="s_box_addr_8 "/>
</bind>
</comp>

<comp id="550" class="1005" name="s_box_addr_9_reg_550">
<pin_list>
<pin id="551" dir="0" index="0" bw="8" slack="1"/>
<pin id="552" dir="1" index="1" bw="8" slack="1"/>
</pin_list>
<bind>
<opset="s_box_addr_9 "/>
</bind>
</comp>

<comp id="555" class="1005" name="s_box_addr_10_reg_555">
<pin_list>
<pin id="556" dir="0" index="0" bw="8" slack="1"/>
<pin id="557" dir="1" index="1" bw="8" slack="1"/>
</pin_list>
<bind>
<opset="s_box_addr_10 "/>
</bind>
</comp>

<comp id="560" class="1005" name="s_box_addr_11_reg_560">
<pin_list>
<pin id="561" dir="0" index="0" bw="8" slack="1"/>
<pin id="562" dir="1" index="1" bw="8" slack="1"/>
</pin_list>
<bind>
<opset="s_box_addr_11 "/>
</bind>
</comp>

<comp id="565" class="1005" name="s_box_addr_12_reg_565">
<pin_list>
<pin id="566" dir="0" index="0" bw="8" slack="1"/>
<pin id="567" dir="1" index="1" bw="8" slack="1"/>
</pin_list>
<bind>
<opset="s_box_addr_12 "/>
</bind>
</comp>

<comp id="570" class="1005" name="s_box_addr_13_reg_570">
<pin_list>
<pin id="571" dir="0" index="0" bw="8" slack="1"/>
<pin id="572" dir="1" index="1" bw="8" slack="1"/>
</pin_list>
<bind>
<opset="s_box_addr_13 "/>
</bind>
</comp>

<comp id="575" class="1005" name="s_box_addr_14_reg_575">
<pin_list>
<pin id="576" dir="0" index="0" bw="8" slack="1"/>
<pin id="577" dir="1" index="1" bw="8" slack="1"/>
</pin_list>
<bind>
<opset="s_box_addr_14 "/>
</bind>
</comp>

<comp id="580" class="1005" name="s_box_addr_15_reg_580">
<pin_list>
<pin id="581" dir="0" index="0" bw="8" slack="1"/>
<pin id="582" dir="1" index="1" bw="8" slack="1"/>
</pin_list>
<bind>
<opset="s_box_addr_15 "/>
</bind>
</comp>

</comp_list>

<net_list>
<net id="44"><net_src comp="34" pin="0"/><net_sink comp="40" pin=0"/></net>

<net id="45"><net_src comp="14" pin="0"/><net_sink comp="40" pin=1"/></net>

<net id="50"><net_src comp="34" pin="0"/><net_sink comp="46" pin=0"/></net>

<net id="51"><net_src comp="12" pin="0"/><net_sink comp="46" pin=1"/></net>

<net id="56"><net_src comp="34" pin="0"/><net_sink comp="52" pin=0"/></net>

<net id="57"><net_src comp="10" pin="0"/><net_sink comp="52" pin=1"/></net>

<net id="62"><net_src comp="34" pin="0"/><net_sink comp="58" pin=0"/></net>

<net id="63"><net_src comp="8" pin="0"/><net_sink comp="58" pin=1"/></net>

<net id="68"><net_src comp="34" pin="0"/><net_sink comp="64" pin=0"/></net>

<net id="69"><net_src comp="6" pin="0"/><net_sink comp="64" pin=1"/></net>

<net id="74"><net_src comp="34" pin="0"/><net_sink comp="70" pin=0"/></net>

<net id="75"><net_src comp="4" pin="0"/><net_sink comp="70" pin=1"/></net>

<net id="80"><net_src comp="34" pin="0"/><net_sink comp="76" pin=0"/></net>

<net id="81"><net_src comp="2" pin="0"/><net_sink comp="76" pin=1"/></net>

<net id="86"><net_src comp="34" pin="0"/><net_sink comp="82" pin=0"/></net>

<net id="87"><net_src comp="0" pin="0"/><net_sink comp="82" pin=1"/></net>

<net id="92"><net_src comp="34" pin="0"/><net_sink comp="88" pin=0"/></net>

<net id="93"><net_src comp="30" pin="0"/><net_sink comp="88" pin=1"/></net>

<net id="98"><net_src comp="34" pin="0"/><net_sink comp="94" pin=0"/></net>

<net id="99"><net_src comp="28" pin="0"/><net_sink comp="94" pin=1"/></net>

<net id="104"><net_src comp="34" pin="0"/><net_sink comp="100" pin=0"/></net>

<net id="105"><net_src comp="26" pin="0"/><net_sink comp="100" pin=1"/></net>

<net id="110"><net_src comp="34" pin="0"/><net_sink comp="106" pin=0"/></net>

<net id="111"><net_src comp="24" pin="0"/><net_sink comp="106" pin=1"/></net>

<net id="116"><net_src comp="34" pin="0"/><net_sink comp="112" pin=0"/></net>

<net id="117"><net_src comp="22" pin="0"/><net_sink comp="112" pin=1"/></net>

<net id="122"><net_src comp="34" pin="0"/><net_sink comp="118" pin=0"/></net>

<net id="123"><net_src comp="20" pin="0"/><net_sink comp="118" pin=1"/></net>

<net id="128"><net_src comp="34" pin="0"/><net_sink comp="124" pin=0"/></net>

<net id="129"><net_src comp="18" pin="0"/><net_sink comp="124" pin=1"/></net>

<net id="134"><net_src comp="34" pin="0"/><net_sink comp="130" pin=0"/></net>

<net id="135"><net_src comp="16" pin="0"/><net_sink comp="130" pin=1"/></net>

<net id="141"><net_src comp="32" pin="0"/><net_sink comp="136" pin=0"/></net>

<net id="142"><net_src comp="36" pin="0"/><net_sink comp="136" pin=1"/></net>

<net id="176"><net_src comp="136" pin="3"/><net_sink comp="143" pin=18"/></net>

<net id="182"><net_src comp="32" pin="0"/><net_sink comp="177" pin=0"/></net>

<net id="183"><net_src comp="36" pin="0"/><net_sink comp="177" pin=1"/></net>

<net id="184"><net_src comp="177" pin="3"/><net_sink comp="143" pin=16"/></net>

<net id="190"><net_src comp="32" pin="0"/><net_sink comp="185" pin=0"/></net>

<net id="191"><net_src comp="36" pin="0"/><net_sink comp="185" pin=1"/></net>

<net id="192"><net_src comp="185" pin="3"/><net_sink comp="143" pin=13"/></net>

<net id="198"><net_src comp="32" pin="0"/><net_sink comp="193" pin=0"/></net>

<net id="199"><net_src comp="36" pin="0"/><net_sink comp="193" pin=1"/></net>

<net id="200"><net_src comp="193" pin="3"/><net_sink comp="143" pin=10"/></net>

<net id="206"><net_src comp="32" pin="0"/><net_sink comp="201" pin=0"/></net>

<net id="207"><net_src comp="36" pin="0"/><net_sink comp="201" pin=1"/></net>

<net id="208"><net_src comp="201" pin="3"/><net_sink comp="143" pin=8"/></net>

<net id="214"><net_src comp="32" pin="0"/><net_sink comp="209" pin=0"/></net>

<net id="215"><net_src comp="36" pin="0"/><net_sink comp="209" pin=1"/></net>

<net id="216"><net_src comp="209" pin="3"/><net_sink comp="143" pin=5"/></net>

<net id="222"><net_src comp="32" pin="0"/><net_sink comp="217" pin=0"/></net>

<net id="223"><net_src comp="36" pin="0"/><net_sink comp="217" pin=1"/></net>

<net id="224"><net_src comp="217" pin="3"/><net_sink comp="143" pin=2"/></net>

<net id="230"><net_src comp="32" pin="0"/><net_sink comp="225" pin=0"/></net>

<net id="231"><net_src comp="36" pin="0"/><net_sink comp="225" pin=1"/></net>

<net id="232"><net_src comp="225" pin="3"/><net_sink comp="143" pin=0"/></net>

<net id="238"><net_src comp="32" pin="0"/><net_sink comp="233" pin=0"/></net>

<net id="239"><net_src comp="36" pin="0"/><net_sink comp="233" pin=1"/></net>

<net id="240"><net_src comp="233" pin="3"/><net_sink comp="143" pin=18"/></net>

<net id="246"><net_src comp="32" pin="0"/><net_sink comp="241" pin=0"/></net>

<net id="247"><net_src comp="36" pin="0"/><net_sink comp="241" pin=1"/></net>

<net id="248"><net_src comp="241" pin="3"/><net_sink comp="143" pin=16"/></net>

<net id="254"><net_src comp="32" pin="0"/><net_sink comp="249" pin=0"/></net>

<net id="255"><net_src comp="36" pin="0"/><net_sink comp="249" pin=1"/></net>

<net id="256"><net_src comp="249" pin="3"/><net_sink comp="143" pin=13"/></net>

<net id="262"><net_src comp="32" pin="0"/><net_sink comp="257" pin=0"/></net>

<net id="263"><net_src comp="36" pin="0"/><net_sink comp="257" pin=1"/></net>

<net id="264"><net_src comp="257" pin="3"/><net_sink comp="143" pin=10"/></net>

<net id="270"><net_src comp="32" pin="0"/><net_sink comp="265" pin=0"/></net>

<net id="271"><net_src comp="36" pin="0"/><net_sink comp="265" pin=1"/></net>

<net id="272"><net_src comp="265" pin="3"/><net_sink comp="143" pin=8"/></net>

<net id="278"><net_src comp="32" pin="0"/><net_sink comp="273" pin=0"/></net>

<net id="279"><net_src comp="36" pin="0"/><net_sink comp="273" pin=1"/></net>

<net id="280"><net_src comp="273" pin="3"/><net_sink comp="143" pin=5"/></net>

<net id="286"><net_src comp="32" pin="0"/><net_sink comp="281" pin=0"/></net>

<net id="287"><net_src comp="36" pin="0"/><net_sink comp="281" pin=1"/></net>

<net id="288"><net_src comp="281" pin="3"/><net_sink comp="143" pin=2"/></net>

<net id="294"><net_src comp="32" pin="0"/><net_sink comp="289" pin=0"/></net>

<net id="295"><net_src comp="36" pin="0"/><net_sink comp="289" pin=1"/></net>

<net id="296"><net_src comp="289" pin="3"/><net_sink comp="143" pin=0"/></net>

<net id="300"><net_src comp="82" pin="2"/><net_sink comp="297" pin=0"/></net>

<net id="301"><net_src comp="297" pin="1"/><net_sink comp="136" pin=2"/></net>

<net id="305"><net_src comp="76" pin="2"/><net_sink comp="302" pin=0"/></net>

<net id="306"><net_src comp="302" pin="1"/><net_sink comp="177" pin=2"/></net>

<net id="310"><net_src comp="70" pin="2"/><net_sink comp="307" pin=0"/></net>

<net id="311"><net_src comp="307" pin="1"/><net_sink comp="185" pin=2"/></net>

<net id="315"><net_src comp="64" pin="2"/><net_sink comp="312" pin=0"/></net>

<net id="316"><net_src comp="312" pin="1"/><net_sink comp="193" pin=2"/></net>

<net id="320"><net_src comp="58" pin="2"/><net_sink comp="317" pin=0"/></net>

<net id="321"><net_src comp="317" pin="1"/><net_sink comp="201" pin=2"/></net>

<net id="325"><net_src comp="52" pin="2"/><net_sink comp="322" pin=0"/></net>

<net id="326"><net_src comp="322" pin="1"/><net_sink comp="209" pin=2"/></net>

<net id="330"><net_src comp="46" pin="2"/><net_sink comp="327" pin=0"/></net>

<net id="331"><net_src comp="327" pin="1"/><net_sink comp="217" pin=2"/></net>

<net id="335"><net_src comp="40" pin="2"/><net_sink comp="332" pin=0"/></net>

<net id="336"><net_src comp="332" pin="1"/><net_sink comp="225" pin=2"/></net>

<net id="340"><net_src comp="130" pin="2"/><net_sink comp="337" pin=0"/></net>

<net id="341"><net_src comp="337" pin="1"/><net_sink comp="233" pin=2"/></net>

<net id="345"><net_src comp="124" pin="2"/><net_sink comp="342" pin=0"/></net>

<net id="346"><net_src comp="342" pin="1"/><net_sink comp="241" pin=2"/></net>

<net id="350"><net_src comp="118" pin="2"/><net_sink comp="347" pin=0"/></net>

<net id="351"><net_src comp="347" pin="1"/><net_sink comp="249" pin=2"/></net>

<net id="355"><net_src comp="112" pin="2"/><net_sink comp="352" pin=0"/></net>

<net id="356"><net_src comp="352" pin="1"/><net_sink comp="257" pin=2"/></net>

<net id="360"><net_src comp="106" pin="2"/><net_sink comp="357" pin=0"/></net>

<net id="361"><net_src comp="357" pin="1"/><net_sink comp="265" pin=2"/></net>

<net id="365"><net_src comp="100" pin="2"/><net_sink comp="362" pin=0"/></net>

<net id="366"><net_src comp="362" pin="1"/><net_sink comp="273" pin=2"/></net>

<net id="370"><net_src comp="94" pin="2"/><net_sink comp="367" pin=0"/></net>

<net id="371"><net_src comp="367" pin="1"/><net_sink comp="281" pin=2"/></net>

<net id="375"><net_src comp="88" pin="2"/><net_sink comp="372" pin=0"/></net>

<net id="376"><net_src comp="372" pin="1"/><net_sink comp="289" pin=2"/></net>

<net id="381"><net_src comp="38" pin="0"/><net_sink comp="377" pin=0"/></net>

<net id="386"><net_src comp="377" pin="2"/><net_sink comp="382" pin=0"/></net>

<net id="391"><net_src comp="382" pin="2"/><net_sink comp="387" pin=0"/></net>

<net id="396"><net_src comp="387" pin="2"/><net_sink comp="392" pin=0"/></net>

<net id="401"><net_src comp="392" pin="2"/><net_sink comp="397" pin=0"/></net>

<net id="406"><net_src comp="397" pin="2"/><net_sink comp="402" pin=0"/></net>

<net id="411"><net_src comp="402" pin="2"/><net_sink comp="407" pin=0"/></net>

<net id="416"><net_src comp="407" pin="2"/><net_sink comp="412" pin=0"/></net>

<net id="421"><net_src comp="412" pin="2"/><net_sink comp="417" pin=0"/></net>

<net id="422"><net_src comp="143" pin="31"/><net_sink comp="417" pin=1"/></net>

<net id="427"><net_src comp="417" pin="2"/><net_sink comp="423" pin=0"/></net>

<net id="428"><net_src comp="143" pin="27"/><net_sink comp="423" pin=1"/></net>

<net id="433"><net_src comp="423" pin="2"/><net_sink comp="429" pin=0"/></net>

<net id="434"><net_src comp="143" pin="23"/><net_sink comp="429" pin=1"/></net>

<net id="439"><net_src comp="429" pin="2"/><net_sink comp="435" pin=0"/></net>

<net id="440"><net_src comp="143" pin="19"/><net_sink comp="435" pin=1"/></net>

<net id="445"><net_src comp="435" pin="2"/><net_sink comp="441" pin=0"/></net>

<net id="446"><net_src comp="143" pin="15"/><net_sink comp="441" pin=1"/></net>

<net id="451"><net_src comp="441" pin="2"/><net_sink comp="447" pin=0"/></net>

<net id="452"><net_src comp="143" pin="11"/><net_sink comp="447" pin=1"/></net>

<net id="457"><net_src comp="447" pin="2"/><net_sink comp="453" pin=0"/></net>

<net id="458"><net_src comp="143" pin="7"/><net_sink comp="453" pin=1"/></net>

<net id="463"><net_src comp="453" pin="2"/><net_sink comp="459" pin=0"/></net>

<net id="464"><net_src comp="143" pin="3"/><net_sink comp="459" pin=1"/></net>

<net id="468"><net_src comp="136" pin="3"/><net_sink comp="465" pin=0"/></net>

<net id="469"><net_src comp="465" pin="1"/><net_sink comp="143" pin=18"/></net>

<net id="473"><net_src comp="177" pin="3"/><net_sink comp="470" pin=0"/></net>

<net id="474"><net_src comp="470" pin="1"/><net_sink comp="143" pin=16"/></net>

<net id="478"><net_src comp="185" pin="3"/><net_sink comp="475" pin=0"/></net>

<net id="479"><net_src comp="475" pin="1"/><net_sink comp="143" pin=13"/></net>

<net id="483"><net_src comp="193" pin="3"/><net_sink comp="480" pin=0"/></net>

<net id="484"><net_src comp="480" pin="1"/><net_sink comp="143" pin=10"/></net>

<net id="488"><net_src comp="201" pin="3"/><net_sink comp="485" pin=0"/></net>

<net id="489"><net_src comp="485" pin="1"/><net_sink comp="143" pin=8"/></net>

<net id="493"><net_src comp="209" pin="3"/><net_sink comp="490" pin=0"/></net>

<net id="494"><net_src comp="490" pin="1"/><net_sink comp="143" pin=5"/></net>

<net id="498"><net_src comp="217" pin="3"/><net_sink comp="495" pin=0"/></net>

<net id="499"><net_src comp="495" pin="1"/><net_sink comp="143" pin=2"/></net>

<net id="503"><net_src comp="225" pin="3"/><net_sink comp="500" pin=0"/></net>

<net id="504"><net_src comp="500" pin="1"/><net_sink comp="143" pin=0"/></net>

<net id="508"><net_src comp="143" pin="31"/><net_sink comp="505" pin=0"/></net>

<net id="509"><net_src comp="505" pin="1"/><net_sink comp="377" pin=1"/></net>

<net id="513"><net_src comp="143" pin="27"/><net_sink comp="510" pin=0"/></net>

<net id="514"><net_src comp="510" pin="1"/><net_sink comp="382" pin=1"/></net>

<net id="518"><net_src comp="143" pin="23"/><net_sink comp="515" pin=0"/></net>

<net id="519"><net_src comp="515" pin="1"/><net_sink comp="387" pin=1"/></net>

<net id="523"><net_src comp="143" pin="19"/><net_sink comp="520" pin=0"/></net>

<net id="524"><net_src comp="520" pin="1"/><net_sink comp="392" pin=1"/></net>

<net id="528"><net_src comp="143" pin="15"/><net_sink comp="525" pin=0"/></net>

<net id="529"><net_src comp="525" pin="1"/><net_sink comp="397" pin=1"/></net>

<net id="533"><net_src comp="143" pin="11"/><net_sink comp="530" pin=0"/></net>

<net id="534"><net_src comp="530" pin="1"/><net_sink comp="402" pin=1"/></net>

<net id="538"><net_src comp="143" pin="7"/><net_sink comp="535" pin=0"/></net>

<net id="539"><net_src comp="535" pin="1"/><net_sink comp="407" pin=1"/></net>

<net id="543"><net_src comp="143" pin="3"/><net_sink comp="540" pin=0"/></net>

<net id="544"><net_src comp="540" pin="1"/><net_sink comp="412" pin=1"/></net>

<net id="548"><net_src comp="233" pin="3"/><net_sink comp="545" pin=0"/></net>

<net id="549"><net_src comp="545" pin="1"/><net_sink comp="143" pin=18"/></net>

<net id="553"><net_src comp="241" pin="3"/><net_sink comp="550" pin=0"/></net>

<net id="554"><net_src comp="550" pin="1"/><net_sink comp="143" pin=16"/></net>

<net id="558"><net_src comp="249" pin="3"/><net_sink comp="555" pin=0"/></net>

<net id="559"><net_src comp="555" pin="1"/><net_sink comp="143" pin=13"/></net>

<net id="563"><net_src comp="257" pin="3"/><net_sink comp="560" pin=0"/></net>

<net id="564"><net_src comp="560" pin="1"/><net_sink comp="143" pin=10"/></net>

<net id="568"><net_src comp="265" pin="3"/><net_sink comp="565" pin=0"/></net>

<net id="569"><net_src comp="565" pin="1"/><net_sink comp="143" pin=8"/></net>

<net id="573"><net_src comp="273" pin="3"/><net_sink comp="570" pin=0"/></net>

<net id="574"><net_src comp="570" pin="1"/><net_sink comp="143" pin=5"/></net>

<net id="578"><net_src comp="281" pin="3"/><net_sink comp="575" pin=0"/></net>

<net id="579"><net_src comp="575" pin="1"/><net_sink comp="143" pin=2"/></net>

<net id="583"><net_src comp="289" pin="3"/><net_sink comp="580" pin=0"/></net>

<net id="584"><net_src comp="580" pin="1"/><net_sink comp="143" pin=0"/></net>

</net_list>

</model> 
---------------- Datapath Model END ------------------

* FSMD analyzer results:
  - Output states:
	Port: data_0_read | {}
	Port: data_1_read | {}
	Port: data_2_read | {}
	Port: data_3_read | {}
	Port: data_4_read | {}
	Port: data_5_read | {}
	Port: data_6_read | {}
	Port: data_7_read | {}
	Port: data_8_read | {}
	Port: data_9_read | {}
	Port: data_10_read | {}
	Port: data_11_read | {}
	Port: data_1213_read | {}
	Port: data_13_read | {}
	Port: data_14_read | {}
	Port: data_15_read | {}
	Port: s_box | {}
 - Input state : 
	Port: SubBytes : data_0_read | {1 }
	Port: SubBytes : data_1_read | {1 }
	Port: SubBytes : data_2_read | {1 }
	Port: SubBytes : data_3_read | {1 }
	Port: SubBytes : data_4_read | {1 }
	Port: SubBytes : data_5_read | {1 }
	Port: SubBytes : data_6_read | {1 }
	Port: SubBytes : data_7_read | {1 }
	Port: SubBytes : data_8_read | {2 }
	Port: SubBytes : data_9_read | {2 }
	Port: SubBytes : data_10_read | {2 }
	Port: SubBytes : data_11_read | {2 }
	Port: SubBytes : data_1213_read | {2 }
	Port: SubBytes : data_13_read | {2 }
	Port: SubBytes : data_14_read | {2 }
	Port: SubBytes : data_15_read | {2 }
	Port: SubBytes : s_box | {1 2 3 }
  - Chain level:
	State 1
		s_box_addr : 1
		s_box_load : 2
		s_box_addr_1 : 1
		s_box_load_1 : 2
		s_box_addr_2 : 1
		s_box_load_2 : 2
		s_box_addr_3 : 1
		s_box_load_3 : 2
		s_box_addr_4 : 1
		s_box_load_4 : 2
		s_box_addr_5 : 1
		s_box_load_5 : 2
		s_box_addr_6 : 1
		s_box_load_6 : 2
		s_box_addr_7 : 1
		s_box_load_7 : 2
	State 2
		s_box_addr_8 : 1
		s_box_load_8 : 2
		s_box_addr_9 : 1
		s_box_load_9 : 2
		s_box_addr_10 : 1
		s_box_load_10 : 2
		s_box_addr_11 : 1
		s_box_load_11 : 2
		s_box_addr_12 : 1
		s_box_load_12 : 2
		s_box_addr_13 : 1
		s_box_load_13 : 2
		s_box_addr_14 : 1
		s_box_load_14 : 2
		s_box_addr_15 : 1
		s_box_load_15 : 2
	State 3
		mrv_1 : 1
		mrv_2 : 2
		mrv_3 : 3
		mrv_4 : 4
		mrv_5 : 5
		mrv_6 : 6
		mrv_7 : 7
		mrv_8 : 8
		mrv_9 : 9
		mrv_s : 10
		mrv_10 : 11
		mrv_11 : 12
		mrv_12 : 13
		mrv_13 : 14
		mrv_14 : 15
		ret_ln121 : 16


============================================================
+ Verbose Summary: Datapath Resource usage 
============================================================

* Functional unit list:
|----------|------------------------------|
| Operation|        Functional Unit       |
|----------|------------------------------|
|          |   data_7_read_1_read_fu_40   |
|          |   data_6_read_1_read_fu_46   |
|          |   data_5_read_1_read_fu_52   |
|          |   data_4_read_1_read_fu_58   |
|          |   data_3_read_1_read_fu_64   |
|          |   data_2_read_1_read_fu_70   |
|          |   data_1_read_1_read_fu_76   |
|   read   |   data_0_read_1_read_fu_82   |
|          |   data_15_read_1_read_fu_88  |
|          |   data_14_read_1_read_fu_94  |
|          |  data_13_read_1_read_fu_100  |
|          | data_1213_read_1_read_fu_106 |
|          |  data_11_read_1_read_fu_112  |
|          |  data_10_read_1_read_fu_118  |
|          |   data_9_read_1_read_fu_124  |
|          |   data_8_read_1_read_fu_130  |
|----------|------------------------------|
|          |       zext_ln119_fu_297      |
|          |      zext_ln119_1_fu_302     |
|          |      zext_ln119_2_fu_307     |
|          |      zext_ln119_3_fu_312     |
|          |      zext_ln119_4_fu_317     |
|          |      zext_ln119_5_fu_322     |
|          |      zext_ln119_6_fu_327     |
|   zext   |      zext_ln119_7_fu_332     |
|          |      zext_ln119_8_fu_337     |
|          |      zext_ln119_9_fu_342     |
|          |     zext_ln119_10_fu_347     |
|          |     zext_ln119_11_fu_352     |
|          |     zext_ln119_12_fu_357     |
|          |     zext_ln119_13_fu_362     |
|          |     zext_ln119_14_fu_367     |
|          |     zext_ln119_15_fu_372     |
|----------|------------------------------|
|          |          mrv_fu_377          |
|          |         mrv_1_fu_382         |
|          |         mrv_2_fu_387         |
|          |         mrv_3_fu_392         |
|          |         mrv_4_fu_397         |
|          |         mrv_5_fu_402         |
|          |         mrv_6_fu_407         |
|insertvalue|         mrv_7_fu_412         |
|          |         mrv_8_fu_417         |
|          |         mrv_9_fu_423         |
|          |         mrv_s_fu_429         |
|          |         mrv_10_fu_435        |
|          |         mrv_11_fu_441        |
|          |         mrv_12_fu_447        |
|          |         mrv_13_fu_453        |
|          |         mrv_14_fu_459        |
|----------|------------------------------|
|   Total  |                              |
|----------|------------------------------|

Memories:
N/A

* Register list:
+---------------------+--------+
|                     |   FF   |
+---------------------+--------+
|s_box_addr_10_reg_555|    8   |
|s_box_addr_11_reg_560|    8   |
|s_box_addr_12_reg_565|    8   |
|s_box_addr_13_reg_570|    8   |
|s_box_addr_14_reg_575|    8   |
|s_box_addr_15_reg_580|    8   |
| s_box_addr_1_reg_470|    8   |
| s_box_addr_2_reg_475|    8   |
| s_box_addr_3_reg_480|    8   |
| s_box_addr_4_reg_485|    8   |
| s_box_addr_5_reg_490|    8   |
| s_box_addr_6_reg_495|    8   |
| s_box_addr_7_reg_500|    8   |
| s_box_addr_8_reg_545|    8   |
| s_box_addr_9_reg_550|    8   |
|  s_box_addr_reg_465 |    8   |
| s_box_load_1_reg_510|    8   |
| s_box_load_2_reg_515|    8   |
| s_box_load_3_reg_520|    8   |
| s_box_load_4_reg_525|    8   |
| s_box_load_5_reg_530|    8   |
| s_box_load_6_reg_535|    8   |
| s_box_load_7_reg_540|    8   |
|  s_box_load_reg_505 |    8   |
+---------------------+--------+
|        Total        |   192  |
+---------------------+--------+

* Multiplexer (MUX) list: 
|-------------------|------|------|------|--------||---------||---------|
|        Comp       |  Pin | Size |  BW  | S x BW ||  Delay  ||   LUT   |
|-------------------|------|------|------|--------||---------||---------|
| grp_access_fu_143 |  p0  |   4  |   8  |   32   ||    20   |
| grp_access_fu_143 |  p2  |   4  |   0  |    0   ||    20   |
| grp_access_fu_143 |  p5  |   4  |   8  |   32   ||    20   |
| grp_access_fu_143 |  p8  |   4  |   8  |   32   ||    20   |
| grp_access_fu_143 |  p10 |   4  |   0  |    0   ||    20   |
| grp_access_fu_143 |  p13 |   4  |   8  |   32   ||    20   |
| grp_access_fu_143 |  p16 |   4  |   8  |   32   ||    20   |
| grp_access_fu_143 |  p18 |   4  |   0  |    0   ||    20   |
|-------------------|------|------|------|--------||---------||---------|
|       Total       |      |      |      |   160  ||   4.84  ||   160   |
|-------------------|------|------|------|--------||---------||---------|



* Summary:
+-----------+--------+--------+--------+
|           |  Delay |   FF   |   LUT  |
+-----------+--------+--------+--------+
|  Function |    -   |    -   |    -   |
|   Memory  |    -   |    -   |    -   |
|Multiplexer|    4   |    -   |   160  |
|  Register |    -   |   192  |    -   |
+-----------+--------+--------+--------+
|   Total   |    4   |   192  |   160  |
+-----------+--------+--------+--------+
