

================================================================
== Vitis HLS Report for 'SubBytes'
================================================================
* Date:           Sun Feb 23 16:10:25 2025

* Version:        2023.2 (Build 4023990 on Oct 11 2023)
* Project:        AES_AntonioMateo
* Solution:       solution1 (Vivado IP Flow Target)
* Product family: zynquplus
* Target device:  xczu3eg-sbva484-1-i


================================================================
== Performance Estimates
================================================================
+ Timing: 
    * Summary: 
    +--------+----------+----------+------------+
    |  Clock |  Target  | Estimated| Uncertainty|
    +--------+----------+----------+------------+
    |ap_clk  |  10.00 ns|  1.352 ns|     2.70 ns|
    +--------+----------+----------+------------+

+ Latency: 
    * Summary: 
    +---------+---------+-----------+-----------+-----+-----+---------+
    |  Latency (cycles) |   Latency (absolute)  |  Interval | Pipeline|
    |   min   |   max   |    min    |    max    | min | max |   Type  |
    +---------+---------+-----------+-----------+-----+-----+---------+
    |        2|        2|  20.000 ns|  20.000 ns|    2|    2|      yes|
    +---------+---------+-----------+-----------+-----+-----+---------+

    + Detail: 
        * Instance: 
        N/A

        * Loop: 
        N/A

============================================================
+ Verbose Summary: Synthesis Manager
============================================================
InlineROM: 1
ExposeGlobal: 0
============================================================
+ Verbose Summary: CDFG Model
============================================================
IsTopModel: 0
ResetActiveHigh: 1
IsCombinational: 0
IsDatapathOnly: 0
HasWiredReturn: 1
HasMFsm: 2
HasVarLatency: 0
IsPipeline: 1
IsRtlPipelined: 1
IsInstanceOverlapped: 0
IsDontTouch: 0
HasImplIP: 0
IsGatedGlobalClock: 0

+ Individual pipeline summary: 
  * Pipeline-0: initiation interval (II) = 2, depth = 3


============================================================
+ Verbose Summary: Schedule
============================================================
* Number of FSM states : 3
* Pipeline : 1
  Pipeline-0 : II = 2, D = 3, States = { 1 2 3 }
* Dataflow Pipeline: 0

* FSM state transitions: 
1 --> 2 
2 --> 3 
3 --> 

* FSM state operations: 

State 1 <SV = 0> <Delay = 1.35>
ST_1 : Operation 4 [1/1] (0.00ns)   --->   "%data_7_read_1 = read i8 @_ssdm_op_Read.ap_auto.i8, i8 %data_7_read" [AES_AntonioMateo/DIseno/AES_accel.cpp:119]   --->   Operation 4 'read' 'data_7_read_1' <Predicate = true> <Delay = 0.00>
ST_1 : Operation 5 [1/1] (0.00ns)   --->   "%data_6_read_1 = read i8 @_ssdm_op_Read.ap_auto.i8, i8 %data_6_read" [AES_AntonioMateo/DIseno/AES_accel.cpp:119]   --->   Operation 5 'read' 'data_6_read_1' <Predicate = true> <Delay = 0.00>
ST_1 : Operation 6 [1/1] (0.00ns)   --->   "%data_5_read_1 = read i8 @_ssdm_op_Read.ap_auto.i8, i8 %data_5_read" [AES_AntonioMateo/DIseno/AES_accel.cpp:119]   --->   Operation 6 'read' 'data_5_read_1' <Predicate = true> <Delay = 0.00>
ST_1 : Operation 7 [1/1] (0.00ns)   --->   "%data_4_read_1 = read i8 @_ssdm_op_Read.ap_auto.i8, i8 %data_4_read" [AES_AntonioMateo/DIseno/AES_accel.cpp:119]   --->   Operation 7 'read' 'data_4_read_1' <Predicate = true> <Delay = 0.00>
ST_1 : Operation 8 [1/1] (0.00ns)   --->   "%data_3_read_1 = read i8 @_ssdm_op_Read.ap_auto.i8, i8 %data_3_read" [AES_AntonioMateo/DIseno/AES_accel.cpp:119]   --->   Operation 8 'read' 'data_3_read_1' <Predicate = true> <Delay = 0.00>
ST_1 : Operation 9 [1/1] (0.00ns)   --->   "%data_2_read_1 = read i8 @_ssdm_op_Read.ap_auto.i8, i8 %data_2_read" [AES_AntonioMateo/DIseno/AES_accel.cpp:119]   --->   Operation 9 'read' 'data_2_read_1' <Predicate = true> <Delay = 0.00>
ST_1 : Operation 10 [1/1] (0.00ns)   --->   "%data_1_read_1 = read i8 @_ssdm_op_Read.ap_auto.i8, i8 %data_1_read" [AES_AntonioMateo/DIseno/AES_accel.cpp:119]   --->   Operation 10 'read' 'data_1_read_1' <Predicate = true> <Delay = 0.00>
ST_1 : Operation 11 [1/1] (0.00ns)   --->   "%data_0_read_1 = read i8 @_ssdm_op_Read.ap_auto.i8, i8 %data_0_read" [AES_AntonioMateo/DIseno/AES_accel.cpp:119]   --->   Operation 11 'read' 'data_0_read_1' <Predicate = true> <Delay = 0.00>
ST_1 : Operation 12 [1/1] (0.00ns)   --->   "%zext_ln119 = zext i8 %data_0_read_1" [AES_AntonioMateo/DIseno/AES_accel.cpp:119]   --->   Operation 12 'zext' 'zext_ln119' <Predicate = true> <Delay = 0.00>
ST_1 : Operation 13 [1/1] (0.00ns)   --->   "%s_box_addr = getelementptr i8 %s_box, i64 0, i64 %zext_ln119" [AES_AntonioMateo/DIseno/AES_accel.cpp:119]   --->   Operation 13 'getelementptr' 's_box_addr' <Predicate = true> <Delay = 0.00>
ST_1 : Operation 14 [2/2] (1.35ns)   --->   "%s_box_load = load i8 %s_box_addr" [AES_AntonioMateo/DIseno/AES_accel.cpp:119]   --->   Operation 14 'load' 's_box_load' <Predicate = true> <Delay = 1.35> <CoreInst = "ROM">   --->   Core 101 'ROM' <Latency = 1> <II = 1> <Delay = 1.35> <Storage> <Opcode : 'load'> <Ports = 0> <Width = 8> <Depth = 256> <ROM>
ST_1 : Operation 15 [1/1] (0.00ns)   --->   "%zext_ln119_1 = zext i8 %data_1_read_1" [AES_AntonioMateo/DIseno/AES_accel.cpp:119]   --->   Operation 15 'zext' 'zext_ln119_1' <Predicate = true> <Delay = 0.00>
ST_1 : Operation 16 [1/1] (0.00ns)   --->   "%s_box_addr_1 = getelementptr i8 %s_box, i64 0, i64 %zext_ln119_1" [AES_AntonioMateo/DIseno/AES_accel.cpp:119]   --->   Operation 16 'getelementptr' 's_box_addr_1' <Predicate = true> <Delay = 0.00>
ST_1 : Operation 17 [2/2] (1.35ns)   --->   "%s_box_load_1 = load i8 %s_box_addr_1" [AES_AntonioMateo/DIseno/AES_accel.cpp:119]   --->   Operation 17 'load' 's_box_load_1' <Predicate = true> <Delay = 1.35> <CoreInst = "ROM">   --->   Core 101 'ROM' <Latency = 1> <II = 1> <Delay = 1.35> <Storage> <Opcode : 'load'> <Ports = 0> <Width = 8> <Depth = 256> <ROM>
ST_1 : Operation 18 [1/1] (0.00ns)   --->   "%zext_ln119_2 = zext i8 %data_2_read_1" [AES_AntonioMateo/DIseno/AES_accel.cpp:119]   --->   Operation 18 'zext' 'zext_ln119_2' <Predicate = true> <Delay = 0.00>
ST_1 : Operation 19 [1/1] (0.00ns)   --->   "%s_box_addr_2 = getelementptr i8 %s_box, i64 0, i64 %zext_ln119_2" [AES_AntonioMateo/DIseno/AES_accel.cpp:119]   --->   Operation 19 'getelementptr' 's_box_addr_2' <Predicate = true> <Delay = 0.00>
ST_1 : Operation 20 [2/2] (1.35ns)   --->   "%s_box_load_2 = load i8 %s_box_addr_2" [AES_AntonioMateo/DIseno/AES_accel.cpp:119]   --->   Operation 20 'load' 's_box_load_2' <Predicate = true> <Delay = 1.35> <CoreInst = "ROM">   --->   Core 101 'ROM' <Latency = 1> <II = 1> <Delay = 1.35> <Storage> <Opcode : 'load'> <Ports = 0> <Width = 8> <Depth = 256> <ROM>
ST_1 : Operation 21 [1/1] (0.00ns)   --->   "%zext_ln119_3 = zext i8 %data_3_read_1" [AES_AntonioMateo/DIseno/AES_accel.cpp:119]   --->   Operation 21 'zext' 'zext_ln119_3' <Predicate = true> <Delay = 0.00>
ST_1 : Operation 22 [1/1] (0.00ns)   --->   "%s_box_addr_3 = getelementptr i8 %s_box, i64 0, i64 %zext_ln119_3" [AES_AntonioMateo/DIseno/AES_accel.cpp:119]   --->   Operation 22 'getelementptr' 's_box_addr_3' <Predicate = true> <Delay = 0.00>
ST_1 : Operation 23 [2/2] (1.35ns)   --->   "%s_box_load_3 = load i8 %s_box_addr_3" [AES_AntonioMateo/DIseno/AES_accel.cpp:119]   --->   Operation 23 'load' 's_box_load_3' <Predicate = true> <Delay = 1.35> <CoreInst = "ROM">   --->   Core 101 'ROM' <Latency = 1> <II = 1> <Delay = 1.35> <Storage> <Opcode : 'load'> <Ports = 0> <Width = 8> <Depth = 256> <ROM>
ST_1 : Operation 24 [1/1] (0.00ns)   --->   "%zext_ln119_4 = zext i8 %data_4_read_1" [AES_AntonioMateo/DIseno/AES_accel.cpp:119]   --->   Operation 24 'zext' 'zext_ln119_4' <Predicate = true> <Delay = 0.00>
ST_1 : Operation 25 [1/1] (0.00ns)   --->   "%s_box_addr_4 = getelementptr i8 %s_box, i64 0, i64 %zext_ln119_4" [AES_AntonioMateo/DIseno/AES_accel.cpp:119]   --->   Operation 25 'getelementptr' 's_box_addr_4' <Predicate = true> <Delay = 0.00>
ST_1 : Operation 26 [2/2] (1.35ns)   --->   "%s_box_load_4 = load i8 %s_box_addr_4" [AES_AntonioMateo/DIseno/AES_accel.cpp:119]   --->   Operation 26 'load' 's_box_load_4' <Predicate = true> <Delay = 1.35> <CoreInst = "ROM">   --->   Core 101 'ROM' <Latency = 1> <II = 1> <Delay = 1.35> <Storage> <Opcode : 'load'> <Ports = 0> <Width = 8> <Depth = 256> <ROM>
ST_1 : Operation 27 [1/1] (0.00ns)   --->   "%zext_ln119_5 = zext i8 %data_5_read_1" [AES_AntonioMateo/DIseno/AES_accel.cpp:119]   --->   Operation 27 'zext' 'zext_ln119_5' <Predicate = true> <Delay = 0.00>
ST_1 : Operation 28 [1/1] (0.00ns)   --->   "%s_box_addr_5 = getelementptr i8 %s_box, i64 0, i64 %zext_ln119_5" [AES_AntonioMateo/DIseno/AES_accel.cpp:119]   --->   Operation 28 'getelementptr' 's_box_addr_5' <Predicate = true> <Delay = 0.00>
ST_1 : Operation 29 [2/2] (1.35ns)   --->   "%s_box_load_5 = load i8 %s_box_addr_5" [AES_AntonioMateo/DIseno/AES_accel.cpp:119]   --->   Operation 29 'load' 's_box_load_5' <Predicate = true> <Delay = 1.35> <CoreInst = "ROM">   --->   Core 101 'ROM' <Latency = 1> <II = 1> <Delay = 1.35> <Storage> <Opcode : 'load'> <Ports = 0> <Width = 8> <Depth = 256> <ROM>
ST_1 : Operation 30 [1/1] (0.00ns)   --->   "%zext_ln119_6 = zext i8 %data_6_read_1" [AES_AntonioMateo/DIseno/AES_accel.cpp:119]   --->   Operation 30 'zext' 'zext_ln119_6' <Predicate = true> <Delay = 0.00>
ST_1 : Operation 31 [1/1] (0.00ns)   --->   "%s_box_addr_6 = getelementptr i8 %s_box, i64 0, i64 %zext_ln119_6" [AES_AntonioMateo/DIseno/AES_accel.cpp:119]   --->   Operation 31 'getelementptr' 's_box_addr_6' <Predicate = true> <Delay = 0.00>
ST_1 : Operation 32 [2/2] (1.35ns)   --->   "%s_box_load_6 = load i8 %s_box_addr_6" [AES_AntonioMateo/DIseno/AES_accel.cpp:119]   --->   Operation 32 'load' 's_box_load_6' <Predicate = true> <Delay = 1.35> <CoreInst = "ROM">   --->   Core 101 'ROM' <Latency = 1> <II = 1> <Delay = 1.35> <Storage> <Opcode : 'load'> <Ports = 0> <Width = 8> <Depth = 256> <ROM>
ST_1 : Operation 33 [1/1] (0.00ns)   --->   "%zext_ln119_7 = zext i8 %data_7_read_1" [AES_AntonioMateo/DIseno/AES_accel.cpp:119]   --->   Operation 33 'zext' 'zext_ln119_7' <Predicate = true> <Delay = 0.00>
ST_1 : Operation 34 [1/1] (0.00ns)   --->   "%s_box_addr_7 = getelementptr i8 %s_box, i64 0, i64 %zext_ln119_7" [AES_AntonioMateo/DIseno/AES_accel.cpp:119]   --->   Operation 34 'getelementptr' 's_box_addr_7' <Predicate = true> <Delay = 0.00>
ST_1 : Operation 35 [2/2] (1.35ns)   --->   "%s_box_load_7 = load i8 %s_box_addr_7" [AES_AntonioMateo/DIseno/AES_accel.cpp:119]   --->   Operation 35 'load' 's_box_load_7' <Predicate = true> <Delay = 1.35> <CoreInst = "ROM">   --->   Core 101 'ROM' <Latency = 1> <II = 1> <Delay = 1.35> <Storage> <Opcode : 'load'> <Ports = 0> <Width = 8> <Depth = 256> <ROM>

State 2 <SV = 1> <Delay = 1.35>
ST_2 : Operation 36 [1/1] (0.00ns)   --->   "%data_15_read_1 = read i8 @_ssdm_op_Read.ap_auto.i8, i8 %data_15_read" [AES_AntonioMateo/DIseno/AES_accel.cpp:119]   --->   Operation 36 'read' 'data_15_read_1' <Predicate = true> <Delay = 0.00>
ST_2 : Operation 37 [1/1] (0.00ns)   --->   "%data_14_read_1 = read i8 @_ssdm_op_Read.ap_auto.i8, i8 %data_14_read" [AES_AntonioMateo/DIseno/AES_accel.cpp:119]   --->   Operation 37 'read' 'data_14_read_1' <Predicate = true> <Delay = 0.00>
ST_2 : Operation 38 [1/1] (0.00ns)   --->   "%data_13_read_1 = read i8 @_ssdm_op_Read.ap_auto.i8, i8 %data_13_read" [AES_AntonioMateo/DIseno/AES_accel.cpp:119]   --->   Operation 38 'read' 'data_13_read_1' <Predicate = true> <Delay = 0.00>
ST_2 : Operation 39 [1/1] (0.00ns)   --->   "%data_1213_read_1 = read i8 @_ssdm_op_Read.ap_auto.i8, i8 %data_1213_read" [AES_AntonioMateo/DIseno/AES_accel.cpp:119]   --->   Operation 39 'read' 'data_1213_read_1' <Predicate = true> <Delay = 0.00>
ST_2 : Operation 40 [1/1] (0.00ns)   --->   "%data_11_read_1 = read i8 @_ssdm_op_Read.ap_auto.i8, i8 %data_11_read" [AES_AntonioMateo/DIseno/AES_accel.cpp:119]   --->   Operation 40 'read' 'data_11_read_1' <Predicate = true> <Delay = 0.00>
ST_2 : Operation 41 [1/1] (0.00ns)   --->   "%data_10_read_1 = read i8 @_ssdm_op_Read.ap_auto.i8, i8 %data_10_read" [AES_AntonioMateo/DIseno/AES_accel.cpp:119]   --->   Operation 41 'read' 'data_10_read_1' <Predicate = true> <Delay = 0.00>
ST_2 : Operation 42 [1/1] (0.00ns)   --->   "%data_9_read_1 = read i8 @_ssdm_op_Read.ap_auto.i8, i8 %data_9_read" [AES_AntonioMateo/DIseno/AES_accel.cpp:119]   --->   Operation 42 'read' 'data_9_read_1' <Predicate = true> <Delay = 0.00>
ST_2 : Operation 43 [1/1] (0.00ns)   --->   "%data_8_read_1 = read i8 @_ssdm_op_Read.ap_auto.i8, i8 %data_8_read" [AES_AntonioMateo/DIseno/AES_accel.cpp:119]   --->   Operation 43 'read' 'data_8_read_1' <Predicate = true> <Delay = 0.00>
ST_2 : Operation 44 [1/2] (1.35ns)   --->   "%s_box_load = load i8 %s_box_addr" [AES_AntonioMateo/DIseno/AES_accel.cpp:119]   --->   Operation 44 'load' 's_box_load' <Predicate = true> <Delay = 1.35> <CoreInst = "ROM">   --->   Core 101 'ROM' <Latency = 1> <II = 1> <Delay = 1.35> <Storage> <Opcode : 'load'> <Ports = 0> <Width = 8> <Depth = 256> <ROM>
ST_2 : Operation 45 [1/2] (1.35ns)   --->   "%s_box_load_1 = load i8 %s_box_addr_1" [AES_AntonioMateo/DIseno/AES_accel.cpp:119]   --->   Operation 45 'load' 's_box_load_1' <Predicate = true> <Delay = 1.35> <CoreInst = "ROM">   --->   Core 101 'ROM' <Latency = 1> <II = 1> <Delay = 1.35> <Storage> <Opcode : 'load'> <Ports = 0> <Width = 8> <Depth = 256> <ROM>
ST_2 : Operation 46 [1/2] (1.35ns)   --->   "%s_box_load_2 = load i8 %s_box_addr_2" [AES_AntonioMateo/DIseno/AES_accel.cpp:119]   --->   Operation 46 'load' 's_box_load_2' <Predicate = true> <Delay = 1.35> <CoreInst = "ROM">   --->   Core 101 'ROM' <Latency = 1> <II = 1> <Delay = 1.35> <Storage> <Opcode : 'load'> <Ports = 0> <Width = 8> <Depth = 256> <ROM>
ST_2 : Operation 47 [1/2] (1.35ns)   --->   "%s_box_load_3 = load i8 %s_box_addr_3" [AES_AntonioMateo/DIseno/AES_accel.cpp:119]   --->   Operation 47 'load' 's_box_load_3' <Predicate = true> <Delay = 1.35> <CoreInst = "ROM">   --->   Core 101 'ROM' <Latency = 1> <II = 1> <Delay = 1.35> <Storage> <Opcode : 'load'> <Ports = 0> <Width = 8> <Depth = 256> <ROM>
ST_2 : Operation 48 [1/2] (1.35ns)   --->   "%s_box_load_4 = load i8 %s_box_addr_4" [AES_AntonioMateo/DIseno/AES_accel.cpp:119]   --->   Operation 48 'load' 's_box_load_4' <Predicate = true> <Delay = 1.35> <CoreInst = "ROM">   --->   Core 101 'ROM' <Latency = 1> <II = 1> <Delay = 1.35> <Storage> <Opcode : 'load'> <Ports = 0> <Width = 8> <Depth = 256> <ROM>
ST_2 : Operation 49 [1/2] (1.35ns)   --->   "%s_box_load_5 = load i8 %s_box_addr_5" [AES_AntonioMateo/DIseno/AES_accel.cpp:119]   --->   Operation 49 'load' 's_box_load_5' <Predicate = true> <Delay = 1.35> <CoreInst = "ROM">   --->   Core 101 'ROM' <Latency = 1> <II = 1> <Delay = 1.35> <Storage> <Opcode : 'load'> <Ports = 0> <Width = 8> <Depth = 256> <ROM>
ST_2 : Operation 50 [1/2] (1.35ns)   --->   "%s_box_load_6 = load i8 %s_box_addr_6" [AES_AntonioMateo/DIseno/AES_accel.cpp:119]   --->   Operation 50 'load' 's_box_load_6' <Predicate = true> <Delay = 1.35> <CoreInst = "ROM">   --->   Core 101 'ROM' <Latency = 1> <II = 1> <Delay = 1.35> <Storage> <Opcode : 'load'> <Ports = 0> <Width = 8> <Depth = 256> <ROM>
ST_2 : Operation 51 [1/2] (1.35ns)   --->   "%s_box_load_7 = load i8 %s_box_addr_7" [AES_AntonioMateo/DIseno/AES_accel.cpp:119]   --->   Operation 51 'load' 's_box_load_7' <Predicate = true> <Delay = 1.35> <CoreInst = "ROM">   --->   Core 101 'ROM' <Latency = 1> <II = 1> <Delay = 1.35> <Storage> <Opcode : 'load'> <Ports = 0> <Width = 8> <Depth = 256> <ROM>
ST_2 : Operation 52 [1/1] (0.00ns)   --->   "%zext_ln119_8 = zext i8 %data_8_read_1" [AES_AntonioMateo/DIseno/AES_accel.cpp:119]   --->   Operation 52 'zext' 'zext_ln119_8' <Predicate = true> <Delay = 0.00>
ST_2 : Operation 53 [1/1] (0.00ns)   --->   "%s_box_addr_8 = getelementptr i8 %s_box, i64 0, i64 %zext_ln119_8" [AES_AntonioMateo/DIseno/AES_accel.cpp:119]   --->   Operation 53 'getelementptr' 's_box_addr_8' <Predicate = true> <Delay = 0.00>
ST_2 : Operation 54 [2/2] (1.35ns)   --->   "%s_box_load_8 = load i8 %s_box_addr_8" [AES_AntonioMateo/DIseno/AES_accel.cpp:119]   --->   Operation 54 'load' 's_box_load_8' <Predicate = true> <Delay = 1.35> <CoreInst = "ROM">   --->   Core 101 'ROM' <Latency = 1> <II = 1> <Delay = 1.35> <Storage> <Opcode : 'load'> <Ports = 0> <Width = 8> <Depth = 256> <ROM>
ST_2 : Operation 55 [1/1] (0.00ns)   --->   "%zext_ln119_9 = zext i8 %data_9_read_1" [AES_AntonioMateo/DIseno/AES_accel.cpp:119]   --->   Operation 55 'zext' 'zext_ln119_9' <Predicate = true> <Delay = 0.00>
ST_2 : Operation 56 [1/1] (0.00ns)   --->   "%s_box_addr_9 = getelementptr i8 %s_box, i64 0, i64 %zext_ln119_9" [AES_AntonioMateo/DIseno/AES_accel.cpp:119]   --->   Operation 56 'getelementptr' 's_box_addr_9' <Predicate = true> <Delay = 0.00>
ST_2 : Operation 57 [2/2] (1.35ns)   --->   "%s_box_load_9 = load i8 %s_box_addr_9" [AES_AntonioMateo/DIseno/AES_accel.cpp:119]   --->   Operation 57 'load' 's_box_load_9' <Predicate = true> <Delay = 1.35> <CoreInst = "ROM">   --->   Core 101 'ROM' <Latency = 1> <II = 1> <Delay = 1.35> <Storage> <Opcode : 'load'> <Ports = 0> <Width = 8> <Depth = 256> <ROM>
ST_2 : Operation 58 [1/1] (0.00ns)   --->   "%zext_ln119_10 = zext i8 %data_10_read_1" [AES_AntonioMateo/DIseno/AES_accel.cpp:119]   --->   Operation 58 'zext' 'zext_ln119_10' <Predicate = true> <Delay = 0.00>
ST_2 : Operation 59 [1/1] (0.00ns)   --->   "%s_box_addr_10 = getelementptr i8 %s_box, i64 0, i64 %zext_ln119_10" [AES_AntonioMateo/DIseno/AES_accel.cpp:119]   --->   Operation 59 'getelementptr' 's_box_addr_10' <Predicate = true> <Delay = 0.00>
ST_2 : Operation 60 [2/2] (1.35ns)   --->   "%s_box_load_10 = load i8 %s_box_addr_10" [AES_AntonioMateo/DIseno/AES_accel.cpp:119]   --->   Operation 60 'load' 's_box_load_10' <Predicate = true> <Delay = 1.35> <CoreInst = "ROM">   --->   Core 101 'ROM' <Latency = 1> <II = 1> <Delay = 1.35> <Storage> <Opcode : 'load'> <Ports = 0> <Width = 8> <Depth = 256> <ROM>
ST_2 : Operation 61 [1/1] (0.00ns)   --->   "%zext_ln119_11 = zext i8 %data_11_read_1" [AES_AntonioMateo/DIseno/AES_accel.cpp:119]   --->   Operation 61 'zext' 'zext_ln119_11' <Predicate = true> <Delay = 0.00>
ST_2 : Operation 62 [1/1] (0.00ns)   --->   "%s_box_addr_11 = getelementptr i8 %s_box, i64 0, i64 %zext_ln119_11" [AES_AntonioMateo/DIseno/AES_accel.cpp:119]   --->   Operation 62 'getelementptr' 's_box_addr_11' <Predicate = true> <Delay = 0.00>
ST_2 : Operation 63 [2/2] (1.35ns)   --->   "%s_box_load_11 = load i8 %s_box_addr_11" [AES_AntonioMateo/DIseno/AES_accel.cpp:119]   --->   Operation 63 'load' 's_box_load_11' <Predicate = true> <Delay = 1.35> <CoreInst = "ROM">   --->   Core 101 'ROM' <Latency = 1> <II = 1> <Delay = 1.35> <Storage> <Opcode : 'load'> <Ports = 0> <Width = 8> <Depth = 256> <ROM>
ST_2 : Operation 64 [1/1] (0.00ns)   --->   "%zext_ln119_12 = zext i8 %data_1213_read_1" [AES_AntonioMateo/DIseno/AES_accel.cpp:119]   --->   Operation 64 'zext' 'zext_ln119_12' <Predicate = true> <Delay = 0.00>
ST_2 : Operation 65 [1/1] (0.00ns)   --->   "%s_box_addr_12 = getelementptr i8 %s_box, i64 0, i64 %zext_ln119_12" [AES_AntonioMateo/DIseno/AES_accel.cpp:119]   --->   Operation 65 'getelementptr' 's_box_addr_12' <Predicate = true> <Delay = 0.00>
ST_2 : Operation 66 [2/2] (1.35ns)   --->   "%s_box_load_12 = load i8 %s_box_addr_12" [AES_AntonioMateo/DIseno/AES_accel.cpp:119]   --->   Operation 66 'load' 's_box_load_12' <Predicate = true> <Delay = 1.35> <CoreInst = "ROM">   --->   Core 101 'ROM' <Latency = 1> <II = 1> <Delay = 1.35> <Storage> <Opcode : 'load'> <Ports = 0> <Width = 8> <Depth = 256> <ROM>
ST_2 : Operation 67 [1/1] (0.00ns)   --->   "%zext_ln119_13 = zext i8 %data_13_read_1" [AES_AntonioMateo/DIseno/AES_accel.cpp:119]   --->   Operation 67 'zext' 'zext_ln119_13' <Predicate = true> <Delay = 0.00>
ST_2 : Operation 68 [1/1] (0.00ns)   --->   "%s_box_addr_13 = getelementptr i8 %s_box, i64 0, i64 %zext_ln119_13" [AES_AntonioMateo/DIseno/AES_accel.cpp:119]   --->   Operation 68 'getelementptr' 's_box_addr_13' <Predicate = true> <Delay = 0.00>
ST_2 : Operation 69 [2/2] (1.35ns)   --->   "%s_box_load_13 = load i8 %s_box_addr_13" [AES_AntonioMateo/DIseno/AES_accel.cpp:119]   --->   Operation 69 'load' 's_box_load_13' <Predicate = true> <Delay = 1.35> <CoreInst = "ROM">   --->   Core 101 'ROM' <Latency = 1> <II = 1> <Delay = 1.35> <Storage> <Opcode : 'load'> <Ports = 0> <Width = 8> <Depth = 256> <ROM>
ST_2 : Operation 70 [1/1] (0.00ns)   --->   "%zext_ln119_14 = zext i8 %data_14_read_1" [AES_AntonioMateo/DIseno/AES_accel.cpp:119]   --->   Operation 70 'zext' 'zext_ln119_14' <Predicate = true> <Delay = 0.00>
ST_2 : Operation 71 [1/1] (0.00ns)   --->   "%s_box_addr_14 = getelementptr i8 %s_box, i64 0, i64 %zext_ln119_14" [AES_AntonioMateo/DIseno/AES_accel.cpp:119]   --->   Operation 71 'getelementptr' 's_box_addr_14' <Predicate = true> <Delay = 0.00>
ST_2 : Operation 72 [2/2] (1.35ns)   --->   "%s_box_load_14 = load i8 %s_box_addr_14" [AES_AntonioMateo/DIseno/AES_accel.cpp:119]   --->   Operation 72 'load' 's_box_load_14' <Predicate = true> <Delay = 1.35> <CoreInst = "ROM">   --->   Core 101 'ROM' <Latency = 1> <II = 1> <Delay = 1.35> <Storage> <Opcode : 'load'> <Ports = 0> <Width = 8> <Depth = 256> <ROM>
ST_2 : Operation 73 [1/1] (0.00ns)   --->   "%zext_ln119_15 = zext i8 %data_15_read_1" [AES_AntonioMateo/DIseno/AES_accel.cpp:119]   --->   Operation 73 'zext' 'zext_ln119_15' <Predicate = true> <Delay = 0.00>
ST_2 : Operation 74 [1/1] (0.00ns)   --->   "%s_box_addr_15 = getelementptr i8 %s_box, i64 0, i64 %zext_ln119_15" [AES_AntonioMateo/DIseno/AES_accel.cpp:119]   --->   Operation 74 'getelementptr' 's_box_addr_15' <Predicate = true> <Delay = 0.00>
ST_2 : Operation 75 [2/2] (1.35ns)   --->   "%s_box_load_15 = load i8 %s_box_addr_15" [AES_AntonioMateo/DIseno/AES_accel.cpp:119]   --->   Operation 75 'load' 's_box_load_15' <Predicate = true> <Delay = 1.35> <CoreInst = "ROM">   --->   Core 101 'ROM' <Latency = 1> <II = 1> <Delay = 1.35> <Storage> <Opcode : 'load'> <Ports = 0> <Width = 8> <Depth = 256> <ROM>

State 3 <SV = 2> <Delay = 1.35>
ST_3 : Operation 76 [1/2] (1.35ns)   --->   "%s_box_load_8 = load i8 %s_box_addr_8" [AES_AntonioMateo/DIseno/AES_accel.cpp:119]   --->   Operation 76 'load' 's_box_load_8' <Predicate = true> <Delay = 1.35> <CoreInst = "ROM">   --->   Core 101 'ROM' <Latency = 1> <II = 1> <Delay = 1.35> <Storage> <Opcode : 'load'> <Ports = 0> <Width = 8> <Depth = 256> <ROM>
ST_3 : Operation 77 [1/2] (1.35ns)   --->   "%s_box_load_9 = load i8 %s_box_addr_9" [AES_AntonioMateo/DIseno/AES_accel.cpp:119]   --->   Operation 77 'load' 's_box_load_9' <Predicate = true> <Delay = 1.35> <CoreInst = "ROM">   --->   Core 101 'ROM' <Latency = 1> <II = 1> <Delay = 1.35> <Storage> <Opcode : 'load'> <Ports = 0> <Width = 8> <Depth = 256> <ROM>
ST_3 : Operation 78 [1/2] (1.35ns)   --->   "%s_box_load_10 = load i8 %s_box_addr_10" [AES_AntonioMateo/DIseno/AES_accel.cpp:119]   --->   Operation 78 'load' 's_box_load_10' <Predicate = true> <Delay = 1.35> <CoreInst = "ROM">   --->   Core 101 'ROM' <Latency = 1> <II = 1> <Delay = 1.35> <Storage> <Opcode : 'load'> <Ports = 0> <Width = 8> <Depth = 256> <ROM>
ST_3 : Operation 79 [1/2] (1.35ns)   --->   "%s_box_load_11 = load i8 %s_box_addr_11" [AES_AntonioMateo/DIseno/AES_accel.cpp:119]   --->   Operation 79 'load' 's_box_load_11' <Predicate = true> <Delay = 1.35> <CoreInst = "ROM">   --->   Core 101 'ROM' <Latency = 1> <II = 1> <Delay = 1.35> <Storage> <Opcode : 'load'> <Ports = 0> <Width = 8> <Depth = 256> <ROM>
ST_3 : Operation 80 [1/2] (1.35ns)   --->   "%s_box_load_12 = load i8 %s_box_addr_12" [AES_AntonioMateo/DIseno/AES_accel.cpp:119]   --->   Operation 80 'load' 's_box_load_12' <Predicate = true> <Delay = 1.35> <CoreInst = "ROM">   --->   Core 101 'ROM' <Latency = 1> <II = 1> <Delay = 1.35> <Storage> <Opcode : 'load'> <Ports = 0> <Width = 8> <Depth = 256> <ROM>
ST_3 : Operation 81 [1/2] (1.35ns)   --->   "%s_box_load_13 = load i8 %s_box_addr_13" [AES_AntonioMateo/DIseno/AES_accel.cpp:119]   --->   Operation 81 'load' 's_box_load_13' <Predicate = true> <Delay = 1.35> <CoreInst = "ROM">   --->   Core 101 'ROM' <Latency = 1> <II = 1> <Delay = 1.35> <Storage> <Opcode : 'load'> <Ports = 0> <Width = 8> <Depth = 256> <ROM>
ST_3 : Operation 82 [1/2] (1.35ns)   --->   "%s_box_load_14 = load i8 %s_box_addr_14" [AES_AntonioMateo/DIseno/AES_accel.cpp:119]   --->   Operation 82 'load' 's_box_load_14' <Predicate = true> <Delay = 1.35> <CoreInst = "ROM">   --->   Core 101 'ROM' <Latency = 1> <II = 1> <Delay = 1.35> <Storage> <Opcode : 'load'> <Ports = 0> <Width = 8> <Depth = 256> <ROM>
ST_3 : Operation 83 [1/2] (1.35ns)   --->   "%s_box_load_15 = load i8 %s_box_addr_15" [AES_AntonioMateo/DIseno/AES_accel.cpp:119]   --->   Operation 83 'load' 's_box_load_15' <Predicate = true> <Delay = 1.35> <CoreInst = "ROM">   --->   Core 101 'ROM' <Latency = 1> <II = 1> <Delay = 1.35> <Storage> <Opcode : 'load'> <Ports = 0> <Width = 8> <Depth = 256> <ROM>
ST_3 : Operation 84 [1/1] (0.00ns)   --->   "%mrv = insertvalue i128 <undef>, i8 %s_box_load" [AES_AntonioMateo/DIseno/AES_accel.cpp:121]   --->   Operation 84 'insertvalue' 'mrv' <Predicate = true> <Delay = 0.00>
ST_3 : Operation 85 [1/1] (0.00ns)   --->   "%mrv_1 = insertvalue i128 %mrv, i8 %s_box_load_1" [AES_AntonioMateo/DIseno/AES_accel.cpp:121]   --->   Operation 85 'insertvalue' 'mrv_1' <Predicate = true> <Delay = 0.00>
ST_3 : Operation 86 [1/1] (0.00ns)   --->   "%mrv_2 = insertvalue i128 %mrv_1, i8 %s_box_load_2" [AES_AntonioMateo/DIseno/AES_accel.cpp:121]   --->   Operation 86 'insertvalue' 'mrv_2' <Predicate = true> <Delay = 0.00>
ST_3 : Operation 87 [1/1] (0.00ns)   --->   "%mrv_3 = insertvalue i128 %mrv_2, i8 %s_box_load_3" [AES_AntonioMateo/DIseno/AES_accel.cpp:121]   --->   Operation 87 'insertvalue' 'mrv_3' <Predicate = true> <Delay = 0.00>
ST_3 : Operation 88 [1/1] (0.00ns)   --->   "%mrv_4 = insertvalue i128 %mrv_3, i8 %s_box_load_4" [AES_AntonioMateo/DIseno/AES_accel.cpp:121]   --->   Operation 88 'insertvalue' 'mrv_4' <Predicate = true> <Delay = 0.00>
ST_3 : Operation 89 [1/1] (0.00ns)   --->   "%mrv_5 = insertvalue i128 %mrv_4, i8 %s_box_load_5" [AES_AntonioMateo/DIseno/AES_accel.cpp:121]   --->   Operation 89 'insertvalue' 'mrv_5' <Predicate = true> <Delay = 0.00>
ST_3 : Operation 90 [1/1] (0.00ns)   --->   "%mrv_6 = insertvalue i128 %mrv_5, i8 %s_box_load_6" [AES_AntonioMateo/DIseno/AES_accel.cpp:121]   --->   Operation 90 'insertvalue' 'mrv_6' <Predicate = true> <Delay = 0.00>
ST_3 : Operation 91 [1/1] (0.00ns)   --->   "%mrv_7 = insertvalue i128 %mrv_6, i8 %s_box_load_7" [AES_AntonioMateo/DIseno/AES_accel.cpp:121]   --->   Operation 91 'insertvalue' 'mrv_7' <Predicate = true> <Delay = 0.00>
ST_3 : Operation 92 [1/1] (0.00ns)   --->   "%mrv_8 = insertvalue i128 %mrv_7, i8 %s_box_load_8" [AES_AntonioMateo/DIseno/AES_accel.cpp:121]   --->   Operation 92 'insertvalue' 'mrv_8' <Predicate = true> <Delay = 0.00>
ST_3 : Operation 93 [1/1] (0.00ns)   --->   "%mrv_9 = insertvalue i128 %mrv_8, i8 %s_box_load_9" [AES_AntonioMateo/DIseno/AES_accel.cpp:121]   --->   Operation 93 'insertvalue' 'mrv_9' <Predicate = true> <Delay = 0.00>
ST_3 : Operation 94 [1/1] (0.00ns)   --->   "%mrv_s = insertvalue i128 %mrv_9, i8 %s_box_load_10" [AES_AntonioMateo/DIseno/AES_accel.cpp:121]   --->   Operation 94 'insertvalue' 'mrv_s' <Predicate = true> <Delay = 0.00>
ST_3 : Operation 95 [1/1] (0.00ns)   --->   "%mrv_10 = insertvalue i128 %mrv_s, i8 %s_box_load_11" [AES_AntonioMateo/DIseno/AES_accel.cpp:121]   --->   Operation 95 'insertvalue' 'mrv_10' <Predicate = true> <Delay = 0.00>
ST_3 : Operation 96 [1/1] (0.00ns)   --->   "%mrv_11 = insertvalue i128 %mrv_10, i8 %s_box_load_12" [AES_AntonioMateo/DIseno/AES_accel.cpp:121]   --->   Operation 96 'insertvalue' 'mrv_11' <Predicate = true> <Delay = 0.00>
ST_3 : Operation 97 [1/1] (0.00ns)   --->   "%mrv_12 = insertvalue i128 %mrv_11, i8 %s_box_load_13" [AES_AntonioMateo/DIseno/AES_accel.cpp:121]   --->   Operation 97 'insertvalue' 'mrv_12' <Predicate = true> <Delay = 0.00>
ST_3 : Operation 98 [1/1] (0.00ns)   --->   "%mrv_13 = insertvalue i128 %mrv_12, i8 %s_box_load_14" [AES_AntonioMateo/DIseno/AES_accel.cpp:121]   --->   Operation 98 'insertvalue' 'mrv_13' <Predicate = true> <Delay = 0.00>
ST_3 : Operation 99 [1/1] (0.00ns)   --->   "%mrv_14 = insertvalue i128 %mrv_13, i8 %s_box_load_15" [AES_AntonioMateo/DIseno/AES_accel.cpp:121]   --->   Operation 99 'insertvalue' 'mrv_14' <Predicate = true> <Delay = 0.00>
ST_3 : Operation 100 [1/1] (0.00ns)   --->   "%ret_ln121 = ret i128 %mrv_14" [AES_AntonioMateo/DIseno/AES_accel.cpp:121]   --->   Operation 100 'ret' 'ret_ln121' <Predicate = true> <Delay = 0.00>


============================================================
+ Verbose Summary: Timing violations
============================================================
Target clock period: 10.000ns, clock uncertainty: 2.700ns.

 <State 1>: 1.352ns
The critical path consists of the following:
	wire read operation ('data_0_read_1', AES_AntonioMateo/DIseno/AES_accel.cpp:119) on port 'data_0_read' (AES_AntonioMateo/DIseno/AES_accel.cpp:119) [33]  (0.000 ns)
	'getelementptr' operation 8 bit ('s_box_addr', AES_AntonioMateo/DIseno/AES_accel.cpp:119) [35]  (0.000 ns)
	'load' operation 8 bit ('s_box_load', AES_AntonioMateo/DIseno/AES_accel.cpp:119) on array 's_box' [36]  (1.352 ns)

 <State 2>: 1.352ns
The critical path consists of the following:
	'load' operation 8 bit ('s_box_load', AES_AntonioMateo/DIseno/AES_accel.cpp:119) on array 's_box' [36]  (1.352 ns)

 <State 3>: 1.352ns
The critical path consists of the following:
	'load' operation 8 bit ('s_box_load_8', AES_AntonioMateo/DIseno/AES_accel.cpp:119) on array 's_box' [60]  (1.352 ns)


============================================================
+ Verbose Summary: Binding
============================================================
N/A
* FSMD analyzer results:
  - Output states:
 - Input state : 
  - Chain level:
	State 1
	State 2
	State 3


============================================================
+ Verbose Summary: Datapath Resource usage 
============================================================
N/A
