

================================================================
== Vitis HLS Report for 'AES_Encrypt_axi'
================================================================
* Date:           Sun Feb 23 16:10:29 2025

* Version:        2023.2 (Build 4023990 on Oct 11 2023)
* Project:        AES_AntonioMateo
* Solution:       solution1 (Vivado IP Flow Target)
* Product family: zynquplus
* Target device:  xczu3eg-sbva484-1-i


================================================================
== Performance Estimates
================================================================
+ Timing: 
    * Summary: 
    +--------+----------+----------+------------+
    |  Clock |  Target  | Estimated| Uncertainty|
    +--------+----------+----------+------------+
    |ap_clk  |  10.00 ns|  4.260 ns|     2.70 ns|
    +--------+----------+----------+------------+

+ Latency: 
    * Summary: 
    +---------+---------+----------+----------+-----+-----+---------+
    |  Latency (cycles) |  Latency (absolute) |  Interval | Pipeline|
    |   min   |   max   |    min   |    max   | min | max |   Type  |
    +---------+---------+----------+----------+-----+-----+---------+
    |       53|       53|  0.530 us|  0.530 us|   43|   43|      yes|
    +---------+---------+----------+----------+-----+-----+---------+

    + Detail: 
        * Instance: 
        +-------------------------+--------------+---------+---------+-----------+-----------+-----+-----+---------+
        |                         |              |  Latency (cycles) |   Latency (absolute)  |  Interval | Pipeline|
        |         Instance        |    Module    |   min   |   max   |    min    |    max    | min | max |   Type  |
        +-------------------------+--------------+---------+---------+-----------+-----------+-----+-----+---------+
        |grp_KeyExpansion_fu_206  |KeyExpansion  |       10|       10|   0.100 us|   0.100 us|   11|   11|      yes|
        |grp_AddRoundKey_fu_236   |AddRoundKey   |        1|        1|  10.000 ns|  10.000 ns|    1|    1|      yes|
        |grp_SubBytes_fu_276      |SubBytes      |        2|        2|  20.000 ns|  20.000 ns|    2|    2|      yes|
        |grp_ShiftRows_fu_298     |ShiftRows     |        0|        0|       0 ns|       0 ns|    1|    1|      yes|
        |grp_MixColumns_fu_314    |MixColumns    |        0|        0|       0 ns|       0 ns|    1|    1|      yes|
        +-------------------------+--------------+---------+---------+-----------+-----------+-----+-----+---------+

        * Loop: 
        N/A



================================================================
== Utilization Estimates
================================================================
* Summary: 
+-----------------+---------+-----+--------+-------+-----+
|       Name      | BRAM_18K| DSP |   FF   |  LUT  | URAM|
+-----------------+---------+-----+--------+-------+-----+
|DSP              |        -|    -|       -|      -|    -|
|Expression       |        -|    -|       0|     64|    -|
|FIFO             |        -|    -|       -|      -|    -|
|Instance         |        0|    -|    1141|   4687|    0|
|Memory           |        4|    -|     128|     24|    0|
|Multiplexer      |        -|    -|       -|   1403|    -|
|Register         |        -|    -|     368|      -|    -|
+-----------------+---------+-----+--------+-------+-----+
|Total            |        4|    0|    1637|   6178|    0|
+-----------------+---------+-----+--------+-------+-----+
|Available        |      432|  360|  141120|  70560|    0|
+-----------------+---------+-----+--------+-------+-----+
|Utilization (%)  |       ~0|    0|       1|      8|    0|
+-----------------+---------+-----+--------+-------+-----+

+ Detail: 
    * Instance: 
    +-------------------------+-------------------+---------+----+-----+------+-----+
    |         Instance        |       Module      | BRAM_18K| DSP|  FF |  LUT | URAM|
    +-------------------------+-------------------+---------+----+-----+------+-----+
    |grp_AddRoundKey_fu_236   |AddRoundKey        |        0|   0|  130|   135|    0|
    |CONTROL_BUS_s_axi_U      |CONTROL_BUS_s_axi  |        0|   0|   36|    40|    0|
    |grp_KeyExpansion_fu_206  |KeyExpansion       |        0|   0|  843|  3742|    0|
    |grp_MixColumns_fu_314    |MixColumns         |        0|   0|    0|   624|    0|
    |grp_ShiftRows_fu_298     |ShiftRows          |        0|   0|    0|     0|    0|
    |grp_SubBytes_fu_276      |SubBytes           |        0|   0|  132|   146|    0|
    +-------------------------+-------------------+---------+----+-----+------+-----+
    |Total                    |                   |        0|   0| 1141|  4687|    0|
    +-------------------------+-------------------+---------+----+-----+------+-----+

    * DSP: 
    N/A

    * Memory: 
    +---------+-------------------+---------+----+----+-----+------+-----+------+-------------+
    |  Memory |       Module      | BRAM_18K| FF | LUT| URAM| Words| Bits| Banks| W*Bits*Banks|
    +---------+-------------------+---------+----+----+-----+------+-----+------+-------------+
    |ctx_U    |ctx_RAM_AUTO_1R1W  |        0|  16|   3|    0|    22|    8|     1|          176|
    |ctx_1_U  |ctx_RAM_AUTO_1R1W  |        0|  16|   3|    0|    22|    8|     1|          176|
    |ctx_2_U  |ctx_RAM_AUTO_1R1W  |        0|  16|   3|    0|    22|    8|     1|          176|
    |ctx_3_U  |ctx_RAM_AUTO_1R1W  |        0|  16|   3|    0|    22|    8|     1|          176|
    |ctx_4_U  |ctx_RAM_AUTO_1R1W  |        0|  16|   3|    0|    22|    8|     1|          176|
    |ctx_5_U  |ctx_RAM_AUTO_1R1W  |        0|  16|   3|    0|    22|    8|     1|          176|
    |ctx_6_U  |ctx_RAM_AUTO_1R1W  |        0|  16|   3|    0|    22|    8|     1|          176|
    |ctx_7_U  |ctx_RAM_AUTO_1R1W  |        0|  16|   3|    0|    22|    8|     1|          176|
    |s_box_U  |s_box_ROM_AUTO_1R  |        4|   0|   0|    0|   256|    8|     1|         2048|
    +---------+-------------------+---------+----+----+-----+------+-----+------+-------------+
    |Total    |                   |        4| 128|  24|    0|   432|   72|     9|         3456|
    +---------+-------------------+---------+----+----+-----+------+-----+------+-------------+

    * FIFO: 
    N/A

    * Expression: 
    +--------------------------------------------+----------+----+---+----+------------+------------+
    |                Variable Name               | Operation| DSP| FF| LUT| Bitwidth P0| Bitwidth P1|
    +--------------------------------------------+----------+----+---+----+------------+------------+
    |ap_block_pp0_stage0_11001                   |       and|   0|  0|   2|           1|           1|
    |ap_block_pp0_stage0_11001_ignoreCallOp659   |       and|   0|  0|   2|           1|           1|
    |ap_block_pp0_stage0_11001_ignoreCallOp676   |       and|   0|  0|   2|           1|           1|
    |ap_block_pp0_stage10_11001                  |       and|   0|  0|   2|           1|           1|
    |ap_block_pp0_stage10_11001_ignoreCallOp114  |       and|   0|  0|   2|           1|           1|
    |ap_block_pp0_stage1_11001                   |       and|   0|  0|   2|           1|           1|
    |ap_block_pp0_stage1_11001_ignoreCallOp677   |       and|   0|  0|   2|           1|           1|
    |ap_block_pp0_stage2_11001                   |       and|   0|  0|   2|           1|           1|
    |ap_block_pp0_stage2_11001_ignoreCallOp678   |       and|   0|  0|   2|           1|           1|
    |ap_block_pp0_stage2_11001_ignoreCallOp725   |       and|   0|  0|   2|           1|           1|
    |ap_block_pp0_stage3_11001                   |       and|   0|  0|   2|           1|           1|
    |ap_block_pp0_stage3_11001_ignoreCallOp726   |       and|   0|  0|   2|           1|           1|
    |ap_block_pp0_stage3_11001_ignoreCallOp743   |       and|   0|  0|   2|           1|           1|
    |ap_block_pp0_stage4_11001                   |       and|   0|  0|   2|           1|           1|
    |ap_block_pp0_stage4_11001_ignoreCallOp744   |       and|   0|  0|   2|           1|           1|
    |ap_block_pp0_stage5_11001                   |       and|   0|  0|   2|           1|           1|
    |ap_block_pp0_stage5_11001_ignoreCallOp745   |       and|   0|  0|   2|           1|           1|
    |ap_block_pp0_stage5_11001_ignoreCallOp775   |       and|   0|  0|   2|           1|           1|
    |ap_block_pp0_stage8_01001                   |       and|   0|  0|   2|           1|           1|
    |ap_block_pp0_stage8_11001                   |       and|   0|  0|   2|           1|           1|
    |ap_block_pp0_stage8_11001_ignoreCallOp112   |       and|   0|  0|   2|           1|           1|
    |ap_block_pp0_stage9_01001                   |       and|   0|  0|   2|           1|           1|
    |ap_block_pp0_stage9_11001                   |       and|   0|  0|   2|           1|           1|
    |ap_block_pp0_stage9_11001_ignoreCallOp113   |       and|   0|  0|   2|           1|           1|
    |ap_block_pp0_stage6_01001                   |        or|   0|  0|   2|           1|           1|
    |ap_block_pp0_stage6_11001                   |        or|   0|  0|   2|           1|           1|
    |ap_block_pp0_stage6_11001_ignoreCallOp776   |        or|   0|  0|   2|           1|           1|
    |ap_block_pp0_stage7_01001                   |        or|   0|  0|   2|           1|           1|
    |ap_block_pp0_stage7_11001                   |        or|   0|  0|   2|           1|           1|
    |ap_block_pp0_stage7_11001_ignoreCallOp111   |        or|   0|  0|   2|           1|           1|
    |ap_block_state54_pp0_stage10_iter1          |        or|   0|  0|   2|           1|           1|
    |ap_enable_pp0                               |       xor|   0|  0|   2|           1|           2|
    +--------------------------------------------+----------+----+---+----+------------+------------+
    |Total                                       |          |   0|  0|  64|          32|          33|
    +--------------------------------------------+----------+----+---+----+------------+------------+

    * Multiplexer: 
    +------------------------------------------+-----+-----------+-----+-----------+
    |                   Name                   | LUT | Input Size| Bits| Total Bits|
    +------------------------------------------+-----+-----------+-----+-----------+
    |INPUT_STREAM_TDATA_blk_n                  |    9|          2|    1|          2|
    |OUTPUT_STREAM_TDATA_blk_n                 |    9|          2|    1|          2|
    |OUTPUT_STREAM_TDATA_int_regslice          |   26|          5|   32|        160|
    |OUTPUT_STREAM_TLAST_int_regslice          |   14|          3|    1|          3|
    |ap_NS_fsm                                 |  202|         44|    1|         44|
    |ap_enable_reg_pp0_iter0                   |    9|          2|    1|          2|
    |ap_enable_reg_pp0_iter1                   |    9|          2|    1|          2|
    |ctx_1_address0                            |   14|          3|    5|         15|
    |ctx_1_address1                            |   14|          3|    5|         15|
    |ctx_1_ce0                                 |   14|          3|    1|          3|
    |ctx_1_ce1                                 |   14|          3|    1|          3|
    |ctx_1_we0                                 |    9|          2|    1|          2|
    |ctx_1_we1                                 |    9|          2|    1|          2|
    |ctx_2_address0                            |   14|          3|    5|         15|
    |ctx_2_address1                            |   14|          3|    5|         15|
    |ctx_2_ce0                                 |   14|          3|    1|          3|
    |ctx_2_ce1                                 |   14|          3|    1|          3|
    |ctx_2_we0                                 |    9|          2|    1|          2|
    |ctx_2_we1                                 |    9|          2|    1|          2|
    |ctx_3_address0                            |   14|          3|    5|         15|
    |ctx_3_address1                            |   14|          3|    5|         15|
    |ctx_3_ce0                                 |   14|          3|    1|          3|
    |ctx_3_ce1                                 |   14|          3|    1|          3|
    |ctx_3_we0                                 |    9|          2|    1|          2|
    |ctx_3_we1                                 |    9|          2|    1|          2|
    |ctx_4_address0                            |   14|          3|    5|         15|
    |ctx_4_address1                            |   14|          3|    5|         15|
    |ctx_4_ce0                                 |   14|          3|    1|          3|
    |ctx_4_ce1                                 |   14|          3|    1|          3|
    |ctx_4_we0                                 |    9|          2|    1|          2|
    |ctx_4_we1                                 |    9|          2|    1|          2|
    |ctx_5_address0                            |   14|          3|    5|         15|
    |ctx_5_address1                            |   14|          3|    5|         15|
    |ctx_5_ce0                                 |   14|          3|    1|          3|
    |ctx_5_ce1                                 |   14|          3|    1|          3|
    |ctx_5_we0                                 |    9|          2|    1|          2|
    |ctx_5_we1                                 |    9|          2|    1|          2|
    |ctx_6_address0                            |   14|          3|    5|         15|
    |ctx_6_address1                            |   14|          3|    5|         15|
    |ctx_6_ce0                                 |   14|          3|    1|          3|
    |ctx_6_ce1                                 |   14|          3|    1|          3|
    |ctx_6_we0                                 |    9|          2|    1|          2|
    |ctx_6_we1                                 |    9|          2|    1|          2|
    |ctx_7_address0                            |   14|          3|    5|         15|
    |ctx_7_address1                            |   14|          3|    5|         15|
    |ctx_7_ce0                                 |   14|          3|    1|          3|
    |ctx_7_ce1                                 |   14|          3|    1|          3|
    |ctx_7_we0                                 |    9|          2|    1|          2|
    |ctx_7_we1                                 |    9|          2|    1|          2|
    |ctx_address0                              |   14|          3|    5|         15|
    |ctx_address1                              |   14|          3|    5|         15|
    |ctx_ce0                                   |   14|          3|    1|          3|
    |ctx_ce1                                   |   14|          3|    1|          3|
    |ctx_we0                                   |    9|          2|    1|          2|
    |ctx_we1                                   |    9|          2|    1|          2|
    |grp_AddRoundKey_fu_236_data_in_0_read     |   20|          4|    8|         32|
    |grp_AddRoundKey_fu_236_data_in_10_read    |   20|          4|    8|         32|
    |grp_AddRoundKey_fu_236_data_in_11_read    |   20|          4|    8|         32|
    |grp_AddRoundKey_fu_236_data_in_1213_read  |   20|          4|    8|         32|
    |grp_AddRoundKey_fu_236_data_in_13_read    |   20|          4|    8|         32|
    |grp_AddRoundKey_fu_236_data_in_14_read    |   20|          4|    8|         32|
    |grp_AddRoundKey_fu_236_data_in_15_read    |   20|          4|    8|         32|
    |grp_AddRoundKey_fu_236_data_in_1_read     |   20|          4|    8|         32|
    |grp_AddRoundKey_fu_236_data_in_2_read     |   20|          4|    8|         32|
    |grp_AddRoundKey_fu_236_data_in_3_read     |   20|          4|    8|         32|
    |grp_AddRoundKey_fu_236_data_in_4_read     |   20|          4|    8|         32|
    |grp_AddRoundKey_fu_236_data_in_5_read     |   20|          4|    8|         32|
    |grp_AddRoundKey_fu_236_data_in_6_read     |   20|          4|    8|         32|
    |grp_AddRoundKey_fu_236_data_in_7_read     |   20|          4|    8|         32|
    |grp_AddRoundKey_fu_236_data_in_8_read     |   20|          4|    8|         32|
    |grp_AddRoundKey_fu_236_data_in_9_read     |   20|          4|    8|         32|
    |grp_AddRoundKey_fu_236_round              |   65|         12|    4|         48|
    |s_box_address0                            |   14|          3|    8|         24|
    |s_box_address1                            |   14|          3|    8|         24|
    |s_box_address2                            |   14|          3|    8|         24|
    |s_box_address3                            |   14|          3|    8|         24|
    |s_box_ce0                                 |   14|          3|    1|          3|
    |s_box_ce1                                 |   14|          3|    1|          3|
    |s_box_ce2                                 |   14|          3|    1|          3|
    |s_box_ce3                                 |   14|          3|    1|          3|
    |s_box_ce4                                 |    9|          2|    1|          2|
    |s_box_ce5                                 |    9|          2|    1|          2|
    |s_box_ce6                                 |    9|          2|    1|          2|
    |s_box_ce7                                 |    9|          2|    1|          2|
    +------------------------------------------+-----+-----------+-----+-----------+
    |Total                                     | 1403|        296|  322|       1211|
    +------------------------------------------+-----+-----------+-----+-----------+

    * Register: 
    +--------------------------------------+----+----+-----+-----------+
    |                 Name                 | FF | LUT| Bits| Const Bits|
    +--------------------------------------+----+----+-----+-----------+
    |ap_CS_fsm                             |  43|   0|   43|          0|
    |ap_enable_reg_pp0_iter0_reg           |   1|   0|    1|          0|
    |ap_enable_reg_pp0_iter1               |   1|   0|    1|          0|
    |data_4_reg_948                        |   8|   0|    8|          0|
    |data_5_reg_953                        |   8|   0|    8|          0|
    |data_6_reg_958                        |   8|   0|    8|          0|
    |data_7_reg_963                        |   8|   0|    8|          0|
    |grp_AddRoundKey_fu_236_ap_start_reg   |   1|   0|    1|          0|
    |grp_KeyExpansion_fu_206_ap_start_reg  |   1|   0|    1|          0|
    |grp_SubBytes_fu_276_ap_start_reg      |   1|   0|    1|          0|
    |reg_687                               |   8|   0|    8|          0|
    |reg_692                               |   8|   0|    8|          0|
    |reg_697                               |   8|   0|    8|          0|
    |reg_702                               |   8|   0|    8|          0|
    |reg_707                               |   8|   0|    8|          0|
    |reg_712                               |   8|   0|    8|          0|
    |reg_717                               |   8|   0|    8|          0|
    |reg_722                               |   8|   0|    8|          0|
    |word_16_reg_808                       |   8|   0|    8|          0|
    |word_17_reg_813                       |   8|   0|    8|          0|
    |word_18_reg_818                       |   8|   0|    8|          0|
    |word_19_reg_823                       |   8|   0|    8|          0|
    |word_20_reg_828                       |   8|   0|    8|          0|
    |word_21_reg_833                       |   8|   0|    8|          0|
    |word_22_reg_838                       |   8|   0|    8|          0|
    |word_23_reg_843                       |   8|   0|    8|          0|
    |word_24_reg_848                       |   8|   0|    8|          0|
    |word_25_reg_853                       |   8|   0|    8|          0|
    |word_26_reg_858                       |   8|   0|    8|          0|
    |word_27_reg_863                       |   8|   0|    8|          0|
    |word_28_reg_868                       |   8|   0|    8|          0|
    |word_29_reg_873                       |   8|   0|    8|          0|
    |word_30_reg_878                       |   8|   0|    8|          0|
    |word_31_reg_883                       |   8|   0|    8|          0|
    |word_32_reg_888                       |   8|   0|    8|          0|
    |word_33_reg_893                       |   8|   0|    8|          0|
    |word_34_reg_898                       |   8|   0|    8|          0|
    |word_35_reg_903                       |   8|   0|    8|          0|
    |word_36_reg_908                       |   8|   0|    8|          0|
    |word_37_reg_913                       |   8|   0|    8|          0|
    |word_38_reg_918                       |   8|   0|    8|          0|
    |word_39_reg_923                       |   8|   0|    8|          0|
    |word_40_reg_928                       |   8|   0|    8|          0|
    |word_41_reg_933                       |   8|   0|    8|          0|
    |word_42_reg_938                       |   8|   0|    8|          0|
    |word_43_reg_943                       |   8|   0|    8|          0|
    +--------------------------------------+----+----+-----+-----------+
    |Total                                 | 368|   0|  368|          0|
    +--------------------------------------+----+----+-----+-----------+



================================================================
== Interface
================================================================
* Summary: 
+---------------------------+-----+-----+------------+------------------------+--------------+
|         RTL Ports         | Dir | Bits|  Protocol  |      Source Object     |    C Type    |
+---------------------------+-----+-----+------------+------------------------+--------------+
|s_axi_CONTROL_BUS_AWVALID  |   in|    1|       s_axi|             CONTROL_BUS|   return void|
|s_axi_CONTROL_BUS_AWREADY  |  out|    1|       s_axi|             CONTROL_BUS|   return void|
|s_axi_CONTROL_BUS_AWADDR   |   in|    4|       s_axi|             CONTROL_BUS|   return void|
|s_axi_CONTROL_BUS_WVALID   |   in|    1|       s_axi|             CONTROL_BUS|   return void|
|s_axi_CONTROL_BUS_WREADY   |  out|    1|       s_axi|             CONTROL_BUS|   return void|
|s_axi_CONTROL_BUS_WDATA    |   in|   32|       s_axi|             CONTROL_BUS|   return void|
|s_axi_CONTROL_BUS_WSTRB    |   in|    4|       s_axi|             CONTROL_BUS|   return void|
|s_axi_CONTROL_BUS_ARVALID  |   in|    1|       s_axi|             CONTROL_BUS|   return void|
|s_axi_CONTROL_BUS_ARREADY  |  out|    1|       s_axi|             CONTROL_BUS|   return void|
|s_axi_CONTROL_BUS_ARADDR   |   in|    4|       s_axi|             CONTROL_BUS|   return void|
|s_axi_CONTROL_BUS_RVALID   |  out|    1|       s_axi|             CONTROL_BUS|   return void|
|s_axi_CONTROL_BUS_RREADY   |   in|    1|       s_axi|             CONTROL_BUS|   return void|
|s_axi_CONTROL_BUS_RDATA    |  out|   32|       s_axi|             CONTROL_BUS|   return void|
|s_axi_CONTROL_BUS_RRESP    |  out|    2|       s_axi|             CONTROL_BUS|   return void|
|s_axi_CONTROL_BUS_BVALID   |  out|    1|       s_axi|             CONTROL_BUS|   return void|
|s_axi_CONTROL_BUS_BREADY   |   in|    1|       s_axi|             CONTROL_BUS|   return void|
|s_axi_CONTROL_BUS_BRESP    |  out|    2|       s_axi|             CONTROL_BUS|   return void|
|ap_clk                     |   in|    1|  ap_ctrl_hs|         AES_Encrypt_axi|  return value|
|ap_rst_n                   |   in|    1|  ap_ctrl_hs|         AES_Encrypt_axi|  return value|
|interrupt                  |  out|    1|  ap_ctrl_hs|         AES_Encrypt_axi|  return value|
|INPUT_STREAM_TDATA         |   in|   32|        axis|   INPUT_STREAM_V_data_V|       pointer|
|INPUT_STREAM_TVALID        |   in|    1|        axis|   INPUT_STREAM_V_dest_V|       pointer|
|INPUT_STREAM_TREADY        |  out|    1|        axis|   INPUT_STREAM_V_dest_V|       pointer|
|INPUT_STREAM_TDEST         |   in|    5|        axis|   INPUT_STREAM_V_dest_V|       pointer|
|INPUT_STREAM_TKEEP         |   in|    4|        axis|   INPUT_STREAM_V_keep_V|       pointer|
|INPUT_STREAM_TSTRB         |   in|    4|        axis|   INPUT_STREAM_V_strb_V|       pointer|
|INPUT_STREAM_TUSER         |   in|    4|        axis|   INPUT_STREAM_V_user_V|       pointer|
|INPUT_STREAM_TLAST         |   in|    1|        axis|   INPUT_STREAM_V_last_V|       pointer|
|INPUT_STREAM_TID           |   in|    5|        axis|     INPUT_STREAM_V_id_V|       pointer|
|OUTPUT_STREAM_TDATA        |  out|   32|        axis|  OUTPUT_STREAM_V_data_V|       pointer|
|OUTPUT_STREAM_TVALID       |  out|    1|        axis|  OUTPUT_STREAM_V_dest_V|       pointer|
|OUTPUT_STREAM_TREADY       |   in|    1|        axis|  OUTPUT_STREAM_V_dest_V|       pointer|
|OUTPUT_STREAM_TDEST        |  out|    5|        axis|  OUTPUT_STREAM_V_dest_V|       pointer|
|OUTPUT_STREAM_TKEEP        |  out|    4|        axis|  OUTPUT_STREAM_V_keep_V|       pointer|
|OUTPUT_STREAM_TSTRB        |  out|    4|        axis|  OUTPUT_STREAM_V_strb_V|       pointer|
|OUTPUT_STREAM_TUSER        |  out|    4|        axis|  OUTPUT_STREAM_V_user_V|       pointer|
|OUTPUT_STREAM_TLAST        |  out|    1|        axis|  OUTPUT_STREAM_V_last_V|       pointer|
|OUTPUT_STREAM_TID          |  out|    5|        axis|    OUTPUT_STREAM_V_id_V|       pointer|
+---------------------------+-----+-----+------------+------------------------+--------------+

