

================================================================
== Vitis HLS Report for 'SubBytes'
================================================================
* Date:           Sun Feb 23 16:10:28 2025

* Version:        2023.2 (Build 4023990 on Oct 11 2023)
* Project:        AES_AntonioMateo
* Solution:       solution1 (Vivado IP Flow Target)
* Product family: zynquplus
* Target device:  xczu3eg-sbva484-1-i


================================================================
== Performance Estimates
================================================================
+ Timing: 
    * Summary: 
    +--------+----------+----------+------------+
    |  Clock |  Target  | Estimated| Uncertainty|
    +--------+----------+----------+------------+
    |ap_clk  |  10.00 ns|  1.352 ns|     2.70 ns|
    +--------+----------+----------+------------+

+ Latency: 
    * Summary: 
    +---------+---------+-----------+-----------+-----+-----+---------+
    |  Latency (cycles) |   Latency (absolute)  |  Interval | Pipeline|
    |   min   |   max   |    min    |    max    | min | max |   Type  |
    +---------+---------+-----------+-----------+-----+-----+---------+
    |        2|        2|  20.000 ns|  20.000 ns|    2|    2|      yes|
    +---------+---------+-----------+-----------+-----+-----+---------+

    + Detail: 
        * Instance: 
        N/A

        * Loop: 
        N/A



================================================================
== Utilization Estimates
================================================================
* Summary: 
+-----------------+---------+-----+--------+-------+-----+
|       Name      | BRAM_18K| DSP |   FF   |  LUT  | URAM|
+-----------------+---------+-----+--------+-------+-----+
|DSP              |        -|    -|       -|      -|    -|
|Expression       |        -|    -|       0|      2|    -|
|FIFO             |        -|    -|       -|      -|    -|
|Instance         |        -|    -|       -|      -|    -|
|Memory           |        -|    -|       -|      -|    -|
|Multiplexer      |        -|    -|       -|    144|    -|
|Register         |        -|    -|     132|      -|    -|
+-----------------+---------+-----+--------+-------+-----+
|Total            |        0|    0|     132|    146|    0|
+-----------------+---------+-----+--------+-------+-----+
|Available        |      432|  360|  141120|  70560|    0|
+-----------------+---------+-----+--------+-------+-----+
|Utilization (%)  |        0|    0|      ~0|     ~0|    0|
+-----------------+---------+-----+--------+-------+-----+

+ Detail: 
    * Instance: 
    N/A

    * DSP: 
    N/A

    * Memory: 
    N/A

    * FIFO: 
    N/A

    * Expression: 
    +---------------+----------+----+---+----+------------+------------+
    | Variable Name | Operation| DSP| FF| LUT| Bitwidth P0| Bitwidth P1|
    +---------------+----------+----+---+----+------------+------------+
    |ap_enable_pp0  |       xor|   0|  0|   2|           1|           2|
    +---------------+----------+----+---+----+------------+------------+
    |Total          |          |   0|  0|   2|           1|           2|
    +---------------+----------+----+---+----+------------+------------+

    * Multiplexer: 
    +-------------------------+----+-----------+-----+-----------+
    |           Name          | LUT| Input Size| Bits| Total Bits|
    +-------------------------+----+-----------+-----+-----------+
    |ap_NS_fsm                |  14|          3|    1|          3|
    |ap_enable_reg_pp0_iter0  |   9|          2|    1|          2|
    |ap_enable_reg_pp0_iter1  |   9|          2|    1|          2|
    |s_box_address0           |  14|          3|    8|         24|
    |s_box_address1           |  14|          3|    8|         24|
    |s_box_address2           |  14|          3|    8|         24|
    |s_box_address3           |  14|          3|    8|         24|
    |s_box_address4           |  14|          3|    8|         24|
    |s_box_address5           |  14|          3|    8|         24|
    |s_box_address6           |  14|          3|    8|         24|
    |s_box_address7           |  14|          3|    8|         24|
    +-------------------------+----+-----------+-----+-----------+
    |Total                    | 144|         31|   67|        199|
    +-------------------------+----+-----------+-----+-----------+

    * Register: 
    +-----------------------------+---+----+-----+-----------+
    |             Name            | FF| LUT| Bits| Const Bits|
    +-----------------------------+---+----+-----+-----------+
    |ap_CS_fsm                    |  2|   0|    2|          0|
    |ap_enable_reg_pp0_iter0_reg  |  1|   0|    1|          0|
    |ap_enable_reg_pp0_iter1      |  1|   0|    1|          0|
    |ap_port_reg_data_10_read     |  8|   0|    8|          0|
    |ap_port_reg_data_11_read     |  8|   0|    8|          0|
    |ap_port_reg_data_1213_read   |  8|   0|    8|          0|
    |ap_port_reg_data_13_read     |  8|   0|    8|          0|
    |ap_port_reg_data_14_read     |  8|   0|    8|          0|
    |ap_port_reg_data_15_read     |  8|   0|    8|          0|
    |ap_port_reg_data_8_read      |  8|   0|    8|          0|
    |ap_port_reg_data_9_read      |  8|   0|    8|          0|
    |s_box_load_1_reg_510         |  8|   0|    8|          0|
    |s_box_load_2_reg_515         |  8|   0|    8|          0|
    |s_box_load_3_reg_520         |  8|   0|    8|          0|
    |s_box_load_4_reg_525         |  8|   0|    8|          0|
    |s_box_load_5_reg_530         |  8|   0|    8|          0|
    |s_box_load_6_reg_535         |  8|   0|    8|          0|
    |s_box_load_7_reg_540         |  8|   0|    8|          0|
    |s_box_load_reg_505           |  8|   0|    8|          0|
    +-----------------------------+---+----+-----+-----------+
    |Total                        |132|   0|  132|          0|
    +-----------------------------+---+----+-----+-----------+



================================================================
== Interface
================================================================
* Summary: 
+----------------+-----+-----+------------+----------------+--------------+
|    RTL Ports   | Dir | Bits|  Protocol  |  Source Object |    C Type    |
+----------------+-----+-----+------------+----------------+--------------+
|ap_clk          |   in|    1|  ap_ctrl_hs|        SubBytes|  return value|
|ap_rst          |   in|    1|  ap_ctrl_hs|        SubBytes|  return value|
|ap_start        |   in|    1|  ap_ctrl_hs|        SubBytes|  return value|
|ap_done         |  out|    1|  ap_ctrl_hs|        SubBytes|  return value|
|ap_idle         |  out|    1|  ap_ctrl_hs|        SubBytes|  return value|
|ap_ready        |  out|    1|  ap_ctrl_hs|        SubBytes|  return value|
|ap_ce           |   in|    1|  ap_ctrl_hs|        SubBytes|  return value|
|ap_return_0     |  out|    8|  ap_ctrl_hs|        SubBytes|  return value|
|ap_return_1     |  out|    8|  ap_ctrl_hs|        SubBytes|  return value|
|ap_return_2     |  out|    8|  ap_ctrl_hs|        SubBytes|  return value|
|ap_return_3     |  out|    8|  ap_ctrl_hs|        SubBytes|  return value|
|ap_return_4     |  out|    8|  ap_ctrl_hs|        SubBytes|  return value|
|ap_return_5     |  out|    8|  ap_ctrl_hs|        SubBytes|  return value|
|ap_return_6     |  out|    8|  ap_ctrl_hs|        SubBytes|  return value|
|ap_return_7     |  out|    8|  ap_ctrl_hs|        SubBytes|  return value|
|ap_return_8     |  out|    8|  ap_ctrl_hs|        SubBytes|  return value|
|ap_return_9     |  out|    8|  ap_ctrl_hs|        SubBytes|  return value|
|ap_return_10    |  out|    8|  ap_ctrl_hs|        SubBytes|  return value|
|ap_return_11    |  out|    8|  ap_ctrl_hs|        SubBytes|  return value|
|ap_return_12    |  out|    8|  ap_ctrl_hs|        SubBytes|  return value|
|ap_return_13    |  out|    8|  ap_ctrl_hs|        SubBytes|  return value|
|ap_return_14    |  out|    8|  ap_ctrl_hs|        SubBytes|  return value|
|ap_return_15    |  out|    8|  ap_ctrl_hs|        SubBytes|  return value|
|data_0_read     |   in|    8|     ap_none|     data_0_read|        scalar|
|data_1_read     |   in|    8|     ap_none|     data_1_read|        scalar|
|data_2_read     |   in|    8|     ap_none|     data_2_read|        scalar|
|data_3_read     |   in|    8|     ap_none|     data_3_read|        scalar|
|data_4_read     |   in|    8|     ap_none|     data_4_read|        scalar|
|data_5_read     |   in|    8|     ap_none|     data_5_read|        scalar|
|data_6_read     |   in|    8|     ap_none|     data_6_read|        scalar|
|data_7_read     |   in|    8|     ap_none|     data_7_read|        scalar|
|data_8_read     |   in|    8|     ap_none|     data_8_read|        scalar|
|data_9_read     |   in|    8|     ap_none|     data_9_read|        scalar|
|data_10_read    |   in|    8|     ap_none|    data_10_read|        scalar|
|data_11_read    |   in|    8|     ap_none|    data_11_read|        scalar|
|data_1213_read  |   in|    8|     ap_none|  data_1213_read|        scalar|
|data_13_read    |   in|    8|     ap_none|    data_13_read|        scalar|
|data_14_read    |   in|    8|     ap_none|    data_14_read|        scalar|
|data_15_read    |   in|    8|     ap_none|    data_15_read|        scalar|
|s_box_address0  |  out|    8|   ap_memory|           s_box|         array|
|s_box_ce0       |  out|    1|   ap_memory|           s_box|         array|
|s_box_q0        |   in|    8|   ap_memory|           s_box|         array|
|s_box_address1  |  out|    8|   ap_memory|           s_box|         array|
|s_box_ce1       |  out|    1|   ap_memory|           s_box|         array|
|s_box_q1        |   in|    8|   ap_memory|           s_box|         array|
|s_box_address2  |  out|    8|   ap_memory|           s_box|         array|
|s_box_ce2       |  out|    1|   ap_memory|           s_box|         array|
|s_box_q2        |   in|    8|   ap_memory|           s_box|         array|
|s_box_address3  |  out|    8|   ap_memory|           s_box|         array|
|s_box_ce3       |  out|    1|   ap_memory|           s_box|         array|
|s_box_q3        |   in|    8|   ap_memory|           s_box|         array|
|s_box_address4  |  out|    8|   ap_memory|           s_box|         array|
|s_box_ce4       |  out|    1|   ap_memory|           s_box|         array|
|s_box_q4        |   in|    8|   ap_memory|           s_box|         array|
|s_box_address5  |  out|    8|   ap_memory|           s_box|         array|
|s_box_ce5       |  out|    1|   ap_memory|           s_box|         array|
|s_box_q5        |   in|    8|   ap_memory|           s_box|         array|
|s_box_address6  |  out|    8|   ap_memory|           s_box|         array|
|s_box_ce6       |  out|    1|   ap_memory|           s_box|         array|
|s_box_q6        |   in|    8|   ap_memory|           s_box|         array|
|s_box_address7  |  out|    8|   ap_memory|           s_box|         array|
|s_box_ce7       |  out|    1|   ap_memory|           s_box|         array|
|s_box_q7        |   in|    8|   ap_memory|           s_box|         array|
+----------------+-----+-----+------------+----------------+--------------+

